{
    "Cтатус": 200,
    "Первый url": "http://www.1c.ru/rus/partners/training/default.jsp",
    "Конечный url": "http://1c.ru/rus/partners/training/default.jsp",
    "Title": "Курсы и экзамены «1С»",
    "File": "data37",
    "Уровень": "1. разделы"
}{
    "Cтатус": 200,
    "Первый url": "https://its.1c.ru/video?movie=nds_verification",
    "Конечный url": "http://its.1c.ru/video/nds_verification",
    "Title": "Сверка данных учета НДС",
    "File": "data38",
    "Уровень": "1. разделы"
}{
    "Cтатус": 200,
    "Первый url": "https://its.1c.ru/video?movie=listsearch",
    "Конечный url": "http://its.1c.ru/video/listsearch",
    "Title": "Простые способы поиска в списках",
    "File": "data40",
    "Уровень": "1. разделы"
}{
    "Cтатус": 200,
    "Первый url": "http://www.1c.ru/rus/partners/training/default.jsp",
    "Конечный url": "http://1c.ru/rus/partners/training/default.jsp",
    "Title": "Курсы и экзамены «1С»",
    "File": "data95",
    "Уровень": "1. разделы"
}{
    "Cтатус": 200,
    "Первый url": "https://its.1c.ru/docs/repdate",
    "Конечный url": "http://its.1c.ru/docs/repdate/",
    "Title": "Сроки сдачи отчетности и уплаты налогов (взносов)",
    "File": "data114",
    "Уровень": "1. разделы"
}{
    "Cтатус": 200,
    "Первый url": "https://its.1c.ru/docs/1c-report/v77",
    "Конечный url": "http://its.1c.ru/docs/1c-report/v77/",
    "Title": "Подключение сервиса \"1С-Отчетность\" для программ системы \"1С:Предприятие&nbsp;7.7\"",
    "File": "data124",
    "Уровень": "1. разделы"
}{
    "Cтатус": 200,
    "Первый url": "https://its.1c.ru/video?movie=ownconfig",
    "Конечный url": "http://its.1c.ru/video/ownconfig",
    "Title": "Что взять за основу для собственной конфигурации",
    "File": "data408",
    "Уровень": "1. разделы"
}{
    "Cтатус": 200,
    "Первый url": "https://its.1c.ru/video?movie=simpleconfig",
    "Конечный url": "http://its.1c.ru/video/simpleconfig",
    "Title": "Как разработать простое прикладное решение",
    "File": "data409",
    "Уровень": "1. разделы"
}