{
    "Cтатус": 200,
    "Первый url": "http://v8.1c.ru/lawmonitor/",
    "Конечный url": "http://v8.1c.ru/lawmonitor/lawchanges.jsp",
    "Title": "Отражение изменений законодательства в программах 1С",
    "File": "data1",
    "Уровень": "1. разделы"
}{
    "Cтатус": 200,
    "Первый url": "https://its.1c.ru/db/translate/?db=kkt&path=src%2F1%F1%20%EE%ED%EB%E0%E9%ED-%EA%EA%F2%2F0_%EE%ED%EB%E0%E9%ED-%EA%EA%F2.htm",
    "Конечный url": "https://its.1c.ru/db/kkt/content/62/hdoc/",
    "Title": "Организация работы с применением онлайн-касс в 1С",
    "File": "data6",
    "Уровень": "1. разделы"
}{
    "Cтатус": 200,
    "Первый url": "https://its.1c.ru/db/translate/?db=upgrade1c&path=src%2F%EF%EB%E0%F2%F4%EE%F0%EC%E0%208.3%2Fupdpltfrm.htm",
    "Конечный url": "https://its.1c.ru/db/upgrade1c/content/15/hdoc/",
    "Title": "Порядок обновления на новую версию \"1С:Предприятия 8.3\"",
    "File": "data27",
    "Уровень": "1. разделы"
}{
    "Cтатус": 200,
    "Первый url": "https://its.1c.ru/db/translate/?db=upgrade1c&path=src%2F1%F1-%E1%F3%F5%E3%E0%EB%F2%E5%F0%E8%FF%208%20%EF%F0%E5%E8%EC%F3%F9%E5%F1%F2%E2%E0%203.0%2Fi8105368.htm",
    "Конечный url": "https://its.1c.ru/db/upgrade1c/content/2/hdoc/",
    "Title": "Преимущества 1С:Бухгалтерии 8 редакции 3.0 в сравнении с редакцией 2.0",
    "File": "data28",
    "Уровень": "1. разделы"
}{
    "Cтатус": 200,
    "Первый url": "https://its.1c.ru/db/translate/?db=upgrade1c&path=src%2F1%F1-%E1%F3%F5%E3%E0%EB%F2%E5%F0%E8%FF%208%20%F1%202.0%20%ED%E0%203.0%2Fi8105037.htm",
    "Конечный url": "https://its.1c.ru/db/upgrade1c/content/4/hdoc/",
    "Title": "Руководство по переходу с редакции 2.0 на редакцию 3.0 1С:Бухгалтерии 8",
    "File": "data29",
    "Уровень": "1. разделы"
}{
    "Cтатус": 200,
    "Первый url": "https://its.1c.ru/db/translate/?db=upgrade1c&path=src%2F1%F1-%E1%F3%F5%E3%E0%EB%F2%E5%F0%E8%FF%208%20%E7%ED%E0%EA%EE%EC%F1%F2%E2%EE%20%F1%203.0%2Fintroduction2030.htm",
    "Конечный url": "https://its.1c.ru/db/upgrade1c/content/16/hdoc/",
    "Title": "Знакомство с 1С:Бухгалтерией 8 редакции 3.0 (для пользователей, перешедших с 2.0)",
    "File": "data30",
    "Уровень": "1. разделы"
}{
    "Cтатус": 200,
    "Первый url": "https://its.1c.ru/db/translate/?db=upgrade1c&path=src%2F1%F1-%E1%F3%F5%E3%E0%EB%F2%E5%F0%E8%FF%208%20%F1%201.6%20%ED%E0%202.0%2Fperehod_1.6_2.0.htm",
    "Конечный url": "https://its.1c.ru/db/upgrade1c/content/3/hdoc/",
    "Title": "Руководство по переходу с редакции 1.6 на редакцию 2.0 1С:Бухгалтерии 8",
    "File": "data31",
    "Уровень": "1. разделы"
}{
    "Cтатус": 200,
    "Первый url": "https://its.1c.ru/db/translate/?db=upgrade1c&path=src%2F%ED%E0%201%F1-%E1%F3%F5%E3%E0%EB%F2%E5%F0%E8%FE%208%2Findex.htm",
    "Конечный url": "https://its.1c.ru/db/upgrade1c/content/5/hdoc/",
    "Title": "Руководство по переходу на 1С:Бухгалтерию 8",
    "File": "data32",
    "Уровень": "1. разделы"
}{
    "Cтатус": 200,
    "Первый url": "https://its.1c.ru/db/metod81/content/5501/1",
    "Конечный url": "https://its.1c.ru/db/metod81/content/5501/hdoc",
    "Title": "Перенос данных из редакции 2.5 в редакцию 3.0 1С:Зарплата и управление персоналом 8",
    "File": "data33",
    "Уровень": "1. разделы"
}{
    "Cтатус": 200,
    "Первый url": "https://its.1c.ru/db/metod81/content/6219/1",
    "Конечный url": "https://its.1c.ru/db/metod81/content/6219/hdoc",
    "Title": "Перенос данных из 1С:Зарплата и кадры 7.7 в редакцию 3.0 1С:Зарплата и управление персоналом 8",
    "File": "data34",
    "Уровень": "1. разделы"
}{
    "Cтатус": 200,
    "Первый url": "http://1c.ru/rus/partners/training/cso/course.jsp?id=157",
    "Конечный url": "https://1c.ru/cso-part/rus/partners/training/cso/course?id=157",
    "Title": "Как использовать ИТС (учебный курс)",
    "File": "data36",
    "Уровень": "1. разделы"
}{
    "Cтатус": 200,
    "Первый url": "https://its.1c.ru/db/translate/?db=answers1c&path=src%2Fnews.htm",
    "Конечный url": "https://its.1c.ru/db/answers1c/content/24/hdoc/",
    "Title": "Новые ответы",
    "File": "data41",
    "Уровень": "1. разделы"
}{
    "Cтатус": 200,
    "Первый url": "https://its.1c.ru/db/translate/?db=answers1c&path=src%2F%E1%EF30%2F%E1%EF30.htm",
    "Конечный url": "https://its.1c.ru/db/answers1c/content/2/hdoc/",
    "Title": "Ответы на вопросы по 1С:Бухгалтерии 8 (ред. 3.0)",
    "File": "data42",
    "Уровень": "1. разделы"
}{
    "Cтатус": 200,
    "Первый url": "https://its.1c.ru/db/translate/?db=answers1c&path=src%2F%E7%F3%EF30%2F%E7%F3%EF30.htm",
    "Конечный url": "https://its.1c.ru/db/answers1c/content/17/hdoc/",
    "Title": "Ответы на вопросы по 1С:ЗУП 8 (ред. 3)",
    "File": "data43",
    "Уровень": "1. разделы"
}{
    "Cтатус": 200,
    "Первый url": "https://its.1c.ru/db/translate/?db=answers1c&path=src%2F%EA%E020%2F%EA%E020.htm",
    "Конечный url": "https://its.1c.ru/db/answers1c/content/272/hdoc/",
    "Title": "Ответы на вопросы по 1С:КА 2.2 и 1С:ERP 2.2",
    "File": "data44",
    "Уровень": "1. разделы"
}{
    "Cтатус": 200,
    "Первый url": "https://its.1c.ru/db/translate/?db=accprib&path=src%2F0000000_%ED%EF_%EA%E0%F0%F2%E0_%F1%EF%F0%E0%E2%EE%F7%ED%E8%EA%E0.htm",
    "Конечный url": "https://its.1c.ru/db/accprib/content/738/hdoc/",
    "Title": "Учет по налогу на прибыль организаций",
    "File": "data46",
    "Уровень": "1. разделы"
}{
    "Cтатус": 200,
    "Первый url": "https://its.1c.ru/db/translate/?db=accnds&path=src%2F%ED%E4%F1%20%EA%E0%F0%F2%E0%20%F1%EF%F0%E0%E2%EE%F7%ED%E8%EA%E0.htm",
    "Конечный url": "https://its.1c.ru/db/accnds/content/2/hdoc/",
    "Title": "Учет по налогу на добавленную стоимость",
    "File": "data47",
    "Уровень": "1. разделы"
}{
    "Cтатус": 200,
    "Первый url": "https://its.1c.ru/db/translate/?db=accusn&path=src%2F%F3%F1%ED%20%EA%E0%F0%F2%E0%20%F1%EF%F0%E0%E2%EE%F7%ED%E8%EA%E0.htm",
    "Конечный url": "https://its.1c.ru/db/accusn/content/217/hdoc/",
    "Title": "Учет при применении УСН",
    "File": "data48",
    "Уровень": "1. разделы"
}{
    "Cтатус": 200,
    "Первый url": "https://its.1c.ru/db/translate/?db=accprib&path=src%2F%ED%EF%201%F1%20%EE%F0%E3%E0%ED%E8%E7%E0%F6%E8%FF%20%ED%E0%EB%EE%E3%EE%E2%EE%E3%EE%20%F3%F7%E5%F2%E0%20%F3%F7%E5%F2%ED%E0%FF%20%EF%EE%EB%E8%F2%E8%EA%E0.htm",
    "Конечный url": "https://its.1c.ru/db/accprib/content/1055/hdoc/",
    "Title": "Для целей учета налога на прибыль организаций",
    "File": "data49",
    "Уровень": "1. разделы"
}{
    "Cтатус": 200,
    "Первый url": "https://its.1c.ru/db/translate/?db=accnds&path=src%2F0202002_%EF_%F3%F7%E5%F2%ED%EF%EE%EB%E8%F2%E8%EA%E0%ED%E4%F1.htm",
    "Конечный url": "https://its.1c.ru/db/accnds/content/1052/hdoc/",
    "Title": "Для целей учета налога на добавленную стоимость",
    "File": "data50",
    "Уровень": "1. разделы"
}{
    "Cтатус": 200,
    "Первый url": "https://its.1c.ru/db/translate/?db=accusn&path=src%2F%F3%F1%ED%201%F1%20%EE%F0%E3%E0%ED%E8%E7%E0%F6%E8%FF%20%ED%E0%EB%EE%E3%EE%E2%EE%E3%EE%20%F3%F7%E5%F2%E0%20%EF%F0%E8%20%F3%F1%ED%20%F3%F7%E5%F2%ED%E0%FF%20%EF%EE%EB%E8%F2%E8%EA%E0.htm",
    "Конечный url": "https://its.1c.ru/db/accusn/content/334/hdoc/",
    "Title": "Для целей налогового учета при УСН",
    "File": "data51",
    "Уровень": "1. разделы"
}{
    "Cтатус": 200,
    "Первый url": "https://its.1c.ru/db/translate/?db=accdetails&path=src%2F10000_%EB%E8%E7%E8%ED%E3.htm",
    "Конечный url": "https://its.1c.ru/db/accdetails/content/3/hdoc/",
    "Title": "Лизинг",
    "File": "data56",
    "Уровень": "1. разделы"
}{
    "Cтатус": 200,
    "Первый url": "https://its.1c.ru/db/translate/?db=accdetails&path=src%2F30000_%FD%EA%F1%EF%EE%F0%F2.htm",
    "Конечный url": "https://its.1c.ru/db/accdetails/content/36/hdoc/",
    "Title": "Экспорт",
    "File": "data57",
    "Уровень": "1. разделы"
}{
    "Cтатус": 200,
    "Первый url": "https://its.1c.ru/db/translate/?db=accdetails&path=src%2F20000_%E8%EC%EF%EE%F0%F2.htm",
    "Конечный url": "https://its.1c.ru/db/accdetails/content/27/hdoc/",
    "Title": "Импорт",
    "File": "data58",
    "Уровень": "1. разделы"
}{
    "Cтатус": 200,
    "Первый url": "https://its.1c.ru/db/translate/?db=answers&path=src%2F%F1%F5%EE%2F%210%20%F3%F7%E5%F2.htm",
    "Конечный url": "https://its.1c.ru/db/answers/content/1064/hdoc/",
    "Title": "Ответы аудиторов на вопросы по бухгалтерскому и налоговому учету",
    "File": "data59",
    "Уровень": "1. разделы"
}{
    "Cтатус": 200,
    "Первый url": "https://its.1c.ru/db/translate/?db=staff1c&path=src%2F%EA%E0%F0%F2%E0%20%F1%EF%F0%E0%E2%EE%F7%ED%E8%EA%E0-prakt.htm",
    "Конечный url": "https://its.1c.ru/db/staff1c/content/33782/hdoc/",
    "Title": "Кадровый учет и расчеты с персоналом в программах «1С»",
    "File": "data68",
    "Уровень": "1. разделы"
}{
    "Cтатус": 200,
    "Первый url": "https://its.1c.ru/db/garant/content/12012604/1",
    "Конечный url": "https://its.1c.ru/db/garant/content/12012604/hdoc",
    "Title": "Бюджетный кодекс Российской Федерации",
    "File": "data74",
    "Уровень": "1. разделы"
}{
    "Cтатус": 200,
    "Первый url": "https://its.1c.ru/db/translate/?db=garant&path=src%2Fd03575%2Fi0715089.htm&anchor=100000",
    "Конечный url": "https://its.1c.ru/db/garant/content/70308460/hdoc/100000",
    "Title": "Приказ Минфина России от 01.07.2013 № 65н. Указания о порядке применения бюджетной классификации",
    "File": "data75",
    "Уровень": "1. разделы"
}{
    "Cтатус": 200,
    "Первый url": "https://its.1c.ru/db/garant/content/12080849/1",
    "Конечный url": "https://its.1c.ru/db/garant/content/12080849/hdoc",
    "Title": "Приказ Минфина России от 01.12.2010 № 157н. Единый план счетов для государственных учреждений",
    "File": "data76",
    "Уровень": "1. разделы"
}{
    "Cтатус": 200,
    "Первый url": "https://its.1c.ru/db/translate/?db=garant&path=src%2Fd02305%2Fi0461057.htm&anchor=2000",
    "Конечный url": "https://its.1c.ru/db/garant/content/12080897/hdoc/2000",
    "Title": "Приказ Минфина России от 06.12.2010 № 162н. Инструкция по применению Плана счетов бюджетного учета",
    "File": "data77",
    "Уровень": "1. разделы"
}{
    "Cтатус": 200,
    "Первый url": "https://its.1c.ru/db/translate/?db=garant&path=src%2Fd02312%2Fi0462431.htm&anchor=2000",
    "Конечный url": "https://its.1c.ru/db/garant/content/12081735/hdoc/2000",
    "Title": "Приказ Минфина России от 16.12.2010 № 174н. Инструкция по применению Плана счетов бухгалтерского учета бюджетных учреждений",
    "File": "data78",
    "Уровень": "1. разделы"
}{
    "Cтатус": 200,
    "Первый url": "https://its.1c.ru/db/translate/?db=garant&path=src%2Fd02312%2Fi0462430.htm&anchor=2000",
    "Конечный url": "https://its.1c.ru/db/garant/content/12081733/hdoc/2000",
    "Title": "Приказ Минфина России от 23.12.2010 № 183н. Инструкция по применению Плана счетов бухгалтерского учета автономных учреждений",
    "File": "data79",
    "Уровень": "1. разделы"
}{
    "Cтатус": 200,
    "Первый url": "https://its.1c.ru/db/garant/content/70851956/1",
    "Конечный url": "https://its.1c.ru/db/garant/content/70851956/hdoc",
    "Title": "Приказ Минфина России от 30.03.2015 г. N 52н \"Об утверждении форм первичных учетных документов и регистров бухгалтерского учета, применяемых органами государственной власти (государственными органами), органами местного самоуправления, органами управления государственными внебюджетными фондами, государственными (муниципальными) учреждениями, и Методических указаний по их применению\"",
    "File": "data80",
    "Уровень": "1. разделы"
}{
    "Cтатус": 200,
    "Первый url": "https://its.1c.ru/db/garant/content/12081732/1/1000",
    "Конечный url": "https://its.1c.ru/db/garant/content/12081732/hdoc/1000",
    "Title": "Приказ Минфина России от 28.12.2010 № 191н. Инструкция о порядке составления и представления годовой, квартальной и месячной отчетности об исполнении бюджетов бюджетной системы Российской Федерации",
    "File": "data81",
    "Уровень": "1. разделы"
}{
    "Cтатус": 200,
    "Первый url": "https://its.1c.ru/db/garant/content/12084447/1/1000",
    "Конечный url": "https://its.1c.ru/db/garant/content/12084447/hdoc/1000",
    "Title": "Приказ Минфина России от 25.03.2011 N 33н. Инструкция о порядке составления, представления годовой, квартальной бухгалтерской отчетности государственных (муниципальных) бюджетных и автономных учреждений",
    "File": "data82",
    "Уровень": "1. разделы"
}{
    "Cтатус": 200,
    "Первый url": "https://its.1c.ru/db/garant/content/71486636/1/1000",
    "Конечный url": "https://its.1c.ru/db/garant/content/71486636/hdoc/1000",
    "Title": "Приказ Минфина России от 31.12.2016 № 256н. \"Концептуальные основы бухгалтерского учета и отчетности организаций государственного сектора\"",
    "File": "data83",
    "Уровень": "1. разделы"
}{
    "Cтатус": 200,
    "Первый url": "https://its.1c.ru/db/garant/content/71489050/1/1000",
    "Конечный url": "https://its.1c.ru/db/garant/content/71489050/hdoc/1000",
    "Title": "Приказ Минфина России от 31.12.2016 № 257н. \"Основные средства\"",
    "File": "data84",
    "Уровень": "1. разделы"
}{
    "Cтатус": 200,
    "Первый url": "https://its.1c.ru/db/garant/content/71488992/1/1000",
    "Конечный url": "https://its.1c.ru/db/garant/content/71488992/hdoc/1000",
    "Title": "Приказ Минфина России от 31.12.2016 № 258н. \"Аренда\"",
    "File": "data85",
    "Уровень": "1. разделы"
}{
    "Cтатус": 200,
    "Первый url": "https://its.1c.ru/db/garant/content/71486638/1/1000",
    "Конечный url": "https://its.1c.ru/db/garant/content/71486638/hdoc/1000",
    "Title": "Приказ Минфина России от 31.12.2016 № 259н. \"Обесценение активов\"",
    "File": "data86",
    "Уровень": "1. разделы"
}{
    "Cтатус": 200,
    "Первый url": "https://its.1c.ru/db/garant/content/71488960/1/1000",
    "Конечный url": "https://its.1c.ru/db/garant/content/71488960/hdoc/1000",
    "Title": "Приказ Минфина России от 31.12.2016 № 260н. \"Представление бухгалтерской (финансовой) отчетности\"",
    "File": "data87",
    "Уровень": "1. разделы"
}{
    "Cтатус": 200,
    "Первый url": "http://1c.ru/rus/partners/training/cso/course.jsp?id=157",
    "Конечный url": "https://1c.ru/cso-part/rus/partners/training/cso/course?id=157",
    "Title": "Как использовать ИТС (учебный курс)",
    "File": "data94",
    "Уровень": "1. разделы"
}{
    "Cтатус": 200,
    "Первый url": "https://its.1c.ru/db/calcip/content/2018/1",
    "Конечный url": "https://its.1c.ru/db/calcip/content/2018/hdoc",
    "Title": "Расчет страховых взносов для ИП за 2018 год",
    "File": "data112",
    "Уровень": "1. разделы"
}{
    "Cтатус": 200,
    "Первый url": "https://its.1c.ru/db/calcip/content/2017/1",
    "Конечный url": "https://its.1c.ru/db/calcip/content/2017/hdoc",
    "Title": "Расчет страховых взносов для ИП за 2017 год",
    "File": "data113",
    "Уровень": "1. разделы"
}{
    "Cтатус": 200,
    "Первый url": "https://its.1c.ru/db/translate/?db=taxtrans&path=src%2F%F1%F2%E0%E2%EA%E8%20%EF%EE%20%F0%E5%E3%E8%EE%ED%E0%EC.htm",
    "Конечный url": "https://its.1c.ru/db/taxtrans/content/56/hdoc/",
    "Title": "Ставки и сроки уплаты транспортного налога по регионам",
    "File": "data116",
    "Уровень": "1. разделы"
}{
    "Cтатус": 200,
    "Первый url": "https://its.1c.ru/db/translate/?db=taximu&path=src%2F%E8%EC_%F2_%F1%F2%E0%E2%EA%E8_%E8_%F1%F0%EE%EA%E8_%F3%EF%EB%E0%F2%FB.htm",
    "Конечный url": "https://its.1c.ru/db/taximu/content/214/hdoc/",
    "Title": "Ставки и сроки уплаты налога на имущество организаций по регионам",
    "File": "data117",
    "Уровень": "1. разделы"
}{
    "Cтатус": 200,
    "Первый url": "https://its.1c.ru/db/translate/?db=taximu&path=src%2F%E8%EC_%F2_%EB%FC%E3%EE%F2%E0%20%E8%EC%F3%F9%E5%F1%F2%E2%EE.htm",
    "Конечный url": "https://its.1c.ru/db/taximu/content/215/hdoc/",
    "Title": "Льгота по движимому имуществу, принятому на учет с 2013 года",
    "File": "data118",
    "Уровень": "1. разделы"
}{
    "Cтатус": 200,
    "Первый url": "https://its.1c.ru/db/translate/?db=garant&path=src%2Fd0466%2Fi0093205.htm",
    "Конечный url": "https://its.1c.ru/db/garant/content/890312/hdoc/",
    "Title": "Нормируемые расходы для целей исчисления налога на прибыль организаций",
    "File": "data119",
    "Уровень": "1. разделы"
}{
    "Cтатус": 200,
    "Первый url": "https://its.1c.ru/db/translate/?db=garant&path=src%2Fd0277%2Fi0055487.htm",
    "Конечный url": "https://its.1c.ru/db/garant/content/11800160/hdoc/",
    "Title": "Ответственность за нарушения налогового законодательства",
    "File": "data120",
    "Уровень": "1. разделы"
}{
    "Cтатус": 200,
    "Первый url": "https://its.1c.ru/db/translate/?db=answers&path=src%2F%ED%E0%EB%EE%E3%E8%2F%210%20%ED%E0%EB%EE%E3%E8.htm",
    "Конечный url": "https://its.1c.ru/db/answers/content/1058/hdoc/",
    "Title": "Ответы аудиторов на вопросы по налогообложению",
    "File": "data121",
    "Уровень": "1. разделы"
}{
    "Cтатус": 200,
    "Первый url": "https://its.1c.ru/db/translate/?db=declprib&path=src%2F%ED%EF%201%F1%20%EE%F2%F7%E5%F2%ED%EE%F1%F2%FC%20%E4%E5%EA%EB%E0%F0%E0%F6%E8%FF_3_2018_11.htm",
    "Конечный url": "https://its.1c.ru/db/declprib/content/15394/hdoc/",
    "Title": "Декларация по налогу на прибыль организаций (уплачивающих ежемесячные авансовые платежи исходя из фактической прибыли)",
    "File": "data126",
    "Уровень": "1. разделы"
}{
    "Cтатус": 200,
    "Первый url": "https://its.1c.ru/db/translate/?db=declnds&path=src%2F%ED%E4%F1%201%F1%20%E4%E5%EA%EB%E0%F0%E0%F6%E8%FF%20%F2%E0%EC%EE%E6%F1%EE%FE%E7%202018_11.htm",
    "Конечный url": "https://its.1c.ru/db/declnds/content/2046/hdoc/",
    "Title": "Декларация по косвенным налогам",
    "File": "data127",
    "Уровень": "1. разделы"
}{
    "Cтатус": 200,
    "Первый url": "https://its.1c.ru/db/translate/?db=strahrep&path=src%2F%EE%F2%F7%E5%F2%ED%EE%F1%F2%FC_%EF%F4%F0_%F1%E7%E2_%EC_2016_04.htm",
    "Конечный url": "https://its.1c.ru/db/strahrep/content/34627/hdoc/",
    "Title": "Сведения о застрахованных лицах по форме СЗВ-М",
    "File": "data128",
    "Уровень": "1. разделы"
}{
    "Cтатус": 200,
    "Первый url": "https://its.1c.ru/db/translate/?db=declpast&path=src%2F0000000_%EF%EF_%EA%E0%F0%F2%E0_%F1%EF%F0%E0%E2%EE%F7%ED%E8%EA%E0.htm",
    "Конечный url": "https://its.1c.ru/db/declpast/content/1/hdoc/",
    "Title": "Составление отчетности за периоды прошлых лет",
    "File": "data130",
    "Уровень": "1. разделы"
}{
    "Cтатус": 200,
    "Первый url": "https://its.1c.ru/db/translate/?db=xarotch&path=src%2F%E1%EE%20%EE%F1%ED%EE%E2%ED%FB%E5%20%EF%EE%EB%EE%E6%E5%ED%E8%FF.htm",
    "Конечный url": "https://its.1c.ru/db/xarotch/content/2602/hdoc/",
    "Title": "Бухгалтерская отчетность",
    "File": "data131",
    "Уровень": "1. разделы"
}{
    "Cтатус": 200,
    "Первый url": "https://its.1c.ru/db/translate/?db=strahrep&path=src%2F%F1%E2%20%F0%F1%E2_01_01_2017.htm",
    "Конечный url": "https://its.1c.ru/db/strahrep/content/34700/hdoc/",
    "Title": "Расчет по страховым взносам",
    "File": "data141",
    "Уровень": "1. разделы"
}{
    "Cтатус": 200,
    "Первый url": "https://its.1c.ru/db/translate/?db=strahrep&path=src%2F%EE%F2%F7%E5%F2%ED%EE%F1%F2%FC_%F1%E2_%EE%EF%E8%F1%E0%ED%E8%E5_%F4%EE%F0%EC_%F4%F1%F1_2017.htm",
    "Конечный url": "https://its.1c.ru/db/strahrep/content/34696/hdoc/",
    "Title": "Форма 4-ФСС",
    "File": "data142",
    "Уровень": "1. разделы"
}{
    "Cтатус": 200,
    "Первый url": "https://its.1c.ru/db/translate/?db=strahrep&path=src%2F%F1%E2%20%F1%E7%E2-%EC_01_04_2016.htm",
    "Конечный url": "https://its.1c.ru/db/strahrep/content/34711/hdoc/",
    "Title": "Форма СЗВ-М",
    "File": "data143",
    "Уровень": "1. разделы"
}{
    "Cтатус": 200,
    "Первый url": "https://its.1c.ru/db/translate/?db=strahrep&path=src%2F%F1%E2%20%F1%E7%E2-%F1%F2%E0%E6_01_01_2018.htm",
    "Конечный url": "https://its.1c.ru/db/strahrep/content/34812/hdoc/",
    "Title": "Форма СЗВ-СТАЖ",
    "File": "data144",
    "Уровень": "1. разделы"
}{
    "Cтатус": 200,
    "Первый url": "https://its.1c.ru/db/translate/?db=stafft&path=src%2Fc.0.kadr..htm",
    "Конечный url": "https://its.1c.ru/db/stafft/content/27825/hdoc/",
    "Title": "Справочник кадровика",
    "File": "data147",
    "Уровень": "1. разделы"
}{
    "Cтатус": 200,
    "Первый url": "https://its.1c.ru/db/translate/?db=staff1c&path=src%2F%EA%E0%F0%F2%E0%20%F1%EF%F0%E0%E2%EE%F7%ED%E8%EA%E0-prakt.htm",
    "Конечный url": "https://its.1c.ru/db/staff1c/content/33782/hdoc/",
    "Title": "Кадровый учет и расчеты с персоналом в программах «1С»",
    "File": "data148",
    "Уровень": "1. разделы"
}{
    "Cтатус": 200,
    "Первый url": "https://its.1c.ru/db/translate/?db=calchlp&path=src%2F%EF%EE%EC%EE%F9%ED%E8%EA%20%EE%F2%EF%F3%F1%EA.htm",
    "Конечный url": "https://its.1c.ru/db/calchlp/content/1/hdoc/",
    "Title": "Отпускные",
    "File": "data149",
    "Уровень": "1. разделы"
}{
    "Cтатус": 200,
    "Первый url": "https://its.1c.ru/db/translate/?db=calchlp&path=src%2F%EF%EE%EC%EE%F9%ED%E8%EA%20%EF%EE%F1%EE%E1%E8%FF.htm",
    "Конечный url": "https://its.1c.ru/db/calchlp/content/2/hdoc/",
    "Title": "Пособия",
    "File": "data150",
    "Уровень": "1. разделы"
}{
    "Cтатус": 200,
    "Первый url": "https://its.1c.ru/db/translate/?db=calchlp&path=src%2F%EF%EE%EC%EE%F9%ED%E8%EA%20%EA%EE%EC%E0%ED%E4%E8%F0%EE%E2%EA%E8.htm",
    "Конечный url": "https://its.1c.ru/db/calchlp/content/3/hdoc/",
    "Title": "Командировки",
    "File": "data151",
    "Уровень": "1. разделы"
}{
    "Cтатус": 200,
    "Первый url": "https://its.1c.ru/db/translate/?db=calcwagesdelay&path=src%2Fkomp_zzp.html",
    "Конечный url": "https://its.1c.ru/db/calcwagesdelay/content/1/hdoc/",
    "Title": "Компенсация за задержку выплаты зарплаты",
    "File": "data152",
    "Уровень": "1. разделы"
}{
    "Cтатус": 200,
    "Первый url": "https://its.1c.ru/db/translate/?db=stafft&path=src%2F060200_%F2_%F0%E5%E3%EC%F0%EE%F2.htm",
    "Конечный url": "https://its.1c.ru/db/stafft/content/34880/hdoc/",
    "Title": "Размер минимальной заработной платы по регионам",
    "File": "data155",
    "Уровень": "1. разделы"
}{
    "Cтатус": 200,
    "Первый url": "https://its.1c.ru/db/translate/?db=stafft&path=src%2F060300_1_%F2_%EF%F0%EE%E6%EC%E8%ED.htm",
    "Конечный url": "https://its.1c.ru/db/stafft/content/35007/hdoc/",
    "Title": "Величина прожиточного минимума по регионам",
    "File": "data157",
    "Уровень": "1. разделы"
}{
    "Cтатус": 200,
    "Первый url": "https://its.1c.ru/db/translate/?db=garant&path=src%2Fd01805%2Fi0361002.htm",
    "Конечный url": "https://its.1c.ru/db/garant/content/5330930/hdoc/",
    "Title": "Размер индексации государственных пособий гражданам, имеющим детей",
    "File": "data160",
    "Уровень": "1. разделы"
}{
    "Cтатус": 200,
    "Первый url": "https://its.1c.ru/db/translate/?db=garant&path=src%2Fd000%2Fi0000011.htm",
    "Конечный url": "https://its.1c.ru/db/garant/content/49900/hdoc/",
    "Title": "Индекс инфляции (индекс потребительских цен)",
    "File": "data161",
    "Уровень": "1. разделы"
}{
    "Cтатус": 200,
    "Первый url": "https://its.1c.ru/db/translate/?db=answers&path=src%2F%EA%E0%E4%F0%FB%2F%210%20%EE%F2%E2%E5%F2%FB%20%ED%E0%20%E2%EE%EF%F0%EE%F1%FB.htm",
    "Конечный url": "https://its.1c.ru/db/answers/content/1/hdoc/",
    "Title": "Ответы на вопросы по кадрам и оплате труда",
    "File": "data166",
    "Уровень": "1. разделы"
}{
    "Cтатус": 200,
    "Первый url": "https://its.1c.ru/db/newscomm/content/457369/1",
    "Конечный url": "https://its.1c.ru/db/newscomm/content/457369/hdoc",
    "Title": "Наиболее значимые для бухгалтера изменения законодательства",
    "File": "data167",
    "Уровень": "1. разделы"
}{
    "Cтатус": 200,
    "Первый url": "https://its.1c.ru/db/translate/?db=contracts&path=src%2Fdogovor%2F%EE%E1%F9%E8%E5%20%EF%EE%EB%EE%E6%E5%ED%E8%FF.htm",
    "Конечный url": "https://its.1c.ru/db/contracts/content/28825/hdoc/",
    "Title": "Общие положения",
    "File": "data171",
    "Уровень": "1. разделы"
}{
    "Cтатус": 200,
    "Первый url": "https://its.1c.ru/db/translate/?db=contracts&path=src%2Fdogovor%2F%EE%E1%F0%E0%E7%F6%FB.htm",
    "Конечный url": "https://its.1c.ru/db/contracts/content/371/hdoc/",
    "Title": "Образцы договоров",
    "File": "data172",
    "Уровень": "1. разделы"
}{
    "Cтатус": 200,
    "Первый url": "https://its.1c.ru/db/translate/?db=contracts&path=src%2Fdogovor%2F_08_%EE%F2%E4%E5%EB%FC%ED%FB%E5%20%E2%E8%E4%FB%20%E4%EE%E3%EE%E2%EE%F0%EE%E2%2F0801_%E4%EE%E3%EE%E2%EE%F0_%EF%EE%F1%F2%E0%E2%EA%E8%2F080100_%E4%EE%E3%EE%E2%EE%F0_%EF%EE%F1%F2%E0%E2%EA%E8.htm",
    "Конечный url": "https://its.1c.ru/db/contracts/content/49/hdoc/",
    "Title": "Договор поставки",
    "File": "data173",
    "Уровень": "1. разделы"
}{
    "Cтатус": 200,
    "Первый url": "https://its.1c.ru/db/translate/?db=contracts&path=src%2Fdogovor%2F_08_%EE%F2%E4%E5%EB%FC%ED%FB%E5%20%E2%E8%E4%FB%20%E4%EE%E3%EE%E2%EE%F0%EE%E2%2F0802_%E4%EE%E3%EE%E2%EE%F0_%E0%F0%E5%ED%E4%FB%2F080200_%E4%EE%E3%EE%E2%EE%F0_%E0%F0%E5%ED%E4%FB.htm",
    "Конечный url": "https://its.1c.ru/db/contracts/content/56/hdoc/",
    "Title": "Договор аренды",
    "File": "data174",
    "Уровень": "1. разделы"
}{
    "Cтатус": 200,
    "Первый url": "https://its.1c.ru/db/translate/?db=contracts&path=src%2Fdogovor%2F_08_%EE%F2%E4%E5%EB%FC%ED%FB%E5%20%E2%E8%E4%FB%20%E4%EE%E3%EE%E2%EE%F0%EE%E2%2F0802_%E4%EE%E3%EE%E2%EE%F0_%E0%F0%E5%ED%E4%FB_%F2%F1_%F1_%FD%EA%E8%EF%E0%E6%E5%EC%2F081200_%E4%EE%E3%EE%E2%EE%F0_%E0%F0%E5%ED%E4%FB_%F2%F1_%F1_%FD%EA%E8%EF%E0%E6%E5%EC.htm",
    "Конечный url": "https://its.1c.ru/db/contracts/content/28851/hdoc/",
    "Title": "Договор аренды транспортного средства с экипажем",
    "File": "data175",
    "Уровень": "1. разделы"
}{
    "Cтатус": 200,
    "Первый url": "https://its.1c.ru/db/translate/?db=contracts&path=src%2Fdogovor%2F_08_%EE%F2%E4%E5%EB%FC%ED%FB%E5%20%E2%E8%E4%FB%20%E4%EE%E3%EE%E2%EE%F0%EE%E2%2F0802_%E4%EE%E3%EE%E2%EE%F0_%E0%F0%E5%ED%E4%FB_%F2%F1_%E1%E5%E7_%FD%EA%E8%EF%E0%E6%E0%2F082200_%E4%EE%E3%EE%E2%EE%F0_%E0%F0%E5%ED%E4%FB_%F2%F1_%E1%E5%E7_%FD%EA%E8%EF%E0%E6%E0.htm",
    "Конечный url": "https://its.1c.ru/db/contracts/content/129/hdoc/",
    "Title": "Договор аренды транспортного средства без экипажа",
    "File": "data176",
    "Уровень": "1. разделы"
}{
    "Cтатус": 200,
    "Первый url": "https://its.1c.ru/db/translate/?db=contracts&path=src%2Fdogovor%2F_08_%EE%F2%E4%E5%EB%FC%ED%FB%E5%20%E2%E8%E4%FB%20%E4%EE%E3%EE%E2%EE%F0%EE%E2%2F0803_%E4%EE%E3%EE%E2%EE%F0_%EB%E8%E7%E8%ED%E3%E0%2F080300_%E4%EE%E3%EE%E2%EE%F0_%EB%E8%E7%E8%ED%E3%E0.htm",
    "Конечный url": "https://its.1c.ru/db/contracts/content/63/hdoc/",
    "Title": "Договор лизинга",
    "File": "data177",
    "Уровень": "1. разделы"
}{
    "Cтатус": 200,
    "Первый url": "https://its.1c.ru/db/translate/?db=contracts&path=src%2Fdogovor%2F_08_%EE%F2%E4%E5%EB%FC%ED%FB%E5%20%E2%E8%E4%FB%20%E4%EE%E3%EE%E2%EE%F0%EE%E2%2F0804_%E4%EE%E3%EE%E2%EE%F0_%EF%EE%E4%F0%FF%E4%E0%2F080400_%E4%EE%E3%EE%E2%EE%F0_%EF%EE%E4%F0%FF%E4%E0.htm",
    "Конечный url": "https://its.1c.ru/db/contracts/content/70/hdoc/",
    "Title": "Договор подряда",
    "File": "data178",
    "Уровень": "1. разделы"
}{
    "Cтатус": 200,
    "Первый url": "https://its.1c.ru/db/translate/?db=contracts&path=src%2Fdogovor%2F_08_%EE%F2%E4%E5%EB%FC%ED%FB%E5%20%E2%E8%E4%FB%20%E4%EE%E3%EE%E2%EE%F0%EE%E2%2F0805_%E4%EE%E3%EE%E2%EE%F0_%E2%EE%E7%EC%E5%E7%E4%ED%EE%E3%EE_%EE%EA%E0%E7%E0%ED%E8%FF_%F3%F1%EB%F3%E3%2F080500_%E4%EE%E3%EE%E2%EE%F0_%E2%EE%E7%EC%E5%E7%E4%ED%EE%E3%EE_%EE%EA%E0%E7%E0%ED%E8%FF_%F3%F1%EB%F3%E3.htm",
    "Конечный url": "https://its.1c.ru/db/contracts/content/77/hdoc/",
    "Title": "Договор возмездного оказания услуг",
    "File": "data179",
    "Уровень": "1. разделы"
}{
    "Cтатус": 200,
    "Первый url": "https://its.1c.ru/db/translate/?db=contracts&path=src%2Fdogovor%2F_08_%EE%F2%E4%E5%EB%FC%ED%FB%E5%20%E2%E8%E4%FB%20%E4%EE%E3%EE%E2%EE%F0%EE%E2%2F0813_%FD%EA%E2%E0%E9%F0%E8%ED%E3%2F081300_%FD%EA%E2%E0%E9%F0%E8%ED%E3.htm",
    "Конечный url": "https://its.1c.ru/db/contracts/content/28877/hdoc/",
    "Title": "Договор эквайринга",
    "File": "data180",
    "Уровень": "1. разделы"
}{
    "Cтатус": 200,
    "Первый url": "https://its.1c.ru/db/translate/?db=contracts&path=src%2Fdogovor%2F_08_%EE%F2%E4%E5%EB%FC%ED%FB%E5%20%E2%E8%E4%FB%20%E4%EE%E3%EE%E2%EE%F0%EE%E2%2F0806_%E4%EE%E3%EE%E2%EE%F0_%F2%F0%E0%ED%F1%EF%EE%F0%F2%ED%EE%E9_%FD%EA%F1%EF%E5%E4%E8%F6%E8%E8%2F080600_%E4%EE%E3%EE%E2%EE%F0_%F2%F0%E0%ED%F1%EF%EE%F0%F2%ED%EE%E9_%FD%EA%F1%EF%E5%E4%E8%F6%E8%E8.htm",
    "Конечный url": "https://its.1c.ru/db/contracts/content/84/hdoc/",
    "Title": "Договор транспортной экспедиции",
    "File": "data181",
    "Уровень": "1. разделы"
}{
    "Cтатус": 200,
    "Первый url": "https://its.1c.ru/db/translate/?db=contracts&path=src%2Fdogovor%2F_08_%EE%F2%E4%E5%EB%FC%ED%FB%E5%20%E2%E8%E4%FB%20%E4%EE%E3%EE%E2%EE%F0%EE%E2%2F0807_%E4%EE%E3%EE%E2%EE%F0_%EF%E5%F0%E5%E2%EE%E7%EA%E8%2F080700_%E4%EE%E3%EE%E2%EE%F0_%EF%E5%F0%E5%E2%EE%E7%EA%E8.htm",
    "Конечный url": "https://its.1c.ru/db/contracts/content/28838/hdoc/",
    "Title": "Договор перевозки",
    "File": "data182",
    "Уровень": "1. разделы"
}{
    "Cтатус": 200,
    "Первый url": "https://its.1c.ru/db/translate/?db=contracts&path=src%2Fdogovor%2F_08_%EE%F2%E4%E5%EB%FC%ED%FB%E5%20%E2%E8%E4%FB%20%E4%EE%E3%EE%E2%EE%F0%EE%E2%2F0808_%E4%EE%E3%EE%E2%EE%F0_%EF%EE%F0%F3%F7%E5%ED%E8%FF%2F080800_%E4%EE%E3%EE%E2%EE%F0_%EF%EE%F0%F3%F7%E5%ED%E8%FF.htm",
    "Конечный url": "https://its.1c.ru/db/contracts/content/101/hdoc/",
    "Title": "Договор поручения",
    "File": "data183",
    "Уровень": "1. разделы"
}{
    "Cтатус": 200,
    "Первый url": "https://its.1c.ru/db/translate/?db=contracts&path=src%2Fdogovor%2F_08_%EE%F2%E4%E5%EB%FC%ED%FB%E5%20%E2%E8%E4%FB%20%E4%EE%E3%EE%E2%EE%F0%EE%E2%2F0809_%E4%EE%E3%EE%E2%EE%F0_%EA%EE%EC%E8%F1%F1%E8%E8%2F080900_%E4%EE%E3%EE%E2%EE%F0_%EA%EE%EC%E8%F1%F1%E8%E8.htm",
    "Конечный url": "https://its.1c.ru/db/contracts/content/108/hdoc/",
    "Title": "Договор комиссии",
    "File": "data184",
    "Уровень": "1. разделы"
}{
    "Cтатус": 200,
    "Первый url": "https://its.1c.ru/db/translate/?db=contracts&path=src%2Fdogovor%2F_08_%EE%F2%E4%E5%EB%FC%ED%FB%E5%20%E2%E8%E4%FB%20%E4%EE%E3%EE%E2%EE%F0%EE%E2%2F0810_%E4%EE%E3%EE%E2%EE%F0_%E0%E3%E5%ED%F2%E8%F0%EE%E2%E0%ED%E8%FF%2F081000_%E0%E3%E5%ED%F2%F1%EA%E8%E9%20%E4%EE%E3%EE%E2%EE%F0.htm",
    "Конечный url": "https://its.1c.ru/db/contracts/content/115/hdoc/",
    "Title": "Договор агентирования (агентский договор)",
    "File": "data185",
    "Уровень": "1. разделы"
}{
    "Cтатус": 200,
    "Первый url": "https://its.1c.ru/db/translate/?db=contracts&path=src%2Fdogovor%2F_08_%EE%F2%E4%E5%EB%FC%ED%FB%E5%20%E2%E8%E4%FB%20%E4%EE%E3%EE%E2%EE%F0%EE%E2%2F0811_%E4%EE%E3%EE%E2%EE%F0_%E7%E0%E9%EC%E0%2F081100_%E4%EE%E3%EE%E2%EE%F0_%E7%E0%E9%EC%E0.htm",
    "Конечный url": "https://its.1c.ru/db/contracts/content/122/hdoc/",
    "Title": "Договор займа",
    "File": "data186",
    "Уровень": "1. разделы"
}{
    "Cтатус": 200,
    "Первый url": "https://its.1c.ru/db/translate/?db=contracts&path=src%2Fdogovor%2F_08_%EE%F2%E4%E5%EB%FC%ED%FB%E5%20%E2%E8%E4%FB%20%E4%EE%E3%EE%E2%EE%F0%EE%E2%2F0812_%E4%EE%E3%EE%E2%EE%F0_%F5%F0%E0%ED%E5%ED%E8%FF%2F081200_%E4%EE%E3%EE%E2%EE%F0_%F5%F0%E0%ED%E5%ED%E8%FF.htm",
    "Конечный url": "https://its.1c.ru/db/contracts/content/136/hdoc/",
    "Title": "Договор хранения",
    "File": "data187",
    "Уровень": "1. разделы"
}{
    "Cтатус": 200,
    "Первый url": "https://its.1c.ru/db/translate/?db=bizlegsup&path=src%2F000000_%F1%E1_%EA%E0%F0%F2%E0_%F1%EF%F0%E0%E2%EE%F7%ED%E8%EA%E0.htm",
    "Конечный url": "https://its.1c.ru/db/bizlegsup/content/1/hdoc/",
    "Title": "Бизнес-справочник: правовые аспекты",
    "File": "data190",
    "Уровень": "1. разделы"
}{
    "Cтатус": 200,
    "Первый url": "https://its.1c.ru/db/translate/?db=kkt&path=src%2F%EF%F0%E0%E2%EE%E2%EE%E5%20%F0%E5%E3%F3%EB%E8%F0%EE%E2%E0%ED%E8%E5%2F%EA%EA%F2%20%EA%E0%F0%F2%E0%20%F1%EF%F0%E0%E2%EE%F7%ED%E8%EA%E0.htm",
    "Конечный url": "https://its.1c.ru/db/kkt/content/59/hdoc/",
    "Title": "Онлайн-кассы",
    "File": "data191",
    "Уровень": "1. разделы"
}{
    "Cтатус": 200,
    "Первый url": "https://its.1c.ru/db/translate/?db=admresp&path=src%2F%E0%E4%EC%EE%F2%E2%20%EA%E0%F0%F2%E0%20%F1%EF%F0%E0%E2%EE%F7%ED%E8%EA%E0.htm",
    "Конечный url": "https://its.1c.ru/db/admresp/content/1/hdoc/",
    "Title": "Административная ответственность",
    "File": "data192",
    "Уровень": "1. разделы"
}{
    "Cтатус": 200,
    "Первый url": "https://its.1c.ru/db/eldocs/content/13/1",
    "Конечный url": "https://its.1c.ru/db/eldocs/content/13/hdoc",
    "Title": "Правовое регулирование обмена электронными документами",
    "File": "data194",
    "Уровень": "1. разделы"
}{
    "Cтатус": 200,
    "Первый url": "https://its.1c.ru/db/translate/?db=bizmanacc&path=src%2F0201_%EF_%EC%EE%ED%E8%F2%EE%F0_%F0%F3%EA.htm",
    "Конечный url": "https://its.1c.ru/db/bizmanacc/content/3/hdoc/",
    "Title": "Учет денежных средств: остатки, задолженность, ликвидность (Монитор руководителя)",
    "File": "data195",
    "Уровень": "1. разделы"
}{
    "Cтатус": 200,
    "Первый url": "https://its.1c.ru/db/translate/?db=bizmanacc&path=src%2F0202_%EF_%EE%F2%F7%E5%F2.htm",
    "Конечный url": "https://its.1c.ru/db/bizmanacc/content/4/hdoc/",
    "Title": "Отчет о движении денежных средств: структура отчета, денежный поток",
    "File": "data196",
    "Уровень": "1. разделы"
}{
    "Cтатус": 200,
    "Первый url": "https://its.1c.ru/db/translate/?db=bizmanacc&path=src%2F0203_%EF_%EA%E0%F1%F1%EE%E2%FB%E9_%F0%E0%E7%F0%FB%E2.htm",
    "Конечный url": "https://its.1c.ru/db/bizmanacc/content/7/hdoc/",
    "Title": "Кассовые разрывы: причины возникновения, управление, зависимость от величины финансового цикла",
    "File": "data197",
    "Уровень": "1. разделы"
}{
    "Cтатус": 200,
    "Первый url": "https://its.1c.ru/db/translate/?db=acciposn&path=src%2F0000000%20%E8%EF_%EA%E0%F0%F2%E0%20%F1%EF%F0%E0%E2%EE%F7%ED%E8%EA%E0.htm",
    "Конечный url": "https://its.1c.ru/db/acciposn/content/1/hdoc/",
    "Title": "Налоговый учет ИП на ОСН",
    "File": "data201",
    "Уровень": "1. разделы"
}{
    "Cтатус": 200,
    "Первый url": "https://its.1c.ru/db/translate/?db=stafft&path=src%2Fc.0.kadr..htm",
    "Конечный url": "https://its.1c.ru/db/stafft/content/27825/hdoc/",
    "Title": "Справочник кадровика",
    "File": "data205",
    "Уровень": "1. разделы"
}{
    "Cтатус": 200,
    "Первый url": "https://its.1c.ru/db/translate/?db=answers&path=src%2F%EA%E0%E4%F0%FB%2F%210%20%EE%F2%E2%E5%F2%FB%20%ED%E0%20%E2%EE%EF%F0%EE%F1%FB.htm",
    "Конечный url": "https://its.1c.ru/db/answers/content/1/hdoc/",
    "Title": "Ответы на вопросы по кадрам и оплате труда",
    "File": "data208",
    "Уровень": "1. разделы"
}{
    "Cтатус": 200,
    "Первый url": "https://its.1c.ru/db/translate/?db=bizlegsup&path=src%2F000000_%F1%E1_%EA%E0%F0%F2%E0_%F1%EF%F0%E0%E2%EE%F7%ED%E8%EA%E0.htm",
    "Конечный url": "https://its.1c.ru/db/bizlegsup/content/1/hdoc/",
    "Title": "Бизнес-справочник: правовые аспекты",
    "File": "data209",
    "Уровень": "1. разделы"
}{
    "Cтатус": 200,
    "Первый url": "https://its.1c.ru/db/translate/?db=admresp&path=src%2F%E0%E4%EC%EE%F2%E2%20%EA%E0%F0%F2%E0%20%F1%EF%F0%E0%E2%EE%F7%ED%E8%EA%E0.htm",
    "Конечный url": "https://its.1c.ru/db/admresp/content/1/hdoc/",
    "Title": "Административная ответственность",
    "File": "data212",
    "Уровень": "1. разделы"
}{
    "Cтатус": 200,
    "Первый url": "https://its.1c.ru/db/translate/?db=bizlegsup&path=src%2F1010101_%ED%E0%EB%EE%E3%EE%E2%FB%E5%20%EA%E0%ED%E8%EA%F3%EB%FB.htm",
    "Конечный url": "https://its.1c.ru/db/bizlegsup/content/134/hdoc/",
    "Title": "Проверь, действуют ли налоговые каникулы в твоем регионе",
    "File": "data215",
    "Уровень": "1. разделы"
}{
    "Cтатус": 200,
    "Первый url": "https://its.1c.ru/db/calcip/content/2017/1",
    "Конечный url": "https://its.1c.ru/db/calcip/content/2017/hdoc",
    "Title": "Рассчитай страховые взносы",
    "File": "data216",
    "Уровень": "1. разделы"
}{
    "Cтатус": 200,
    "Первый url": "https://its.1c.ru/db/translate/?db=answers1c&path=src%2Fnews.htm",
    "Конечный url": "https://its.1c.ru/db/answers1c/content/24/hdoc/",
    "Title": "Новые ответы",
    "File": "data217",
    "Уровень": "1. разделы"
}{
    "Cтатус": 200,
    "Первый url": "https://its.1c.ru/db/translate/?db=answers1c&path=src%2F%E1%EF30%2F%E1%EF30.htm",
    "Конечный url": "https://its.1c.ru/db/answers1c/content/2/hdoc/",
    "Title": "Ответы на вопросы по 1С:Бухгалтерии 8 (ред. 3.0)",
    "File": "data218",
    "Уровень": "1. разделы"
}{
    "Cтатус": 200,
    "Первый url": "https://its.1c.ru/db/translate/?db=answers1c&path=src%2F%E7%F3%EF30%2F%E7%F3%EF30.htm",
    "Конечный url": "https://its.1c.ru/db/answers1c/content/17/hdoc/",
    "Title": "Ответы на вопросы по 1С:ЗУП 8 (ред. 3)",
    "File": "data219",
    "Уровень": "1. разделы"
}{
    "Cтатус": 200,
    "Первый url": "https://its.1c.ru/db/translate/?db=answers1c&path=src%2F%EA%E020%2F%EA%E020.htm",
    "Конечный url": "https://its.1c.ru/db/answers1c/content/272/hdoc/",
    "Title": "Ответы на вопросы по 1С:КА 2.2 и 1С:ERP 2.2",
    "File": "data220",
    "Уровень": "1. разделы"
}{
    "Cтатус": 200,
    "Первый url": "https://its.1c.ru/db/translate/?db=answers&path=src%2Fnews.htm",
    "Конечный url": "https://its.1c.ru/db/answers/content/1065/hdoc/",
    "Title": "Новые ответы",
    "File": "data221",
    "Уровень": "1. разделы"
}{
    "Cтатус": 200,
    "Первый url": "https://its.1c.ru/db/translate/?db=answers&path=src%2F%F1%F5%EE%2F%210%20%F3%F7%E5%F2.htm",
    "Конечный url": "https://its.1c.ru/db/answers/content/1064/hdoc/",
    "Title": "Бухгалтерский учет",
    "File": "data222",
    "Уровень": "1. разделы"
}{
    "Cтатус": 200,
    "Первый url": "https://its.1c.ru/db/translate/?db=answers&path=src%2F%EA%E0%F1%F1%EE%E2%E0%FF%20%E4%E8%F1%F6%E8%EF%EB%E8%ED%E0%2F%210%20%EA%E0%F1%F1%EE%E2%E0%FF%20%E4%E8%F1%F6%E8%EF%EB%E8%ED%E0.htm",
    "Конечный url": "https://its.1c.ru/db/answers/content/1481/hdoc/",
    "Title": "Кассовая дисциплина",
    "File": "data223",
    "Уровень": "1. разделы"
}{
    "Cтатус": 200,
    "Первый url": "https://its.1c.ru/db/translate/?db=answers&path=src%2F%EA%EA%F2%2F%210%20%EE%F2%E2%E5%F2%FB%20%ED%E0%20%E2%EE%EF%F0%EE%F1%FB.htm",
    "Конечный url": "https://its.1c.ru/db/answers/content/1990/hdoc/",
    "Title": "Контрольно-кассовая техника",
    "File": "data224",
    "Уровень": "1. разделы"
}{
    "Cтатус": 200,
    "Первый url": "https://its.1c.ru/db/translate/?db=answers&path=src%2F%ED%E0%EB%EE%E3%E8%2F%210%20%ED%E0%EB%EE%E3%E8.htm",
    "Конечный url": "https://its.1c.ru/db/answers/content/1058/hdoc/",
    "Title": "Налоги и взносы",
    "File": "data225",
    "Уровень": "1. разделы"
}{
    "Cтатус": 200,
    "Первый url": "https://its.1c.ru/db/translate/?db=answers&path=src%2F%EA%E0%E4%F0%FB%2F%210%20%EE%F2%E2%E5%F2%FB%20%ED%E0%20%E2%EE%EF%F0%EE%F1%FB.htm",
    "Конечный url": "https://its.1c.ru/db/answers/content/1/hdoc/",
    "Title": "Кадры и оплата труда",
    "File": "data226",
    "Уровень": "1. разделы"
}{
    "Cтатус": 200,
    "Первый url": "https://its.1c.ru/db/translate/?db=budquest&path=src%2F%ED%EE%E2%EE%F1%F2%E8.htm",
    "Конечный url": "https://its.1c.ru/db/budquest/content/2/hdoc/",
    "Title": "Новые ответы",
    "File": "data227",
    "Уровень": "1. разделы"
}{
    "Cтатус": 200,
    "Первый url": "https://its.1c.ru/db/translate/?db=budquest&path=src%2F%F3%F7%E5%F2%ED%E0%FF%20%EF%EE%EB%E8%F2%E8%EA%E0.htm",
    "Конечный url": "https://its.1c.ru/db/budquest/content/362/hdoc/",
    "Title": "Учетная политика",
    "File": "data228",
    "Уровень": "1. разделы"
}{
    "Cтатус": 200,
    "Первый url": "https://its.1c.ru/db/translate/?db=budquest&path=src%2F%E1%F3%F5%E3%E0%EB%F2%E5%F0%F1%EA%E8%E9%20%F3%F7%E5%F2.htm",
    "Конечный url": "https://its.1c.ru/db/budquest/content/365/hdoc/",
    "Title": "Бухгалтерский учет",
    "File": "data229",
    "Уровень": "1. разделы"
}{
    "Cтатус": 200,
    "Первый url": "https://its.1c.ru/db/translate/?db=budquest&path=src%2F%EA%EE%F1%E3%F3.htm",
    "Конечный url": "https://its.1c.ru/db/budquest/content/457/hdoc/",
    "Title": "Бюджетная классификация",
    "File": "data230",
    "Уровень": "1. разделы"
}{
    "Cтатус": 200,
    "Первый url": "https://its.1c.ru/db/translate/?db=budquest&path=src%2F%E8%F1%EF%EE%EB%ED%E5%ED%E8%E5%20%E1%FE%E4%E6%E5%F2%EE%E2.htm",
    "Конечный url": "https://its.1c.ru/db/budquest/content/464/hdoc/",
    "Title": "Исполнение бюджетов",
    "File": "data231",
    "Уровень": "1. разделы"
}{
    "Cтатус": 200,
    "Первый url": "https://its.1c.ru/db/translate/?db=budquest&path=src%2F%ED%E0%EB%EE%E3%E8%20%E8%20%E2%E7%ED%EE%F1%FB.htm",
    "Конечный url": "https://its.1c.ru/db/budquest/content/466/hdoc/",
    "Title": "Налоги и взносы",
    "File": "data232",
    "Уровень": "1. разделы"
}{
    "Cтатус": 200,
    "Первый url": "https://its.1c.ru/db/translate/?db=budquest&path=src%2F%E1%F3%F5%E3%E0%EB%F2%E5%F0%F1%EA%E0%FF%20%E8%20%ED%E0%EB%EE%E3%EE%E2%E0%FF%20%EE%F2%F7%E5%F2%ED%EE%F1%F2%FC.htm",
    "Конечный url": "https://its.1c.ru/db/budquest/content/478/hdoc/",
    "Title": "Бухгалтерская и налоговая отчетность",
    "File": "data233",
    "Уровень": "1. разделы"
}{
    "Cтатус": 200,
    "Первый url": "https://its.1c.ru/db/translate/?db=budquest&path=src%2F%EA%E0%F1%F1%EE%E2%FB%E5%20%EE%EF%E5%F0%E0%F6%E8%E8.htm",
    "Конечный url": "https://its.1c.ru/db/budquest/content/480/hdoc/",
    "Title": "Кассовые операции",
    "File": "data234",
    "Уровень": "1. разделы"
}{
    "Cтатус": 200,
    "Первый url": "https://its.1c.ru/db/translate/?db=budquest&path=src%2F%EF%F0%EE%E2%E5%F0%EA%E8.htm",
    "Конечный url": "https://its.1c.ru/db/budquest/content/482/hdoc/",
    "Title": "Контроль",
    "File": "data235",
    "Уровень": "1. разделы"
}{
    "Cтатус": 200,
    "Первый url": "https://its.1c.ru/db/garant/content/70003036/1",
    "Конечный url": "https://its.1c.ru/db/garant/content/70003036/hdoc",
    "Title": "Федеральный закон «О бухгалтерском учете» от 06.12.2011 № 402-ФЗ",
    "File": "data238",
    "Уровень": "1. разделы"
}{
    "Cтатус": 200,
    "Первый url": "https://its.1c.ru/db/garant/content/10800200/1",
    "Конечный url": "https://its.1c.ru/db/garant/content/10800200/hdoc",
    "Title": "Налоговый кодекс Российской Федерации",
    "File": "data239",
    "Уровень": "1. разделы"
}{
    "Cтатус": 200,
    "Первый url": "https://its.1c.ru/db/garant/content/10064072/1",
    "Конечный url": "https://its.1c.ru/db/garant/content/10064072/hdoc",
    "Title": "Гражданский кодекс Российской Федерации",
    "File": "data240",
    "Уровень": "1. разделы"
}{
    "Cтатус": 200,
    "Первый url": "https://its.1c.ru/db/garant/content/12025268/1",
    "Конечный url": "https://its.1c.ru/db/garant/content/12025268/hdoc",
    "Title": "Трудовой кодекс Российской Федерации",
    "File": "data241",
    "Уровень": "1. разделы"
}{
    "Cтатус": 200,
    "Первый url": "https://its.1c.ru/db/garant/content/12025267/1",
    "Конечный url": "https://its.1c.ru/db/garant/content/12025267/hdoc",
    "Title": "Кодекс Российской Федерации об административных правонарушениях",
    "File": "data242",
    "Уровень": "1. разделы"
}{
    "Cтатус": 200,
    "Первый url": "https://its.1c.ru/db/translate/?db=garant&path=src%2Fd0340%2Fi0068153.htm",
    "Конечный url": "https://its.1c.ru/db/garant/content/3819697/hdoc/",
    "Title": "Формы учета и отчетности в форматах MS Word и MS Excel",
    "File": "data243",
    "Уровень": "1. разделы"
}{
    "Cтатус": 200,
    "Первый url": "https://its.1c.ru/db/translate/?db=garant&path=src%2Fd01031%2Fi0206289.htm",
    "Конечный url": "https://its.1c.ru/db/garant/content/5090935/hdoc/",
    "Title": "Формы первичной учетной документации в форматах MS Word и MS Excel",
    "File": "data244",
    "Уровень": "1. разделы"
}{
    "Cтатус": 200,
    "Первый url": "https://its.1c.ru/db/translate/?db=garant&path=src%2Fd01342%2Fi0268451.htm",
    "Конечный url": "https://its.1c.ru/db/garant/content/5230340/hdoc/",
    "Title": "Формы федеральной государственной статистической отчетности в MS-Word и MS-Excel",
    "File": "data245",
    "Уровень": "1. разделы"
}{
    "Cтатус": 200,
    "Первый url": "https://its.1c.ru/db/translate/?db=garant&path=src%2Fd0466%2Fi0093205.htm",
    "Конечный url": "https://its.1c.ru/db/garant/content/890312/hdoc/",
    "Title": "Нормируемые расходы для целей исчисления налога на прибыль организаций",
    "File": "data246",
    "Уровень": "1. разделы"
}{
    "Cтатус": 200,
    "Первый url": "https://its.1c.ru/db/translate/?db=garant&path=src%2Fd0277%2Fi0055487.htm",
    "Конечный url": "https://its.1c.ru/db/garant/content/11800160/hdoc/",
    "Title": "Ответственность за нарушения налогового законодательства",
    "File": "data247",
    "Уровень": "1. разделы"
}{
    "Cтатус": 200,
    "Первый url": "https://its.1c.ru/db/translate/?db=garant&path=src%2Fd038%2Fi0007671.htm",
    "Конечный url": "https://its.1c.ru/db/garant/content/10080093/hdoc/",
    "Title": "Минимальный размер оплаты труда (МРОТ)",
    "File": "data248",
    "Уровень": "1. разделы"
}{
    "Cтатус": 200,
    "Первый url": "https://its.1c.ru/db/translate/?db=stafft&path=src%2F060200_%F2_%F0%E5%E3%EC%F0%EE%F2.htm",
    "Конечный url": "https://its.1c.ru/db/stafft/content/34880/hdoc/",
    "Title": "Размер минимальной заработной платы по регионам",
    "File": "data249",
    "Уровень": "1. разделы"
}{
    "Cтатус": 200,
    "Первый url": "https://its.1c.ru/db/translate/?db=stafft&path=src%2F060300_1_%F2_%EF%F0%EE%E6%EC%E8%ED.htm",
    "Конечный url": "https://its.1c.ru/db/stafft/content/35007/hdoc/",
    "Title": "Величина прожиточного минимума по регионам",
    "File": "data251",
    "Уровень": "1. разделы"
}{
    "Cтатус": 200,
    "Первый url": "https://its.1c.ru/db/translate/?db=garant&path=src%2Fd01188%2Fi0237610.htm",
    "Конечный url": "https://its.1c.ru/db/garant/content/5102892/hdoc/",
    "Title": "Размер пособий по временной нетрудоспособности и по беременности и родам",
    "File": "data252",
    "Уровень": "1. разделы"
}{
    "Cтатус": 200,
    "Первый url": "https://its.1c.ru/db/translate/?db=garant&path=src%2Fd01805%2Fi0361002.htm",
    "Конечный url": "https://its.1c.ru/db/garant/content/5330930/hdoc/",
    "Title": "Размер индексации государственных пособий гражданам, имеющим детей",
    "File": "data253",
    "Уровень": "1. разделы"
}{
    "Cтатус": 200,
    "Первый url": "https://its.1c.ru/db/translate/?db=garant&path=src%2Fd000%2Fi0000011.htm",
    "Конечный url": "https://its.1c.ru/db/garant/content/49900/hdoc/",
    "Title": "Индекс инфляции (индекс потребительских цен)",
    "File": "data254",
    "Уровень": "1. разделы"
}{
    "Cтатус": 200,
    "Первый url": "https://its.1c.ru/db/translate/?db=garant&path=src%2Fd0211%2Fi0042363.htm",
    "Конечный url": "https://its.1c.ru/db/garant/content/7917/hdoc/",
    "Title": "Официальные курсы валют, установленные Банком России",
    "File": "data255",
    "Уровень": "1. разделы"
}{
    "Cтатус": 200,
    "Первый url": "https://its.1c.ru/db/translate/?db=garant&path=src%2Fd042%2Fi0008505.htm",
    "Конечный url": "https://its.1c.ru/db/garant/content/10080094/hdoc/",
    "Title": "Ключевая ставка и ставка рефинансирования Банка России",
    "File": "data256",
    "Уровень": "1. разделы"
}{
    "Cтатус": 200,
    "Первый url": "https://its.1c.ru/db/translate/?db=sprinfo&path=src%2F%EE%E1%F3%F7%E5%ED%E8%E5%FD%EA%E7%E0%EC%E5%ED%FB.htm&anchor=issogl13",
    "Конечный url": "https://its.1c.ru/db/sprinfo/content/7/hdoc/issogl13",
    "Title": "Каталог печатных изданий и учебных пособий по продуктам \"1С:Предприятие\" издательства \"1С-Паблишинг\"",
    "File": "data268",
    "Уровень": "1. разделы"
}{
    "Cтатус": 200,
    "Первый url": "https://its.1c.ru/db/translate/?db=elitsk&path=src%2F01.sprav%2Fspravnews.htm",
    "Конечный url": "https://its.1c.ru/db/elitsk/content/37483/hdoc/",
    "Title": "Новое в выпуске",
    "File": "data299",
    "Уровень": "1. разделы"
}{
    "Cтатус": 200,
    "Первый url": "https://its.1c.ru/db/translate/?db=elitsk&path=src%2F01.sprav%2Ftermin%2F%F1%EB%EE%E2%E0%F0%FC%20%F1%F2%F0%EE%E8%F2%E5%EB%FC%ED%FB%F5%20%F2%E5%F0%EC%E8%ED%EE%E2.htm",
    "Конечный url": "https://its.1c.ru/db/elitsk/content/27827/hdoc/",
    "Title": "Словарь строительных терминов",
    "File": "data304",
    "Уровень": "1. разделы"
}{
    "Cтатус": 200,
    "Первый url": "https://its.1c.ru/db/translate/?db=smkons&path=smkomsnews.htm",
    "Конечный url": "https://its.1c.ru/db/smkons/content/9293/hdoc/",
    "Title": "Новое в выпуске",
    "File": "data314",
    "Уровень": "1. разделы"
}{
    "Cтатус": 200,
    "Первый url": "https://its.1c.ru/db/translate/?db=medmethod&path=src%2Fmethod%2Fcommon%2Fsppr%2Fsppr.htm",
    "Конечный url": "https://its.1c.ru/db/medmethod/content/5001/hdoc/",
    "Title": "Логическая модель функциональности конфигураций линейки 1С:Медицина",
    "File": "data334",
    "Уровень": "1. разделы"
}{
    "Cтатус": 200,
    "Первый url": "https://its.1c.ru/db/metod8dev/content/100010/1",
    "Конечный url": "https://its.1c.ru/db/metod8dev/content/100010/hdoc",
    "Title": "Новые и измененные разделы",
    "File": "data347",
    "Уровень": "1. разделы"
}{
    "Cтатус": 200,
    "Первый url": "https://its.1c.ru/db/metod8dev/content/2562/1",
    "Конечный url": "https://its.1c.ru/db/metod8dev/content/2562/hdoc",
    "Title": "Библиотека картинок (обычный режим)",
    "File": "data355",
    "Уровень": "1. разделы"
}{
    "Cтатус": 200,
    "Первый url": "https://its.1c.ru/db/metod8dev/content/3225/1",
    "Конечный url": "https://its.1c.ru/db/metod8dev/content/3225/hdoc",
    "Title": "Библиотека картинок (управляемый режим)",
    "File": "data356",
    "Уровень": "1. разделы"
}{
    "Cтатус": 200,
    "Первый url": "https://its.1c.ru/db/metod8dev/content/2565/1",
    "Конечный url": "https://its.1c.ru/db/metod8dev/content/2565/hdoc",
    "Title": "Географические схемы",
    "File": "data357",
    "Уровень": "1. разделы"
}{
    "Cтатус": 200,
    "Первый url": "https://its.1c.ru/db/metod8dev/content/4985/1",
    "Конечный url": "https://its.1c.ru/db/metod8dev/content/4985/hdoc",
    "Title": "Программный Java-интерфейс для административного сервера",
    "File": "data358",
    "Уровень": "1. разделы"
}{
    "Cтатус": 200,
    "Первый url": "https://its.1c.ru/db/metod8dev/content/3223/1",
    "Конечный url": "https://its.1c.ru/db/metod8dev/content/3223/hdoc",
    "Title": "Приложение Autorun",
    "File": "data359",
    "Уровень": "1. разделы"
}{
    "Cтатус": 200,
    "Первый url": "https://its.1c.ru/db/metod8dev/content/4914/1",
    "Конечный url": "https://its.1c.ru/db/metod8dev/content/4914/hdoc",
    "Title": "Утилита 1CEClientSetupMake.exe",
    "File": "data360",
    "Уровень": "1. разделы"
}{
    "Cтатус": 200,
    "Первый url": "https://its.1c.ru/db/metod8dev/content/3221/1",
    "Конечный url": "https://its.1c.ru/db/metod8dev/content/3221/hdoc",
    "Title": "Технология создания внешних компонент для платформы 1С:Предприятие 8",
    "File": "data372",
    "Уровень": "1. разделы"
}{
    "Cтатус": 200,
    "Первый url": "https://its.1c.ru/db/metod8dev/content/5521/1",
    "Конечный url": "https://its.1c.ru/db/metod8dev/content/5521/hdoc",
    "Title": "1С:Библиотека стандартных подсистем",
    "File": "data388",
    "Уровень": "1. разделы"
}{
    "Cтатус": 200,
    "Первый url": "https://its.1c.ru/db/metod8dev/content/5750/1",
    "Конечный url": "https://its.1c.ru/db/metod8dev/content/5750/hdoc",
    "Title": "1С:Библиотека электронных документов",
    "File": "data389",
    "Уровень": "1. разделы"
}{
    "Cтатус": 200,
    "Первый url": "https://its.1c.ru/db/metod8dev/content/4882/1",
    "Конечный url": "https://its.1c.ru/db/metod8dev/content/4882/hdoc",
    "Title": "1С:Библиотека подключаемого оборудования",
    "File": "data390",
    "Уровень": "1. разделы"
}{
    "Cтатус": 200,
    "Первый url": "https://its.1c.ru/db/metod8dev/content/2340/1",
    "Конечный url": "https://its.1c.ru/db/metod8dev/content/2340/hdoc",
    "Title": "Управление мобильными приложениями",
    "File": "data392",
    "Уровень": "1. разделы"
}{
    "Cтатус": 200,
    "Первый url": "https://its.1c.ru/db/metod8dev/content/4727/1",
    "Конечный url": "https://its.1c.ru/db/metod8dev/content/4727/hdoc",
    "Title": "Автоматическое обновление конфигурации информационной базы",
    "File": "data393",
    "Уровень": "1. разделы"
}{
    "Cтатус": 200,
    "Первый url": "https://its.1c.ru/db/metod81/content/4448/1",
    "Конечный url": "https://its.1c.ru/db/metod81/content/4448/hdoc",
    "Title": "Внешняя печатная форма \"Транспортная накладная\" для конфигурации \"Управление торговлей 11\"",
    "File": "data394",
    "Уровень": "1. разделы"
}{
    "Cтатус": 200,
    "Первый url": "https://its.1c.ru/db/metod81/content/4797/1",
    "Конечный url": "https://its.1c.ru/db/metod81/content/4797/hdoc",
    "Title": "1С:Фабрика отчетов 8.2",
    "File": "data395",
    "Уровень": "1. разделы"
}{
    "Cтатус": 200,
    "Первый url": "https://its.1c.ru/db/metod8dev/content/5948/1",
    "Конечный url": "https://its.1c.ru/db/metod8dev/content/5948/hdoc",
    "Title": "Методика адаптации конфигураций под Мобильный клиент",
    "File": "data398",
    "Уровень": "1. разделы"
}{
    "Cтатус": 200,
    "Первый url": "https://its.1c.ru/db/metod8dev/content/3224/1",
    "Конечный url": "https://its.1c.ru/db/metod8dev/content/3224/hdoc",
    "Title": "Руководство по стилю для типовых конфигураций на платформе 1С:Предприятие 8.2",
    "File": "data400",
    "Уровень": "1. разделы"
}{
    "Cтатус": 200,
    "Первый url": "https://its.1c.ru/db/metod8dev/content/4829/1",
    "Конечный url": "https://its.1c.ru/db/metod8dev/content/4829/hdoc",
    "Title": "Руководство по созданию драйверов оборудования для 1С:Предприятия 8.2",
    "File": "data402",
    "Уровень": "1. разделы"
}{
    "Cтатус": 200,
    "Первый url": "https://its.1c.ru/db/metod8dev/content/5951/1",
    "Конечный url": "https://its.1c.ru/db/metod8dev/content/5951/hdoc",
    "Title": "Использование Дата акселератора",
    "File": "data406",
    "Уровень": "1. разделы"
}{
    "Cтатус": 200,
    "Первый url": "https://its.1c.ru/db/translate/?db=partnerits&path=src%2F%EC%E0%F2%E5%F0%E8%E0%EB%FB%20%EF%EE%20%EF%F0%EE%E4%E0%E6%E0%EC%20%F1%E5%F0%E2%E8%F1%EE%E2.htm",
    "Конечный url": "https://its.1c.ru/db/partnerits/content/2212/hdoc/",
    "Title": "Материалы по продажам сервисов",
    "File": "data437",
    "Уровень": "1. разделы"
}{
    "Cтатус": 200,
    "Первый url": "https://its.1c.ru/db/translate/?db=partnerits&path=src%2F1%F1-%EE%F4%E4.htm",
    "Конечный url": "https://its.1c.ru/db/partnerits/content/1720/hdoc/",
    "Title": "1С-ОФД",
    "File": "data438",
    "Уровень": "1. разделы"
}{
    "Cтатус": 200,
    "Первый url": "https://its.1c.ru/db/translate/?db=partnerits&path=src%2F1%F1-%EA%E0%F1%F1%E0.htm",
    "Конечный url": "https://its.1c.ru/db/partnerits/content/1969/hdoc/",
    "Title": "1С:Касса",
    "File": "data439",
    "Уровень": "1. разделы"
}{
    "Cтатус": 200,
    "Первый url": "https://its.1c.ru/db/translate/?db=partnerits&path=src%2F1%F1-%F2%EE%E2%E0%F0%FB.htm",
    "Конечный url": "https://its.1c.ru/db/partnerits/content/1850/hdoc/",
    "Title": "1С-Товары",
    "File": "data440",
    "Уровень": "1. разделы"
}{
    "Cтатус": 200,
    "Первый url": "https://its.1c.ru/db/translate/?db=partnerits&path=src%2F1%F1-%EE%F2%F7%E5%F2%ED%EE%F1%F2%FC.htm",
    "Конечный url": "https://its.1c.ru/db/partnerits/content/509/hdoc/",
    "Title": "1С-Отчетность",
    "File": "data441",
    "Уровень": "1. разделы"
}{
    "Cтатус": 200,
    "Первый url": "https://its.1c.ru/db/translate/?db=partnerits&path=src%2F1c%F2%E0%EA%F1%EA%EE%EC.htm",
    "Конечный url": "https://its.1c.ru/db/partnerits/content/547/hdoc/",
    "Title": "1С-ЭДО (1С-Такском)",
    "File": "data442",
    "Уровень": "1. разделы"
}{
    "Cтатус": 200,
    "Первый url": "https://its.1c.ru/db/translate/?db=partnerits&path=src%2F%E1%F3%F5%F4%EE%ED.htm",
    "Конечный url": "https://its.1c.ru/db/partnerits/content/670/hdoc/",
    "Title": "1С-Коннект (ранее 1С-Бухфон)",
    "File": "data443",
    "Уровень": "1. разделы"
}{
    "Cтатус": 200,
    "Первый url": "https://its.1c.ru/db/translate/?db=partnerits&path=src%2F1%F1-%EB%E8%ED%EA.htm",
    "Конечный url": "https://its.1c.ru/db/partnerits/content/899/hdoc/",
    "Title": "1С:Линк",
    "File": "data444",
    "Уровень": "1. разделы"
}{
    "Cтатус": 200,
    "Первый url": "https://its.1c.ru/db/translate/?db=partnerits&path=src%2F1%F1-%EE%E1%EB%E0%F7%ED%FB%E9%20%E0%F0%F5%E8%E2.htm",
    "Конечный url": "https://its.1c.ru/db/partnerits/content/969/hdoc/",
    "Title": "1С:Облачный архив",
    "File": "data445",
    "Уровень": "1. разделы"
}{
    "Cтатус": 200,
    "Первый url": "https://its.1c.ru/db/translate/?db=partnerits&path=src%2F1c%20%F7%E5%F0%E5%E7%20%E8%ED%F2%E5%F0%ED%E5%F2.htm",
    "Конечный url": "https://its.1c.ru/db/partnerits/content/1014/hdoc/",
    "Title": "1С:Предприятие 8 через Интернет",
    "File": "data446",
    "Уровень": "1. разделы"
}{
    "Cтатус": 200,
    "Первый url": "https://its.1c.ru/db/translate/?db=partnerits&path=src%2F1%F1-%EF%EE%E4%EF%E8%F1%FC.htm",
    "Конечный url": "https://its.1c.ru/db/partnerits/content/933/hdoc/",
    "Title": "1С:Подпись",
    "File": "data447",
    "Уровень": "1. разделы"
}{
    "Cтатус": 200,
    "Первый url": "https://its.1c.ru/db/translate/?db=partnerits&path=src%2F1%F1-%E8%F2%F1.htm",
    "Конечный url": "https://its.1c.ru/db/partnerits/content/1227/hdoc/",
    "Title": "Информационная система 1С:ИТС",
    "File": "data448",
    "Уровень": "1. разделы"
}{
    "Cтатус": 200,
    "Первый url": "https://its.1c.ru/db/translate/?db=partnerits&path=src%2F%E0%F3%E4%E8%F2%EE%F0%200000000.htm",
    "Конечный url": "https://its.1c.ru/db/partnerits/content/1434/hdoc/",
    "Title": "Отвечает аудитор (Россия)",
    "File": "data450",
    "Уровень": "1. разделы"
}{
    "Cтатус": 200,
    "Первый url": "https://its.1c.ru/db/translate/?db=partnerits&path=src%2F%EA%EE%ED%F1%F3%EB%FC%F2%E0%F6%E8%E8_%E0%F3%E4%E8%F2%EE%F0%E0_%F3%EA%F0.htm",
    "Конечный url": "https://its.1c.ru/db/partnerits/content/1658/hdoc/",
    "Title": "Консультации аудитора (Украина)",
    "File": "data451",
    "Уровень": "1. разделы"
}{
    "Cтатус": 200,
    "Первый url": "https://its.1c.ru/db/translate/?db=partnerits&path=src%2F%EB%E5%EA%F2%200000000.htm",
    "Конечный url": "https://its.1c.ru/db/partnerits/content/1310/hdoc/",
    "Title": "1С:Лекторий",
    "File": "data452",
    "Уровень": "1. разделы"
}{
    "Cтатус": 200,
    "Первый url": "https://its.1c.ru/db/translate/?db=partnerits&path=src%2F1%F1-%E8%F2%F1%20%EE%F2%F0%E0%F1%EB%E5%E2%EE%E9.htm",
    "Конечный url": "https://its.1c.ru/db/partnerits/content/1290/hdoc/",
    "Title": "1С:ИТС Отраслевой",
    "File": "data453",
    "Уровень": "1. разделы"
}{
    "Cтатус": 200,
    "Первый url": "https://its.1c.ru/db/translate/?db=partnerits&path=src%2F1c-%EA%EE%ED%F2%F0%E0%E3%E5%ED%F2.htm",
    "Конечный url": "https://its.1c.ru/db/partnerits/content/1322/hdoc/",
    "Title": "1С:Контрагент",
    "File": "data454",
    "Уровень": "1. разделы"
}{
    "Cтатус": 200,
    "Первый url": "https://its.1c.ru/db/translate/?db=partnerits&path=src%2F1c-%E1%E8%E7%ED%E5%F1_%F1%E5%F2%FC.htm",
    "Конечный url": "https://its.1c.ru/db/partnerits/content/1553/hdoc/",
    "Title": "ЭДО без электронной подписи для участников 1С:Бизнес-сеть",
    "File": "data455",
    "Уровень": "1. разделы"
}{
    "Cтатус": 200,
    "Первый url": "https://its.1c.ru/db/translate/?db=partnerits&path=src%2F1c-%F1%E2%E5%F0%EA%E0.htm",
    "Конечный url": "https://its.1c.ru/db/partnerits/content/1325/hdoc/",
    "Title": "1С:Сверка",
    "File": "data456",
    "Уровень": "1. разделы"
}{
    "Cтатус": 200,
    "Первый url": "https://its.1c.ru/db/translate/?db=partnerits&path=src%2F1%F1-%FD%F2%EF.htm",
    "Конечный url": "https://its.1c.ru/db/partnerits/content/1426/hdoc/",
    "Title": "1С-ЭТП",
    "File": "data460",
    "Уровень": "1. разделы"
}{
    "Cтатус": 200,
    "Первый url": "https://its.1c.ru/db/translate/?db=partnerits&path=src%2F%EF%EE%F0%F2%E0%EB%201%F1-%E8%F2%F1.htm",
    "Конечный url": "https://its.1c.ru/db/partnerits/content/1373/hdoc/",
    "Title": "Портал 1С:ИТС",
    "File": "data461",
    "Уровень": "1. разделы"
}{
    "Cтатус": 200,
    "Первый url": "https://its.1c.ru/db/partnerits/content/1468/1",
    "Конечный url": "https://its.1c.ru/db/partnerits/content/1468/hdoc",
    "Title": "1С:Звіт",
    "File": "data462",
    "Уровень": "1. разделы"
}{
    "Cтатус": 200,
    "Первый url": "https://its.1c.ru/db/partnerits/content/1660/1",
    "Конечный url": "https://its.1c.ru/db/partnerits/content/1660/hdoc",
    "Title": "1С-ABBYY Comparator",
    "File": "data463",
    "Уровень": "1. разделы"
}{
    "Cтатус": 200,
    "Первый url": "https://its.1c.ru/partner/rating",
    "Конечный url": "https://its.1c.ru/partner/rating?city=%D0%A1%D0%B0%D0%BD%D0%BA%D1%82-%D0%9F%D0%B5%D1%82%D0%B5%D1%80%D0%B1%D1%83%D1%80%D0%B3&region=%D0%A1%D0%B0%D0%BD%D0%BA%D1%82-%D0%9F%D0%B5%D1%82%D0%B5%D1%80%D0%B1%D1%83%D1%80%D0%B3",
    "Title": "Рейтинг партнеров по платным договорам ИТС",
    "File": "data471",
    "Уровень": "1. разделы"
}