{
    "Cтатус": 404,
    "url": "https://its.1c.ru/db/erp24doc/bookmark/alcohol/ InformationExchange",
    "Title": "Контроль состояния информационного обмена",
    "File": "data20",
    "Уровень": "2. статьи"
}{
    "Cтатус": 404,
    "url": "https://its.1c.ru/db/erp24doc/bookmark/extendedprovision/ modes of operation of the center",
    "Title": "Режимы работы распределительного центра",
    "File": "data20",
    "Уровень": "2. статьи"
}{
    "Cтатус": 404,
    "url": "https://its.1c.ru/db/erp24doc/bookmark/migrationfromacc/ MigrationProcessing",
    "Title": "1.3. Выполнение переноса",
    "File": "data20",
    "Уровень": "2. статьи"
}{
    "Cтатус": 404,
    "url": "https://its.1c.ru/db/erp24doc/bookmark/migrationfromacc/ Settings",
    "Title": "2.1. Настройка конфигурации – приемника и сверка перенесенной информации",
    "File": "data20",
    "Уровень": "2. статьи"
}{
    "Cтатус": 404,
    "url": "https://its.1c.ru/db/ka24doc/bookmark/alcohol/ InformationExchange",
    "Title": "Контроль состояния информационного обмена",
    "File": "data22",
    "Уровень": "2. статьи"
}{
    "Cтатус": 404,
    "url": "https://its.1c.ru/db/ka24doc/bookmark/extendedprovision/ modes of operation of the center",
    "Title": "Режимы работы распределительного центра",
    "File": "data22",
    "Уровень": "2. статьи"
}{
    "Cтатус": 404,
    "url": "https://its.1c.ru/db/ka24doc/bookmark/migrationfromacc/ MigrationProcessing",
    "Title": "1.3. Выполнение переноса",
    "File": "data22",
    "Уровень": "2. статьи"
}{
    "Cтатус": 404,
    "url": "https://its.1c.ru/db/ka24doc/bookmark/migrationfromacc/ Settings",
    "Title": "2.1. Настройка конфигурации – приемника и сверка перенесенной информации",
    "File": "data22",
    "Уровень": "2. статьи"
}