{
    "Ошибка": "У раздела нет ссылок (статей)? видимо нет",
    "url": "http://v8.1c.ru/lawmonitor/",
    "Конечный url (для 302)": "http://v8.1c.ru/lawmonitor/lawchanges.jsp",
    "Title": "Отражение изменений законодательства в программах 1С",
    "File": "data1",
    "Уровень": "1. разделы"
}
эту ниже надоспарсить 
     |
    \ /
{
    "Ошибка": "У раздела нет ссылок (статей)? видимо нет",
    "url": "https://its.1c.ru/db/metod77",
    "Конечный url (для 302)": "https://its.1c.ru/db/metod77",
    "Title": "1С:Предприятие 7.7",
    "File": "data3",
    "Уровень": "1. разделы"
}
эту ниже надоспарсить 
     |
    \ /
{
    "Ошибка": "У раздела нет ссылок (статей)? видимо нет",
    "url": "https://its.1c.ru/db/ellearn",
    "Конечный url (для 302)": "https://its.1c.ru/db/ellearn",
    "Title": "1С:Электронное обучение",
    "File": "data12",
    "Уровень": "1. разделы"
}{
    "Ошибка": "У раздела нет ссылок (статей)? видимо нет",
    "url": "https://its.1c.ru/db/metod81/content/5501/1",
    "Конечный url (для 302)": "https://its.1c.ru/db/metod81/content/5501/hdoc",
    "Title": "Перенос данных из редакции 2.5 в редакцию 3.0 1С:Зарплата и управление персоналом 8",
    "File": "data33",
    "Уровень": "1. разделы"
}{
    "Ошибка": "У раздела нет ссылок (статей)? видимо нет",
    "url": "https://its.1c.ru/db/metod81/content/6219/1",
    "Конечный url (для 302)": "https://its.1c.ru/db/metod81/content/6219/hdoc",
    "Title": "Перенос данных из 1С:Зарплата и кадры 7.7 в редакцию 3.0 1С:Зарплата и управление персоналом 8",
    "File": "data34",
    "Уровень": "1. разделы"
}{
    "Ошибка": "У раздела нет ссылок (статей)? видимо нет",
    "url": "http://1c.ru/rus/partners/training/cso/course.jsp?id=157",
    "Конечный url (для 302)": "https://1c.ru/cso-part/rus/partners/training/cso/course?id=157",
    "Title": "Как использовать ИТС (учебный курс)",
    "File": "data36",
    "Уровень": "1. разделы"
}{
    "Ошибка": "У раздела нет ссылок (статей)? видимо нет",
    "url": "http://www.1c.ru/rus/partners/training/default.jsp",
    "Конечный url (для 302)": "http://1c.ru/rus/partners/training/default.jsp",
    "Title": "Курсы и экзамены «1С»",
    "File": "data37",
    "Уровень": "1. разделы"
}{
    "Ошибка": "У раздела нет ссылок (статей)? видимо нет",
    "url": "https://its.1c.ru/video?movie=nds_verification",
    "Конечный url (для 302)": "http://its.1c.ru/video/nds_verification",
    "Title": "Сверка данных учета НДС",
    "File": "data38",
    "Уровень": "1. разделы"
}{
    "Ошибка": "У раздела нет ссылок (статей)? видимо нет",
    "url": "https://its.1c.ru/video?movie=listsearch",
    "Конечный url (для 302)": "http://its.1c.ru/video/listsearch",
    "Title": "Простые способы поиска в списках",
    "File": "data40",
    "Уровень": "1. разделы"
}
эту ниже надоспарсить 
     |
    \ /
{
    "Ошибка": "У раздела нет ссылок (статей)? видимо нет",
    "url": "https://its.1c.ru/db/metbud",
    "Конечный url (для 302)": "https://its.1c.ru/db/metbud",
    "Title": "1С:Предприятие 7.7",
    "File": "data61",
    "Уровень": "1. разделы"
}{
    "Ошибка": "У раздела нет ссылок (статей)? видимо нет",
    "url": "http://1c.ru/rus/partners/training/cso/course.jsp?id=157",
    "Конечный url (для 302)": "https://1c.ru/cso-part/rus/partners/training/cso/course?id=157",
    "Title": "Как использовать ИТС (учебный курс)",
    "File": "data94",
    "Уровень": "1. разделы"
}{
    "Ошибка": "У раздела нет ссылок (статей)? видимо нет",
    "url": "http://www.1c.ru/rus/partners/training/default.jsp",
    "Конечный url (для 302)": "http://1c.ru/rus/partners/training/default.jsp",
    "Title": "Курсы и экзамены «1С»",
    "File": "data95",
    "Уровень": "1. разделы"
}
эту ниже надоспарсить 
     |
    \ /
{
    "Ошибка": "У раздела нет ссылок (статей)? видимо нет",
    "url": "https://its.1c.ru/kbk",
    "Конечный url (для 302)": "https://its.1c.ru/kbk",
    "Title": "Сервис подбора КБК",
    "File": "data109",
    "Уровень": "1. разделы"
}{
    "Ошибка": "У раздела нет ссылок (статей)? видимо нет",
    "url": "https://its.1c.ru/db/finecalc",
    "Конечный url (для 302)": "https://its.1c.ru/db/finecalc",
    "Title": "Расчет пени по налогам (взносам)",
    "File": "data111",
    "Уровень": "1. разделы"
}{
    "Ошибка": "У раздела нет ссылок (статей)? видимо нет",
    "url": "https://its.1c.ru/db/calcip/content/2018/1",
    "Конечный url (для 302)": "https://its.1c.ru/db/calcip/content/2018/hdoc",
    "Title": "Расчет страховых взносов для ИП за 2018 год",
    "File": "data112",
    "Уровень": "1. разделы"
}{
    "Ошибка": "У раздела нет ссылок (статей)? видимо нет",
    "url": "https://its.1c.ru/db/calcip/content/2017/1",
    "Конечный url (для 302)": "https://its.1c.ru/db/calcip/content/2017/hdoc",
    "Title": "Расчет страховых взносов для ИП за 2017 год",
    "File": "data113",
    "Уровень": "1. разделы"
}{
    "Ошибка": "У раздела нет ссылок (статей)? видимо нет",
    "url": "https://its.1c.ru/docs/repdate",
    "Конечный url (для 302)": "http://its.1c.ru/docs/repdate/",
    "Title": "Сроки сдачи отчетности и уплаты налогов (взносов)",
    "File": "data114",
    "Уровень": "1. разделы"
}{
    "Ошибка": "У раздела нет ссылок (статей)? видимо нет",
    "url": "https://its.1c.ru/docs/limit_values/",
    "Конечный url (для 302)": "https://its.1c.ru/docs/limit_values/",
    "Title": "Предельные величины базы для начисления страховых взносов",
    "File": "data115",
    "Уровень": "1. разделы"
}{
    "Ошибка": "У раздела нет ссылок (статей)? видимо нет",
    "url": "https://its.1c.ru/db/translate/?db=garant&path=src%2Fd0466%2Fi0093205.htm",
    "Конечный url (для 302)": "https://its.1c.ru/db/garant/content/890312/hdoc/",
    "Title": "Нормируемые расходы для целей исчисления налога на прибыль организаций",
    "File": "data119",
    "Уровень": "1. разделы"
}{
    "Ошибка": "У раздела нет ссылок (статей)? видимо нет",
    "url": "https://its.1c.ru/db/translate/?db=garant&path=src%2Fd0277%2Fi0055487.htm",
    "Конечный url (для 302)": "https://its.1c.ru/db/garant/content/11800160/hdoc/",
    "Title": "Ответственность за нарушения налогового законодательства",
    "File": "data120",
    "Уровень": "1. разделы"
}{
    "Ошибка": "У раздела нет ссылок (статей)? видимо нет",
    "url": "https://its.1c.ru/docs/1c-report/video.php",
    "Конечный url (для 302)": "https://its.1c.ru/docs/1c-report/video.php",
    "Title": "Видеоинструкция по подключению к сервису \"1С-Отчетность\" (\"1С:Предприятие&nbsp;8\")",
    "File": "data123",
    "Уровень": "1. разделы"
}{
    "Ошибка": "У раздела нет ссылок (статей)? видимо нет",
    "url": "https://its.1c.ru/docs/1c-report/v77",
    "Конечный url (для 302)": "http://its.1c.ru/docs/1c-report/v77/",
    "Title": "Подключение сервиса \"1С-Отчетность\" для программ системы \"1С:Предприятие&nbsp;7.7\"",
    "File": "data124",
    "Уровень": "1. разделы"
}{
    "Ошибка": "У раздела нет ссылок (статей)? видимо нет",
    "url": "https://its.1c.ru/docs/taxrep/oldrep.php",
    "Конечный url (для 302)": "https://its.1c.ru/docs/taxrep/oldrep.php",
    "Title": "Составление отчетности за прошлые периоды 2017-2018 годов",
    "File": "data129",
    "Уровень": "1. разделы"
}
возможно эту ниже надоспарсить (если нет повторений)
     |
    \ /
{
    "Ошибка": "У раздела нет ссылок (статей)? видимо нет",
    "url": "https://its.1c.ru/db/translate/?db=calchlp&path=src%2F%EF%EE%EC%EE%F9%ED%E8%EA%20%EE%F2%EF%F3%F1%EA.htm",
    "Конечный url (для 302)": "https://its.1c.ru/db/calchlp/content/1/hdoc/",
    "Title": "Отпускные",
    "File": "data149",
    "Уровень": "1. разделы"
}
возможно эту ниже надоспарсить (если нет повторений)
     |
    \ /
{
    "Ошибка": "У раздела нет ссылок (статей)? видимо нет",
    "url": "https://its.1c.ru/db/translate/?db=calchlp&path=src%2F%EF%EE%EC%EE%F9%ED%E8%EA%20%EF%EE%F1%EE%E1%E8%FF.htm",
    "Конечный url (для 302)": "https://its.1c.ru/db/calchlp/content/2/hdoc/",
    "Title": "Пособия",
    "File": "data150",
    "Уровень": "1. разделы"
}
возможно эту ниже надоспарсить (если нет повторений)
     |
    \ /
{
    "Ошибка": "У раздела нет ссылок (статей)? видимо нет",
    "url": "https://its.1c.ru/db/translate/?db=calchlp&path=src%2F%EF%EE%EC%EE%F9%ED%E8%EA%20%EA%EE%EC%E0%ED%E4%E8%F0%EE%E2%EA%E8.htm",
    "Конечный url (для 302)": "https://its.1c.ru/db/calchlp/content/3/hdoc/",
    "Title": "Командировки",
    "File": "data151",
    "Уровень": "1. разделы"
}{
    "Ошибка": "У раздела нет ссылок (статей)? видимо нет",
    "url": "https://its.1c.ru/db/translate/?db=calcwagesdelay&path=src%2Fkomp_zzp.html",
    "Конечный url (для 302)": "https://its.1c.ru/db/calcwagesdelay/content/1/hdoc/",
    "Title": "Компенсация за задержку выплаты зарплаты",
    "File": "data152",
    "Уровень": "1. разделы"
}{
    "Ошибка": "У раздела нет ссылок (статей)? видимо нет",
    "url": "https://its.1c.ru/docs/temporary_incapacity/",
    "Конечный url (для 302)": "https://its.1c.ru/docs/temporary_incapacity/",
    "Title": "Размер пособий по временной нетрудоспособности",
    "File": "data158",
    "Уровень": "1. разделы"
}{
    "Ошибка": "У раздела нет ссылок (статей)? видимо нет",
    "url": "https://its.1c.ru/docs/maternity_benefits/",
    "Конечный url (для 302)": "https://its.1c.ru/docs/maternity_benefits/",
    "Title": "Размер пособий по беременности и родам",
    "File": "data159",
    "Уровень": "1. разделы"
}{
    "Ошибка": "У раздела нет ссылок (статей)? видимо нет",
    "url": "https://its.1c.ru/db/translate/?db=garant&path=src%2Fd01805%2Fi0361002.htm",
    "Конечный url (для 302)": "https://its.1c.ru/db/garant/content/5330930/hdoc/",
    "Title": "Размер индексации государственных пособий гражданам, имеющим детей",
    "File": "data160",
    "Уровень": "1. разделы"
}{
    "Ошибка": "У раздела нет ссылок (статей)? видимо нет",
    "url": "https://its.1c.ru/db/translate/?db=garant&path=src%2Fd000%2Fi0000011.htm",
    "Конечный url (для 302)": "https://its.1c.ru/db/garant/content/49900/hdoc/",
    "Title": "Индекс инфляции (индекс потребительских цен)",
    "File": "data161",
    "Уровень": "1. разделы"
}{
    "Ошибка": "У раздела нет ссылок (статей)? видимо нет",
    "url": "https://its.1c.ru/docs/limit_values/",
    "Конечный url (для 302)": "https://its.1c.ru/docs/limit_values/",
    "Title": "Предельные величины базы для начисления страховых взносов",
    "File": "data163",
    "Уровень": "1. разделы"
}{
    "Ошибка": "У раздела нет ссылок (статей)? видимо нет",
    "url": "https://its.1c.ru/calendar/work2019",
    "Конечный url (для 302)": "https://its.1c.ru/calendar/work2019",
    "Title": "Производственный календарь на 2019 год",
    "File": "data164",
    "Уровень": "1. разделы"
}{
    "Ошибка": "У раздела нет ссылок (статей)? видимо нет",
    "url": "https://its.1c.ru/calendar/work2018",
    "Конечный url (для 302)": "https://its.1c.ru/calendar/work2018",
    "Title": "Производственный календарь на 2018 год",
    "File": "data165",
    "Уровень": "1. разделы"
}{
    "Ошибка": "У раздела нет ссылок (статей)? видимо нет",
    "url": "https://portal.1c.ru/applications/3",
    "Конечный url (для 302)": "https://portal.1c.ru/applications/3",
    "Title": "Сервис «1С:Контрагент» – проверка непосредственно из программы 1С",
    "File": "data214",
    "Уровень": "1. разделы"
}{
    "Ошибка": "У раздела нет ссылок (статей)? видимо нет",
    "url": "https://its.1c.ru/db/calcip/content/2017/1",
    "Конечный url (для 302)": "https://its.1c.ru/db/calcip/content/2017/hdoc",
    "Title": "Рассчитай страховые взносы",
    "File": "data216",
    "Уровень": "1. разделы"
}
эту ниже надоспарсить
     |
    \ /
{
    "Ошибка": "У раздела нет ссылок (статей)? видимо нет",
    "url": "https://its.1c.ru/db/garant",
    "Конечный url (для 302)": "https://its.1c.ru/db/garant",
    "Title": "Гарант. Налоги, бухгалтерский учет, предпринимательство",
    "File": "data236",
    "Уровень": "1. разделы"
}{
    "Ошибка": "У раздела нет ссылок (статей)? видимо нет",
    "url": "https://its.1c.ru/db/garantm",
    "Конечный url (для 302)": "https://its.1c.ru/db/garantm",
    "Title": "Гарант. Москва. Налоги, бухгалтерский учет, предпринимательство",
    "File": "data237",
    "Уровень": "1. разделы"
}{
    "Ошибка": "У раздела нет ссылок (статей)? видимо нет",
    "url": "https://its.1c.ru/db/translate/?db=garant&path=src%2Fd0340%2Fi0068153.htm",
    "Конечный url (для 302)": "https://its.1c.ru/db/garant/content/3819697/hdoc/",
    "Title": "Формы учета и отчетности в форматах MS Word и MS Excel",
    "File": "data243",
    "Уровень": "1. разделы"
}{
    "Ошибка": "У раздела нет ссылок (статей)? видимо нет",
    "url": "https://its.1c.ru/db/translate/?db=garant&path=src%2Fd01031%2Fi0206289.htm",
    "Конечный url (для 302)": "https://its.1c.ru/db/garant/content/5090935/hdoc/",
    "Title": "Формы первичной учетной документации в форматах MS Word и MS Excel",
    "File": "data244",
    "Уровень": "1. разделы"
}{
    "Ошибка": "У раздела нет ссылок (статей)? видимо нет",
    "url": "https://its.1c.ru/db/translate/?db=garant&path=src%2Fd01342%2Fi0268451.htm",
    "Конечный url (для 302)": "https://its.1c.ru/db/garant/content/5230340/hdoc/",
    "Title": "Формы федеральной государственной статистической отчетности в MS-Word и MS-Excel",
    "File": "data245",
    "Уровень": "1. разделы"
}{
    "Ошибка": "У раздела нет ссылок (статей)? видимо нет",
    "url": "https://its.1c.ru/db/translate/?db=garant&path=src%2Fd0466%2Fi0093205.htm",
    "Конечный url (для 302)": "https://its.1c.ru/db/garant/content/890312/hdoc/",
    "Title": "Нормируемые расходы для целей исчисления налога на прибыль организаций",
    "File": "data246",
    "Уровень": "1. разделы"
}{
    "Ошибка": "У раздела нет ссылок (статей)? видимо нет",
    "url": "https://its.1c.ru/db/translate/?db=garant&path=src%2Fd0277%2Fi0055487.htm",
    "Конечный url (для 302)": "https://its.1c.ru/db/garant/content/11800160/hdoc/",
    "Title": "Ответственность за нарушения налогового законодательства",
    "File": "data247",
    "Уровень": "1. разделы"
}{
    "Ошибка": "У раздела нет ссылок (статей)? видимо нет",
    "url": "https://its.1c.ru/db/translate/?db=garant&path=src%2Fd038%2Fi0007671.htm",
    "Конечный url (для 302)": "https://its.1c.ru/db/garant/content/10080093/hdoc/",
    "Title": "Минимальный размер оплаты труда (МРОТ)",
    "File": "data248",
    "Уровень": "1. разделы"
}{
    "Ошибка": "У раздела нет ссылок (статей)? видимо нет",
    "url": "https://its.1c.ru/db/translate/?db=garant&path=src%2Fd01188%2Fi0237610.htm",
    "Конечный url (для 302)": "https://its.1c.ru/db/garant/content/5102892/hdoc/",
    "Title": "Размер пособий по временной нетрудоспособности и по беременности и родам",
    "File": "data252",
    "Уровень": "1. разделы"
}{
    "Ошибка": "У раздела нет ссылок (статей)? видимо нет",
    "url": "https://its.1c.ru/db/translate/?db=garant&path=src%2Fd01805%2Fi0361002.htm",
    "Конечный url (для 302)": "https://its.1c.ru/db/garant/content/5330930/hdoc/",
    "Title": "Размер индексации государственных пособий гражданам, имеющим детей",
    "File": "data253",
    "Уровень": "1. разделы"
}{
    "Ошибка": "У раздела нет ссылок (статей)? видимо нет",
    "url": "https://its.1c.ru/db/translate/?db=garant&path=src%2Fd000%2Fi0000011.htm",
    "Конечный url (для 302)": "https://its.1c.ru/db/garant/content/49900/hdoc/",
    "Title": "Индекс инфляции (индекс потребительских цен)",
    "File": "data254",
    "Уровень": "1. разделы"
}{
    "Ошибка": "У раздела нет ссылок (статей)? видимо нет",
    "url": "https://its.1c.ru/db/translate/?db=garant&path=src%2Fd0211%2Fi0042363.htm",
    "Конечный url (для 302)": "https://its.1c.ru/db/garant/content/7917/hdoc/",
    "Title": "Официальные курсы валют, установленные Банком России",
    "File": "data255",
    "Уровень": "1. разделы"
}{
    "Ошибка": "У раздела нет ссылок (статей)? видимо нет",
    "url": "https://its.1c.ru/db/translate/?db=garant&path=src%2Fd042%2Fi0008505.htm",
    "Конечный url (для 302)": "https://its.1c.ru/db/garant/content/10080094/hdoc/",
    "Title": "Ключевая ставка и ставка рефинансирования Банка России",
    "File": "data256",
    "Уровень": "1. разделы"
}{
    "Ошибка": "У раздела нет ссылок (статей)? видимо нет",
    "url": "https://its.1c.ru/calendar/work2018",
    "Конечный url (для 302)": "https://its.1c.ru/calendar/work2018",
    "Title": "Производственный календарь на 2018 год",
    "File": "data257",
    "Уровень": "1. разделы"
}{
    "Ошибка": "У раздела нет ссылок (статей)? видимо нет",
    "url": "https://its.1c.ru/calendar/work2017",
    "Конечный url (для 302)": "https://its.1c.ru/calendar/work2017",
    "Title": "Производственный календарь на 2017 год",
    "File": "data258",
    "Уровень": "1. разделы"
}{
    "Ошибка": "У раздела нет ссылок (статей)? видимо нет",
    "url": "https://its.1c.ru/db/translate/?db=elitsk&path=src%2F01.sprav%2Fspravnews.htm",
    "Конечный url (для 302)": "https://its.1c.ru/db/elitsk/content/37483/hdoc/",
    "Title": "Новое в выпуске",
    "File": "data299",
    "Уровень": "1. разделы"
}
эту ниже надоспарсить
     |
    \ /
{
    "Ошибка": "У раздела нет ссылок (статей)? видимо нет",
    "url": "https://its.1c.ru/db/elitsk/browse/1010/8337/8716/8719",
    "Конечный url (для 302)": "https://its.1c.ru/db/elitsk/browse/1010/8337/8716/8719",
    "Title": "Технологии производства работ",
    "File": "data302",
    "Уровень": "1. разделы"
}{
    "Ошибка": "У раздела нет ссылок (статей)? видимо нет",
    "url": "https://its.1c.ru/db/elitsk/browse/1010/8337/8697",
    "Конечный url (для 302)": "https://its.1c.ru/db/elitsk/browse/1010/8337/8697",
    "Title": "Строительные материалы",
    "File": "data303",
    "Уровень": "1. разделы"
}{
    "Ошибка": "У раздела нет ссылок (статей)? видимо нет",
    "url": "https://its.1c.ru/db/elitsk/browse/1020/8427/8785",
    "Конечный url (для 302)": "https://its.1c.ru/db/elitsk/browse/1020/8427/8785",
    "Title": "Методики составления сметной документации",
    "File": "data305",
    "Уровень": "1. разделы"
}{
    "Ошибка": "У раздела нет ссылок (статей)? видимо нет",
    "url": "https://its.1c.ru/db/elitsk/browse/1010/8337/8392",
    "Конечный url (для 302)": "https://its.1c.ru/db/elitsk/browse/1010/8337/8392",
    "Title": "Вопросы и ответы",
    "File": "data307",
    "Уровень": "1. разделы"
}{
    "Ошибка": "У раздела нет ссылок (статей)? видимо нет",
    "url": "https://its.1c.ru/db/translate/?db=elitzkh&path=src%2F01.sprav%2Fsprav_jkh_news.htm",
    "Конечный url (для 302)": "https://its.1c.ru/db/content/elitzkh/src/01.sprav/sprav_jkh_news.htm",
    "Title": "Новое в выпуске",
    "File": "data308",
    "Уровень": "1. разделы"
}{
    "Ошибка": "У раздела нет ссылок (статей)? видимо нет",
    "url": "https://its.1c.ru/db/elitzkh/browse/1010/8337/8450",
    "Конечный url (для 302)": "https://its.1c.ru/db/elitzkh/browse/1010/8337/8450",
    "Title": "Деятельность управляющей компании",
    "File": "data309",
    "Уровень": "1. разделы"
}{
    "Ошибка": "У раздела нет ссылок (статей)? видимо нет",
    "url": "https://its.1c.ru/db/elitzkh/browse/1010/8337/8457",
    "Конечный url (для 302)": "https://its.1c.ru/db/elitzkh/browse/1010/8337/8457",
    "Title": "Деятельность ТСЖ",
    "File": "data310",
    "Уровень": "1. разделы"
}{
    "Ошибка": "У раздела нет ссылок (статей)? видимо нет",
    "url": "https://its.1c.ru/db/elitzkh/browse/1010/8337/8453",
    "Конечный url (для 302)": "https://its.1c.ru/db/elitzkh/browse/1010/8337/8453",
    "Title": "Работа с неплательщиками",
    "File": "data311",
    "Уровень": "1. разделы"
}{
    "Ошибка": "У раздела нет ссылок (статей)? видимо нет",
    "url": "https://its.1c.ru/db/elitzkh/browse/1010/8337/8451",
    "Конечный url (для 302)": "https://its.1c.ru/db/elitzkh/browse/1010/8337/8451",
    "Title": "Словарь терминов ЖКХ",
    "File": "data312",
    "Уровень": "1. разделы"
}{
    "Ошибка": "У раздела нет ссылок (статей)? видимо нет",
    "url": "https://its.1c.ru/db/translate/?db=smkons&path=smkomsnews.htm",
    "Конечный url (для 302)": "https://its.1c.ru/db/smkons/content/9293/hdoc/",
    "Title": "Новое в выпуске",
    "File": "data314",
    "Уровень": "1. разделы"
}
эту ниже надоспарсить
     |
    \ /
{
    "Ошибка": "У раздела нет ссылок (статей)? видимо нет",
    "url": "https://its.1c.ru/db/smkons/browse/13/-1/317616",
    "Конечный url (для 302)": "https://its.1c.ru/db/smkons/browse/13/-1/317616",
    "Title": "Нормативно-правовые документы по строительству",
    "File": "data316",
    "Уровень": "1. разделы"
}{
    "Ошибка": "У раздела нет ссылок (статей)? видимо нет",
    "url": "https://its.1c.ru/db/smkons/browse/13/-1/317594",
    "Конечный url (для 302)": "https://its.1c.ru/db/smkons/browse/13/-1/317594",
    "Title": "Нормативно-технические акты по строительству",
    "File": "data317",
    "Уровень": "1. разделы"
}{
    "Ошибка": "У раздела нет ссылок (статей)? видимо нет",
    "url": "https://its.1c.ru/db/smkons/browse/13/-1/317642",
    "Конечный url (для 302)": "https://its.1c.ru/db/smkons/browse/13/-1/317642",
    "Title": "Ценообразование и сметное нормирование",
    "File": "data318",
    "Уровень": "1. разделы"
}{
    "Ошибка": "У раздела нет ссылок (статей)? видимо нет",
    "url": "https://its.1c.ru/db/smkons/browse/13/-1/317669",
    "Конечный url (для 302)": "https://its.1c.ru/db/smkons/browse/13/-1/317669",
    "Title": "Проектные и изыскательские работы",
    "File": "data319",
    "Уровень": "1. разделы"
}{
    "Ошибка": "У раздела нет ссылок (статей)? видимо нет",
    "url": "https://its.1c.ru/db/smkons/browse/13/-1/317826",
    "Конечный url (для 302)": "https://its.1c.ru/db/smkons/browse/13/-1/317826",
    "Title": "Технологии производства работ",
    "File": "data320",
    "Уровень": "1. разделы"
}{
    "Ошибка": "У раздела нет ссылок (статей)? видимо нет",
    "url": "https://its.1c.ru/db/smkons/browse/13/-1/317840",
    "Конечный url (для 302)": "https://its.1c.ru/db/smkons/browse/13/-1/317840",
    "Title": "Жилищно-коммунальное хозяйство",
    "File": "data322",
    "Уровень": "1. разделы"
}{
    "Ошибка": "У раздела нет ссылок (статей)? видимо нет",
    "url": "https://its.1c.ru/db/smkons/browse/13/-1/317841",
    "Конечный url (для 302)": "https://its.1c.ru/db/smkons/browse/13/-1/317841",
    "Title": "Энергетика",
    "File": "data323",
    "Уровень": "1. разделы"
}{
    "Ошибка": "У раздела нет ссылок (статей)? видимо нет",
    "url": "https://its.1c.ru/db/smkons/browse/13/-1/317847",
    "Конечный url (для 302)": "https://its.1c.ru/db/smkons/browse/13/-1/317847",
    "Title": "Формы документов",
    "File": "data324",
    "Уровень": "1. разделы"
}
эту ниже надоспарсить
     |
    \ /
{
    "Ошибка": "У раздела нет ссылок (статей)? видимо нет",
    "url": "https://its.1c.ru/db/medmethod/browse/13/-1/1",
    "Конечный url (для 302)": "https://its.1c.ru/db/medmethod/browse/13/-1/1",
    "Title": "Обмен данными с продуктами линейки «1С:Медицина»",
    "File": "data331",
    "Уровень": "1. разделы"
}{
    "Ошибка": "У раздела нет ссылок (статей)? видимо нет",
    "url": "https://its.1c.ru/db/translate/?db=medmethod&path=src%2Fmethod%2Fcommon%2Fsppr%2Fsppr.htm",
    "Конечный url (для 302)": "https://its.1c.ru/db/medmethod/content/5001/hdoc/",
    "Title": "Логическая модель функциональности конфигураций линейки 1С:Медицина",
    "File": "data334",
    "Уровень": "1. разделы"
}{
    "Ошибка": "У раздела нет ссылок (статей)? видимо нет",
    "url": "https://its.1c.ru/db/metod8dev/content/100010/1",
    "Конечный url (для 302)": "https://its.1c.ru/db/metod8dev/content/100010/hdoc",
    "Title": "Новые и измененные разделы",
    "File": "data347",
    "Уровень": "1. разделы"
}
эту ниже надоспарсить
     |
    \ /
{
    "Ошибка": "У раздела нет ссылок (статей)? видимо нет",
    "url": "https://its.1c.ru/db/metod8dev/browse/13/-1/1989",
    "Конечный url (для 302)": "https://its.1c.ru/db/metod8dev/browse/13/-1/1989",
    "Title": "Разработка",
    "File": "data348",
    "Уровень": "1. разделы"
}{
    "Ошибка": "У раздела нет ссылок (статей)? видимо нет",
    "url": "https://its.1c.ru/db/metod8dev/browse/13/-1/1989/2035",
    "Конечный url (для 302)": "https://its.1c.ru/db/metod8dev/browse/13/-1/1989/2035",
    "Title": "Технологические вопросы крупных внедрений",
    "File": "data350",
    "Уровень": "1. разделы"
}{
    "Ошибка": "У раздела нет ссылок (статей)? видимо нет",
    "url": "https://its.1c.ru/db/metod8dev/content/2562/1",
    "Конечный url (для 302)": "https://its.1c.ru/db/metod8dev/content/2562/hdoc",
    "Title": "Библиотека картинок (обычный режим)",
    "File": "data355",
    "Уровень": "1. разделы"
}{
    "Ошибка": "У раздела нет ссылок (статей)? видимо нет",
    "url": "https://its.1c.ru/db/metod8dev/content/3225/1",
    "Конечный url (для 302)": "https://its.1c.ru/db/metod8dev/content/3225/hdoc",
    "Title": "Библиотека картинок (управляемый режим)",
    "File": "data356",
    "Уровень": "1. разделы"
}{
    "Ошибка": "У раздела нет ссылок (статей)? видимо нет",
    "url": "https://its.1c.ru/db/metod8dev/content/2565/1",
    "Конечный url (для 302)": "https://its.1c.ru/db/metod8dev/content/2565/hdoc",
    "Title": "Географические схемы",
    "File": "data357",
    "Уровень": "1. разделы"
}{
    "Ошибка": "У раздела нет ссылок (статей)? видимо нет",
    "url": "https://its.1c.ru/db/metod8dev/content/4985/1",
    "Конечный url (для 302)": "https://its.1c.ru/db/metod8dev/content/4985/hdoc",
    "Title": "Программный Java-интерфейс для административного сервера",
    "File": "data358",
    "Уровень": "1. разделы"
}{
    "Ошибка": "У раздела нет ссылок (статей)? видимо нет",
    "url": "https://its.1c.ru/db/metod8dev/content/3223/1",
    "Конечный url (для 302)": "https://its.1c.ru/db/metod8dev/content/3223/hdoc",
    "Title": "Приложение Autorun",
    "File": "data359",
    "Уровень": "1. разделы"
}{
    "Ошибка": "У раздела нет ссылок (статей)? видимо нет",
    "url": "https://its.1c.ru/db/metod8dev/content/4914/1",
    "Конечный url (для 302)": "https://its.1c.ru/db/metod8dev/content/4914/hdoc",
    "Title": "Утилита 1CEClientSetupMake.exe",
    "File": "data360",
    "Уровень": "1. разделы"
}
эту ниже надоспарсить
     |
    \ /
{
    "Ошибка": "У раздела нет ссылок (статей)? видимо нет",
    "url": "https://its.1c.ru/db/uisldoc",
    "Конечный url (для 302)": "https://its.1c.ru/db/uisldoc",
    "Title": "Библиотека интернет-поддержки пользователей",
    "File": "data371",
    "Уровень": "1. разделы"
}{
    "Ошибка": "У раздела нет ссылок (статей)? видимо нет",
    "url": "https://its.1c.ru/db/metod8dev/content/3221/1",
    "Конечный url (для 302)": "https://its.1c.ru/db/metod8dev/content/3221/hdoc",
    "Title": "Технология создания внешних компонент для платформы 1С:Предприятие 8",
    "File": "data372",
    "Уровень": "1. разделы"
}{
    "Ошибка": "У раздела нет ссылок (статей)? видимо нет",
    "url": "https://its.1c.ru/db/metod8dev/content/5521/1",
    "Конечный url (для 302)": "https://its.1c.ru/db/metod8dev/content/5521/hdoc",
    "Title": "1С:Библиотека стандартных подсистем",
    "File": "data388",
    "Уровень": "1. разделы"
}{
    "Ошибка": "У раздела нет ссылок (статей)? видимо нет",
    "url": "https://its.1c.ru/db/metod8dev/content/5750/1",
    "Конечный url (для 302)": "https://its.1c.ru/db/metod8dev/content/5750/hdoc",
    "Title": "1С:Библиотека электронных документов",
    "File": "data389",
    "Уровень": "1. разделы"
}{
    "Ошибка": "У раздела нет ссылок (статей)? видимо нет",
    "url": "https://its.1c.ru/db/metod8dev/content/4882/1",
    "Конечный url (для 302)": "https://its.1c.ru/db/metod8dev/content/4882/hdoc",
    "Title": "1С:Библиотека подключаемого оборудования",
    "File": "data390",
    "Уровень": "1. разделы"
}{
    "Ошибка": "У раздела нет ссылок (статей)? видимо нет",
    "url": "https://its.1c.ru/db/metod8dev/content/2340/1",
    "Конечный url (для 302)": "https://its.1c.ru/db/metod8dev/content/2340/hdoc",
    "Title": "Управление мобильными приложениями",
    "File": "data392",
    "Уровень": "1. разделы"
}{
    "Ошибка": "У раздела нет ссылок (статей)? видимо нет",
    "url": "https://its.1c.ru/db/metod8dev/content/4727/1",
    "Конечный url (для 302)": "https://its.1c.ru/db/metod8dev/content/4727/hdoc",
    "Title": "Автоматическое обновление конфигурации информационной базы",
    "File": "data393",
    "Уровень": "1. разделы"
}{
    "Ошибка": "У раздела нет ссылок (статей)? видимо нет",
    "url": "https://its.1c.ru/db/metod81/content/4448/1",
    "Конечный url (для 302)": "https://its.1c.ru/db/metod81/content/4448/hdoc",
    "Title": "Внешняя печатная форма \"Транспортная накладная\" для конфигурации \"Управление торговлей 11\"",
    "File": "data394",
    "Уровень": "1. разделы"
}{
    "Ошибка": "У раздела нет ссылок (статей)? видимо нет",
    "url": "https://its.1c.ru/db/metod81/content/4797/1",
    "Конечный url (для 302)": "https://its.1c.ru/db/metod81/content/4797/hdoc",
    "Title": "1С:Фабрика отчетов 8.2",
    "File": "data395",
    "Уровень": "1. разделы"
}{
    "Ошибка": "У раздела нет ссылок (статей)? видимо нет",
    "url": "https://its.1c.ru/db/metod8dev/content/5948/1",
    "Конечный url (для 302)": "https://its.1c.ru/db/metod8dev/content/5948/hdoc",
    "Title": "Методика адаптации конфигураций под Мобильный клиент",
    "File": "data398",
    "Уровень": "1. разделы"
}{
    "Ошибка": "У раздела нет ссылок (статей)? видимо нет",
    "url": "https://its.1c.ru/db/metod8dev/content/3224/1",
    "Конечный url (для 302)": "https://its.1c.ru/db/metod8dev/content/3224/hdoc",
    "Title": "Руководство по стилю для типовых конфигураций на платформе 1С:Предприятие 8.2",
    "File": "data400",
    "Уровень": "1. разделы"
}{
    "Ошибка": "У раздела нет ссылок (статей)? видимо нет",
    "url": "https://its.1c.ru/db/metod8dev/content/4829/1",
    "Конечный url (для 302)": "https://its.1c.ru/db/metod8dev/content/4829/hdoc",
    "Title": "Руководство по созданию драйверов оборудования для 1С:Предприятия 8.2",
    "File": "data402",
    "Уровень": "1. разделы"
}{
    "Ошибка": "У раздела нет ссылок (статей)? видимо нет",
    "url": "https://its.1c.ru/db/metod8dev/content/5951/1",
    "Конечный url (для 302)": "https://its.1c.ru/db/metod8dev/content/5951/hdoc",
    "Title": "Использование Дата акселератора",
    "File": "data406",
    "Уровень": "1. разделы"
}{
    "Ошибка": "У раздела нет ссылок (статей)? видимо нет",
    "url": "https://its.1c.ru/video?movie=ownconfig",
    "Конечный url (для 302)": "http://its.1c.ru/video/ownconfig",
    "Title": "Что взять за основу для собственной конфигурации",
    "File": "data408",
    "Уровень": "1. разделы"
}{
    "Ошибка": "У раздела нет ссылок (статей)? видимо нет",
    "url": "https://its.1c.ru/video?movie=simpleconfig",
    "Конечный url (для 302)": "http://its.1c.ru/video/simpleconfig",
    "Title": "Как разработать простое прикладное решение",
    "File": "data409",
    "Уровень": "1. разделы"
}{
    "Ошибка": "У раздела нет ссылок (статей)? видимо нет",
    "url": "https://its.1c.ru/db/metod8dev/browse/13/-1/2441",
    "Конечный url (для 302)": "https://its.1c.ru/db/metod8dev/browse/13/-1/2441",
    "Title": "Платформа 1С:Предприятие 8.1",
    "File": "data418",
    "Уровень": "1. разделы"
}{
    "Ошибка": "У раздела нет ссылок (статей)? видимо нет",
    "url": "https://its.1c.ru/db/metod77",
    "Конечный url (для 302)": "https://its.1c.ru/db/metod77",
    "Title": "Платформа 1С:Предприятие 7.7",
    "File": "data419",
    "Уровень": "1. разделы"
}{
    "Ошибка": "У раздела нет ссылок (статей)? видимо нет",
    "url": "https://its.1c.ru/db/finflet",
    "Конечный url (для 302)": "https://its.1c.ru/db/finflet",
    "Title": "Информационные выпуски",
    "File": "data470",
    "Уровень": "1. разделы"
}{
    "Ошибка": "У раздела нет ссылок (статей)? видимо нет",
    "url": "https://its.1c.ru/partner/rating",
    "Конечный url (для 302)": "https://its.1c.ru/partner/rating?city=%D0%A1%D0%B0%D0%BD%D0%BA%D1%82-%D0%9F%D0%B5%D1%82%D0%B5%D1%80%D0%B1%D1%83%D1%80%D0%B3&region=%D0%A1%D0%B0%D0%BD%D0%BA%D1%82-%D0%9F%D0%B5%D1%82%D0%B5%D1%80%D0%B1%D1%83%D1%80%D0%B3",
    "Title": "Рейтинг партнеров по платным договорам ИТС",
    "File": "data471",
    "Уровень": "1. разделы"
}