{
    "Ошибка": {},
    "Первый url": "https://its.1c.ru/db/elitzkh/browse/1010/8337/8450",
    "Конечный url (если 302 были)": "https://its.1c.ru/db/elitzkh/browse/1010/8337/8450",
    "Title": "Деятельность управляющей компании",
    "File": "data309",
    "Уровень": "1. разделы"
}{
    "Ошибка": {},
    "Первый url": "https://its.1c.ru/db/elitzkh/browse/1010/8337/8457",
    "Конечный url (если 302 были)": "https://its.1c.ru/db/elitzkh/browse/1010/8337/8457",
    "Title": "Деятельность ТСЖ",
    "File": "data310",
    "Уровень": "1. разделы"
}{
    "Ошибка": {},
    "Первый url": "https://its.1c.ru/db/elitzkh/browse/1010/8337/8453",
    "Конечный url (если 302 были)": "https://its.1c.ru/db/elitzkh/browse/1010/8337/8453",
    "Title": "Работа с неплательщиками",
    "File": "data311",
    "Уровень": "1. разделы"
}{
    "Ошибка": {},
    "Первый url": "https://its.1c.ru/db/elitzkh/browse/1010/8337/8451",
    "Конечный url (если 302 были)": "https://its.1c.ru/db/elitzkh/browse/1010/8337/8451",
    "Title": "Словарь терминов ЖКХ",
    "File": "data312",
    "Уровень": "1. разделы"
}{
    "Ошибка": {
        "errno": "ECONNRESET",
        "code": "ECONNRESET",
        "syscall": "read"
    },
    "Первый url": "https://its.1c.ru/db/content/itsstandart/src/06.2 основные показатели эффективности сопровождения по 1с (блок-схема).htm?_=1544610849#",
    "Title": "Основные показатели эффективности сопровождения ПО 1С (блок-схема)",
    "File": "data465",
    "Уровень": "2. статьи"
}{
    "Ошибка": {},
    "Первый url": "https://its.1c.ru/partner/reports.php",
    "Конечный url (если 302 были)": "/partner/report",
    "Title": "Отчеты по договорам 1С:ИТС",
    "File": "data472",
    "Уровень": "1. разделы"
}