{
    "url": "https://its.1c.ru/db/translate/?db=upgrade1c&path=src%2F1%F1-%E1%F3%F5%E3%E0%EB%F2%E5%F0%E8%FF%208%20%EF%F0%E5%E8%EC%F3%F9%E5%F1%F2%E2%E0%203.0%2Fi8105368.htm",
    "Конечный url (для 302)": "https://its.1c.ru/db/upgrade1c/content/2/hdoc/",
    "Title": "Преимущества 1С:Бухгалтерии 8 редакции 3.0 в сравнении с редакцией 2.0",
    "File": "data28",
    "Первая ссылка на этот раздел": {
        "linkFirstMention": "https://its.1c.ru/db/translate/?db=upgrade1c&path=src%2F%EF%EB%E0%F2%F4%EE%F0%EC%E0%208.3%2Fupdpltfrm.htm",
        "titleFirstMention": "Порядок обновления на новую версию \"1С:Предприятия 8.3\"",
        "data": "./dumps/data27.json"
    },
    "Уровень": "1. разделы"
}{
    "url": "https://its.1c.ru/db/translate/?db=upgrade1c&path=src%2F1%F1-%E1%F3%F5%E3%E0%EB%F2%E5%F0%E8%FF%208%20%F1%202.0%20%ED%E0%203.0%2Fi8105037.htm",
    "Конечный url (для 302)": "https://its.1c.ru/db/upgrade1c/content/4/hdoc/",
    "Title": "Руководство по переходу с редакции 2.0 на редакцию 3.0 1С:Бухгалтерии 8",
    "File": "data29",
    "Первая ссылка на этот раздел": {
        "linkFirstMention": "https://its.1c.ru/db/translate/?db=upgrade1c&path=src%2F%EF%EB%E0%F2%F4%EE%F0%EC%E0%208.3%2Fupdpltfrm.htm",
        "titleFirstMention": "Порядок обновления на новую версию \"1С:Предприятия 8.3\"",
        "data": "./dumps/data27.json"
    },
    "Уровень": "1. разделы"
}{
    "url": "https://its.1c.ru/db/translate/?db=upgrade1c&path=src%2F1%F1-%E1%F3%F5%E3%E0%EB%F2%E5%F0%E8%FF%208%20%E7%ED%E0%EA%EE%EC%F1%F2%E2%EE%20%F1%203.0%2Fintroduction2030.htm",
    "Конечный url (для 302)": "https://its.1c.ru/db/upgrade1c/content/16/hdoc/",
    "Title": "Знакомство с 1С:Бухгалтерией 8 редакции 3.0 (для пользователей, перешедших с 2.0)",
    "File": "data30",
    "Первая ссылка на этот раздел": {
        "linkFirstMention": "https://its.1c.ru/db/translate/?db=upgrade1c&path=src%2F%EF%EB%E0%F2%F4%EE%F0%EC%E0%208.3%2Fupdpltfrm.htm",
        "titleFirstMention": "Порядок обновления на новую версию \"1С:Предприятия 8.3\"",
        "data": "./dumps/data27.json"
    },
    "Уровень": "1. разделы"
}{
    "url": "https://its.1c.ru/db/translate/?db=upgrade1c&path=src%2F1%F1-%E1%F3%F5%E3%E0%EB%F2%E5%F0%E8%FF%208%20%F1%201.6%20%ED%E0%202.0%2Fperehod_1.6_2.0.htm",
    "Конечный url (для 302)": "https://its.1c.ru/db/upgrade1c/content/3/hdoc/",
    "Title": "Руководство по переходу с редакции 1.6 на редакцию 2.0 1С:Бухгалтерии 8",
    "File": "data31",
    "Первая ссылка на этот раздел": {
        "linkFirstMention": "https://its.1c.ru/db/translate/?db=upgrade1c&path=src%2F%EF%EB%E0%F2%F4%EE%F0%EC%E0%208.3%2Fupdpltfrm.htm",
        "titleFirstMention": "Порядок обновления на новую версию \"1С:Предприятия 8.3\"",
        "data": "./dumps/data27.json"
    },
    "Уровень": "1. разделы"
}{
    "url": "https://its.1c.ru/db/translate/?db=upgrade1c&path=src%2F%ED%E0%201%F1-%E1%F3%F5%E3%E0%EB%F2%E5%F0%E8%FE%208%2Findex.htm",
    "Конечный url (для 302)": "https://its.1c.ru/db/upgrade1c/content/5/hdoc/",
    "Title": "Руководство по переходу на 1С:Бухгалтерию 8",
    "File": "data32",
    "Первая ссылка на этот раздел": {
        "linkFirstMention": "https://its.1c.ru/db/translate/?db=upgrade1c&path=src%2F%EF%EB%E0%F2%F4%EE%F0%EC%E0%208.3%2Fupdpltfrm.htm",
        "titleFirstMention": "Порядок обновления на новую версию \"1С:Предприятия 8.3\"",
        "data": "./dumps/data27.json"
    },
    "Уровень": "1. разделы"
}{
    "url": "https://its.1c.ru/db/translate/?db=answers1c&path=src%2F%E1%EF30%2F%E1%EF30.htm",
    "Конечный url (для 302)": "https://its.1c.ru/db/answers1c/content/2/hdoc/",
    "Title": "Ответы на вопросы по 1С:Бухгалтерии 8 (ред. 3.0)",
    "File": "data42",
    "Первая ссылка на этот раздел": {
        "linkFirstMention": "https://its.1c.ru/db/translate/?db=answers1c&path=src%2Fnews.htm",
        "titleFirstMention": "Новые ответы",
        "data": "./dumps/data41.json"
    },
    "Уровень": "1. разделы"
}{
    "url": "https://its.1c.ru/db/translate/?db=answers1c&path=src%2F%E7%F3%EF30%2F%E7%F3%EF30.htm",
    "Конечный url (для 302)": "https://its.1c.ru/db/answers1c/content/17/hdoc/",
    "Title": "Ответы на вопросы по 1С:ЗУП 8 (ред. 3)",
    "File": "data43",
    "Первая ссылка на этот раздел": {
        "linkFirstMention": "https://its.1c.ru/db/translate/?db=answers1c&path=src%2Fnews.htm",
        "titleFirstMention": "Новые ответы",
        "data": "./dumps/data41.json"
    },
    "Уровень": "1. разделы"
}{
    "url": "https://its.1c.ru/db/translate/?db=answers1c&path=src%2F%EA%E020%2F%EA%E020.htm",
    "Конечный url (для 302)": "https://its.1c.ru/db/answers1c/content/272/hdoc/",
    "Title": "Ответы на вопросы по 1С:КА 2.2 и 1С:ERP 2.2",
    "File": "data44",
    "Первая ссылка на этот раздел": {
        "linkFirstMention": "https://its.1c.ru/db/translate/?db=answers1c&path=src%2Fnews.htm",
        "titleFirstMention": "Новые ответы",
        "data": "./dumps/data41.json"
    },
    "Уровень": "1. разделы"
}{
    "url": "https://its.1c.ru/db/translate/?db=accprib&path=src%2F%ED%EF%201%F1%20%EE%F0%E3%E0%ED%E8%E7%E0%F6%E8%FF%20%ED%E0%EB%EE%E3%EE%E2%EE%E3%EE%20%F3%F7%E5%F2%E0%20%F3%F7%E5%F2%ED%E0%FF%20%EF%EE%EB%E8%F2%E8%EA%E0.htm",
    "Конечный url (для 302)": "https://its.1c.ru/db/accprib/content/1055/hdoc/",
    "Title": "Для целей учета налога на прибыль организаций",
    "File": "data49",
    "Первая ссылка на этот раздел": {
        "linkFirstMention": "https://its.1c.ru/db/translate/?db=accprib&path=src%2F0000000_%ED%EF_%EA%E0%F0%F2%E0_%F1%EF%F0%E0%E2%EE%F7%ED%E8%EA%E0.htm",
        "titleFirstMention": "Учет по налогу на прибыль организаций",
        "data": "./dumps/data46.json"
    },
    "Уровень": "1. разделы"
}{
    "url": "https://its.1c.ru/db/translate/?db=accnds&path=src%2F0202002_%EF_%F3%F7%E5%F2%ED%EF%EE%EB%E8%F2%E8%EA%E0%ED%E4%F1.htm",
    "Конечный url (для 302)": "https://its.1c.ru/db/accnds/content/1052/hdoc/",
    "Title": "Для целей учета налога на добавленную стоимость",
    "File": "data50",
    "Первая ссылка на этот раздел": {
        "linkFirstMention": "https://its.1c.ru/db/translate/?db=accnds&path=src%2F%ED%E4%F1%20%EA%E0%F0%F2%E0%20%F1%EF%F0%E0%E2%EE%F7%ED%E8%EA%E0.htm",
        "titleFirstMention": "Учет по налогу на добавленную стоимость",
        "data": "./dumps/data47.json"
    },
    "Уровень": "1. разделы"
}{
    "url": "https://its.1c.ru/db/translate/?db=accusn&path=src%2F%F3%F1%ED%201%F1%20%EE%F0%E3%E0%ED%E8%E7%E0%F6%E8%FF%20%ED%E0%EB%EE%E3%EE%E2%EE%E3%EE%20%F3%F7%E5%F2%E0%20%EF%F0%E8%20%F3%F1%ED%20%F3%F7%E5%F2%ED%E0%FF%20%EF%EE%EB%E8%F2%E8%EA%E0.htm",
    "Конечный url (для 302)": "https://its.1c.ru/db/accusn/content/334/hdoc/",
    "Title": "Для целей налогового учета при УСН",
    "File": "data51",
    "Первая ссылка на этот раздел": {
        "linkFirstMention": "https://its.1c.ru/db/translate/?db=accusn&path=src%2F%F3%F1%ED%20%EA%E0%F0%F2%E0%20%F1%EF%F0%E0%E2%EE%F7%ED%E8%EA%E0.htm",
        "titleFirstMention": "Учет при применении УСН",
        "data": "./dumps/data48.json"
    },
    "Уровень": "1. разделы"
}{
    "url": "https://its.1c.ru/db/translate/?db=accdetails&path=src%2F30000_%FD%EA%F1%EF%EE%F0%F2.htm",
    "Конечный url (для 302)": "https://its.1c.ru/db/accdetails/content/36/hdoc/",
    "Title": "Экспорт",
    "File": "data57",
    "Первая ссылка на этот раздел": {
        "linkFirstMention": "https://its.1c.ru/db/translate/?db=accdetails&path=src%2F10000_%EB%E8%E7%E8%ED%E3.htm",
        "titleFirstMention": "Лизинг",
        "data": "./dumps/data56.json"
    },
    "Уровень": "1. разделы"
}{
    "url": "https://its.1c.ru/db/translate/?db=accdetails&path=src%2F20000_%E8%EC%EF%EE%F0%F2.htm",
    "Конечный url (для 302)": "https://its.1c.ru/db/accdetails/content/27/hdoc/",
    "Title": "Импорт",
    "File": "data58",
    "Первая ссылка на этот раздел": {
        "linkFirstMention": "https://its.1c.ru/db/translate/?db=accdetails&path=src%2F10000_%EB%E8%E7%E8%ED%E3.htm",
        "titleFirstMention": "Лизинг",
        "data": "./dumps/data56.json"
    },
    "Уровень": "1. разделы"
}{
    "url": "https://its.1c.ru/db/bgudoc",
    "Конечный url (для 302)": "https://its.1c.ru/db/bgudoc",
    "Title": "1С:Бухгалтерия государственного учреждения 2.0",
    "File": "data70",
    "Первая ссылка на этот раздел": {
        "linkFirstMention": "https://its.1c.ru/db/bgudoc",
        "titleFirstMention": "1С:Бухгалтерия государственного учреждения 2.0",
        "data": "./dumps/data14.json"
    },
    "Уровень": "1. разделы"
}{
    "url": "https://its.1c.ru/db/bguservicedoc",
    "Конечный url (для 302)": "https://its.1c.ru/db/bguservicedoc",
    "Title": "1С:Бухгалтерия государственного учреждения 2.0. Сервисные возможности и администрирование",
    "File": "data71",
    "Первая ссылка на этот раздел": {
        "linkFirstMention": "https://its.1c.ru/db/bguservicedoc",
        "titleFirstMention": "1С:Бухгалтерия государственного учреждения 2.0. Сервисные возможности и администрирование",
        "data": "./dumps/data15.json"
    },
    "Уровень": "1. разделы"
}{
    "url": "https://its.1c.ru/db/statehrmdoc",
    "Конечный url (для 302)": "https://its.1c.ru/db/statehrmdoc",
    "Title": "1С:Зарплата и кадры государственного учреждения 3.0",
    "File": "data72",
    "Первая ссылка на этот раздел": {
        "linkFirstMention": "https://its.1c.ru/db/statehrmdoc",
        "titleFirstMention": "1С:Зарплата и кадры государственного учреждения, редакция 3",
        "data": "./dumps/data16.json"
    },
    "Уровень": "1. разделы"
}{
    "url": "https://its.1c.ru/db/zkbudoc",
    "Конечный url (для 302)": "https://its.1c.ru/db/zkbudoc",
    "Title": "1С:Зарплата и кадры бюджетного учреждения 1.0",
    "File": "data73",
    "Первая ссылка на этот раздел": {
        "linkFirstMention": "https://its.1c.ru/db/zkbudoc",
        "titleFirstMention": "1С:Зарплата и кадры бюджетного учреждения 1.0",
        "data": "./dumps/data17.json"
    },
    "Уровень": "1. разделы"
}{
    "url": "https://its.1c.ru/db/translate/?db=garant&path=src%2Fd02312%2Fi0462431.htm&anchor=2000",
    "Конечный url (для 302)": "https://its.1c.ru/db/garant/content/12081735/hdoc/2000",
    "Title": "Приказ Минфина России от 16.12.2010 № 174н. Инструкция по применению Плана счетов бухгалтерского учета бюджетных учреждений",
    "File": "data78",
    "Первая ссылка на этот раздел": {
        "linkFirstMention": "https://its.1c.ru/db/translate/?db=garant&path=src%2Fd03575%2Fi0715089.htm&anchor=100000",
        "titleFirstMention": "Приказ Минфина России от 01.07.2013 № 65н. Указания о порядке применения бюджетной классификации",
        "data": "./dumps/data75.json"
    },
    "Уровень": "1. разделы"
}{
    "url": "https://its.1c.ru/db/translate/?db=garant&path=src%2Fd02312%2Fi0462430.htm&anchor=2000",
    "Конечный url (для 302)": "https://its.1c.ru/db/garant/content/12081733/hdoc/2000",
    "Title": "Приказ Минфина России от 23.12.2010 № 183н. Инструкция по применению Плана счетов бухгалтерского учета автономных учреждений",
    "File": "data79",
    "Первая ссылка на этот раздел": {
        "linkFirstMention": "https://its.1c.ru/db/translate/?db=garant&path=src%2Fd03575%2Fi0715089.htm&anchor=100000",
        "titleFirstMention": "Приказ Минфина России от 01.07.2013 № 65н. Указания о порядке применения бюджетной классификации",
        "data": "./dumps/data75.json"
    },
    "Уровень": "1. разделы"
}{
    "url": "https://its.1c.ru/db/garant/content/70851956/1",
    "Конечный url (для 302)": "https://its.1c.ru/db/garant/content/70851956/hdoc",
    "Title": "Приказ Минфина России от 30.03.2015 г. N 52н \"Об утверждении форм первичных учетных документов и регистров бухгалтерского учета, применяемых органами государственной власти (государственными органами), органами местного самоуправления, органами управления государственными внебюджетными фондами, государственными (муниципальными) учреждениями, и Методических указаний по их применению\"",
    "File": "data80",
    "Первая ссылка на этот раздел": {
        "linkFirstMention": "https://its.1c.ru/db/translate/?db=garant&path=src%2Fd03575%2Fi0715089.htm&anchor=100000",
        "titleFirstMention": "Приказ Минфина России от 01.07.2013 № 65н. Указания о порядке применения бюджетной классификации",
        "data": "./dumps/data75.json"
    },
    "Уровень": "1. разделы"
}{
    "url": "https://its.1c.ru/db/garant/content/12081732/1/1000",
    "Конечный url (для 302)": "https://its.1c.ru/db/garant/content/12081732/hdoc/1000",
    "Title": "Приказ Минфина России от 28.12.2010 № 191н. Инструкция о порядке составления и представления годовой, квартальной и месячной отчетности об исполнении бюджетов бюджетной системы Российской Федерации",
    "File": "data81",
    "Первая ссылка на этот раздел": {
        "linkFirstMention": "https://its.1c.ru/db/translate/?db=garant&path=src%2Fd03575%2Fi0715089.htm&anchor=100000",
        "titleFirstMention": "Приказ Минфина России от 01.07.2013 № 65н. Указания о порядке применения бюджетной классификации",
        "data": "./dumps/data75.json"
    },
    "Уровень": "1. разделы"
}{
    "url": "https://its.1c.ru/db/garant/content/71486636/1/1000",
    "Конечный url (для 302)": "https://its.1c.ru/db/garant/content/71486636/hdoc/1000",
    "Title": "Приказ Минфина России от 31.12.2016 № 256н. \"Концептуальные основы бухгалтерского учета и отчетности организаций государственного сектора\"",
    "File": "data83",
    "Первая ссылка на этот раздел": {
        "linkFirstMention": "https://its.1c.ru/db/translate/?db=garant&path=src%2Fd03575%2Fi0715089.htm&anchor=100000",
        "titleFirstMention": "Приказ Минфина России от 01.07.2013 № 65н. Указания о порядке применения бюджетной классификации",
        "data": "./dumps/data75.json"
    },
    "Уровень": "1. разделы"
}{
    "url": "https://its.1c.ru/db/garant/content/71489050/1/1000",
    "Конечный url (для 302)": "https://its.1c.ru/db/garant/content/71489050/hdoc/1000",
    "Title": "Приказ Минфина России от 31.12.2016 № 257н. \"Основные средства\"",
    "File": "data84",
    "Первая ссылка на этот раздел": {
        "linkFirstMention": "https://its.1c.ru/db/translate/?db=garant&path=src%2Fd03575%2Fi0715089.htm&anchor=100000",
        "titleFirstMention": "Приказ Минфина России от 01.07.2013 № 65н. Указания о порядке применения бюджетной классификации",
        "data": "./dumps/data75.json"
    },
    "Уровень": "1. разделы"
}{
    "url": "https://its.1c.ru/db/garant/content/71488992/1/1000",
    "Конечный url (для 302)": "https://its.1c.ru/db/garant/content/71488992/hdoc/1000",
    "Title": "Приказ Минфина России от 31.12.2016 № 258н. \"Аренда\"",
    "File": "data85",
    "Первая ссылка на этот раздел": {
        "linkFirstMention": "https://its.1c.ru/db/translate/?db=garant&path=src%2Fd03575%2Fi0715089.htm&anchor=100000",
        "titleFirstMention": "Приказ Минфина России от 01.07.2013 № 65н. Указания о порядке применения бюджетной классификации",
        "data": "./dumps/data75.json"
    },
    "Уровень": "1. разделы"
}{
    "url": "https://its.1c.ru/db/garant/content/71488960/1/1000",
    "Конечный url (для 302)": "https://its.1c.ru/db/garant/content/71488960/hdoc/1000",
    "Title": "Приказ Минфина России от 31.12.2016 № 260н. \"Представление бухгалтерской (финансовой) отчетности\"",
    "File": "data87",
    "Первая ссылка на этот раздел": {
        "linkFirstMention": "https://its.1c.ru/db/translate/?db=garant&path=src%2Fd03575%2Fi0715089.htm&anchor=100000",
        "titleFirstMention": "Приказ Минфина России от 01.07.2013 № 65н. Указания о порядке применения бюджетной классификации",
        "data": "./dumps/data75.json"
    },
    "Уровень": "1. разделы"
}{
    "url": "https://its.1c.ru/db/sprinfo",
    "Конечный url (для 302)": "https://its.1c.ru/db/sprinfo",
    "Title": "Обучение, экзамены, справочная информация",
    "File": "data93",
    "Первая ссылка на этот раздел": {
        "linkFirstMention": "https://its.1c.ru/db/sprinfo",
        "titleFirstMention": "Обучение, экзамены, справочная информация",
        "data": "./dumps/data35.json"
    },
    "Уровень": "1. разделы"
}{
    "url": "https://its.1c.ru/db/translate/?db=taxtrans&path=src%2F%F1%F2%E0%E2%EA%E8%20%EF%EE%20%F0%E5%E3%E8%EE%ED%E0%EC.htm",
    "Конечный url (для 302)": "https://its.1c.ru/db/taxtrans/content/56/hdoc/",
    "Title": "Ставки и сроки уплаты транспортного налога по регионам",
    "File": "data116",
    "Первая ссылка на этот раздел": {
        "linkFirstMention": "https://its.1c.ru/db/taxtrans",
        "titleFirstMention": "Транспортный налог",
        "data": "./dumps/data106.json"
    },
    "Уровень": "1. разделы"
}{
    "url": "https://its.1c.ru/db/translate/?db=taximu&path=src%2F%E8%EC_%F2_%F1%F2%E0%E2%EA%E8_%E8_%F1%F0%EE%EA%E8_%F3%EF%EB%E0%F2%FB.htm",
    "Конечный url (для 302)": "https://its.1c.ru/db/taximu/content/214/hdoc/",
    "Title": "Ставки и сроки уплаты налога на имущество организаций по регионам",
    "File": "data117",
    "Первая ссылка на этот раздел": {
        "linkFirstMention": "https://its.1c.ru/db/taximu",
        "titleFirstMention": "Налог на имущество организаций",
        "data": "./dumps/data105.json"
    },
    "Уровень": "1. разделы"
}{
    "url": "https://its.1c.ru/db/translate/?db=taximu&path=src%2F%E8%EC_%F2_%EB%FC%E3%EE%F2%E0%20%E8%EC%F3%F9%E5%F1%F2%E2%EE.htm",
    "Конечный url (для 302)": "https://its.1c.ru/db/taximu/content/215/hdoc/",
    "Title": "Льгота по движимому имуществу, принятому на учет с 2013 года",
    "File": "data118",
    "Первая ссылка на этот раздел": {
        "linkFirstMention": "https://its.1c.ru/db/taximu",
        "titleFirstMention": "Налог на имущество организаций",
        "data": "./dumps/data105.json"
    },
    "Уровень": "1. разделы"
}{
    "url": "https://its.1c.ru/db/translate/?db=answers&path=src%2F%ED%E0%EB%EE%E3%E8%2F%210%20%ED%E0%EB%EE%E3%E8.htm",
    "Конечный url (для 302)": "https://its.1c.ru/db/answers/content/1058/hdoc/",
    "Title": "Ответы аудиторов на вопросы по налогообложению",
    "File": "data121",
    "Первая ссылка на этот раздел": {
        "linkFirstMention": "https://its.1c.ru/db/translate/?db=answers&path=src%2F%F1%F5%EE%2F%210%20%F3%F7%E5%F2.htm",
        "titleFirstMention": "Ответы аудиторов на вопросы по бухгалтерскому и налоговому учету",
        "data": "./dumps/data59.json"
    },
    "Уровень": "1. разделы"
}{
    "url": "https://its.1c.ru/db/declprib",
    "Конечный url (для 302)": "https://its.1c.ru/db/declprib",
    "Title": "Налог на прибыль организаций",
    "File": "data132",
    "Первая ссылка на этот раздел": {
        "linkFirstMention": "https://its.1c.ru/db/translate/?db=declprib&path=src%2F%ED%EF%201%F1%20%EE%F2%F7%E5%F2%ED%EE%F1%F2%FC%20%E4%E5%EA%EB%E0%F0%E0%F6%E8%FF_3_2018_11.htm",
        "titleFirstMention": "Декларация по налогу на прибыль организаций (уплачивающих ежемесячные авансовые платежи исходя из фактической прибыли)",
        "data": "./dumps/data126.json"
    },
    "Уровень": "1. разделы"
}{
    "url": "https://its.1c.ru/db/declnds",
    "Конечный url (для 302)": "https://its.1c.ru/db/declnds",
    "Title": "НДС",
    "File": "data133",
    "Первая ссылка на этот раздел": {
        "linkFirstMention": "https://its.1c.ru/db/translate/?db=declnds&path=src%2F%ED%E4%F1%201%F1%20%E4%E5%EA%EB%E0%F0%E0%F6%E8%FF%20%F2%E0%EC%EE%E6%F1%EE%FE%E7%202018_11.htm",
        "titleFirstMention": "Декларация по косвенным налогам",
        "data": "./dumps/data127.json"
    },
    "Уровень": "1. разделы"
}{
    "url": "https://its.1c.ru/db/translate/?db=strahrep&path=src%2F%F1%E2%20%F0%F1%E2_01_01_2017.htm",
    "Конечный url (для 302)": "https://its.1c.ru/db/strahrep/content/34700/hdoc/",
    "Title": "Расчет по страховым взносам",
    "File": "data141",
    "Первая ссылка на этот раздел": {
        "linkFirstMention": "https://its.1c.ru/db/translate/?db=strahrep&path=src%2F%EE%F2%F7%E5%F2%ED%EE%F1%F2%FC_%EF%F4%F0_%F1%E7%E2_%EC_2016_04.htm",
        "titleFirstMention": "Сведения о застрахованных лицах по форме СЗВ-М",
        "data": "./dumps/data128.json"
    },
    "Уровень": "1. разделы"
}{
    "url": "https://its.1c.ru/db/translate/?db=strahrep&path=src%2F%EE%F2%F7%E5%F2%ED%EE%F1%F2%FC_%F1%E2_%EE%EF%E8%F1%E0%ED%E8%E5_%F4%EE%F0%EC_%F4%F1%F1_2017.htm",
    "Конечный url (для 302)": "https://its.1c.ru/db/strahrep/content/34696/hdoc/",
    "Title": "Форма 4-ФСС",
    "File": "data142",
    "Первая ссылка на этот раздел": {
        "linkFirstMention": "https://its.1c.ru/db/translate/?db=strahrep&path=src%2F%EE%F2%F7%E5%F2%ED%EE%F1%F2%FC_%EF%F4%F0_%F1%E7%E2_%EC_2016_04.htm",
        "titleFirstMention": "Сведения о застрахованных лицах по форме СЗВ-М",
        "data": "./dumps/data128.json"
    },
    "Уровень": "1. разделы"
}{
    "url": "https://its.1c.ru/db/translate/?db=strahrep&path=src%2F%F1%E2%20%F1%E7%E2-%EC_01_04_2016.htm",
    "Конечный url (для 302)": "https://its.1c.ru/db/strahrep/content/34711/hdoc/",
    "Title": "Форма СЗВ-М",
    "File": "data143",
    "Первая ссылка на этот раздел": {
        "linkFirstMention": "https://its.1c.ru/db/translate/?db=strahrep&path=src%2F%EE%F2%F7%E5%F2%ED%EE%F1%F2%FC_%EF%F4%F0_%F1%E7%E2_%EC_2016_04.htm",
        "titleFirstMention": "Сведения о застрахованных лицах по форме СЗВ-М",
        "data": "./dumps/data128.json"
    },
    "Уровень": "1. разделы"
}{
    "url": "https://its.1c.ru/db/translate/?db=strahrep&path=src%2F%F1%E2%20%F1%E7%E2-%F1%F2%E0%E6_01_01_2018.htm",
    "Конечный url (для 302)": "https://its.1c.ru/db/strahrep/content/34812/hdoc/",
    "Title": "Форма СЗВ-СТАЖ",
    "File": "data144",
    "Первая ссылка на этот раздел": {
        "linkFirstMention": "https://its.1c.ru/db/translate/?db=strahrep&path=src%2F%EE%F2%F7%E5%F2%ED%EE%F1%F2%FC_%EF%F4%F0_%F1%E7%E2_%EC_2016_04.htm",
        "titleFirstMention": "Сведения о застрахованных лицах по форме СЗВ-М",
        "data": "./dumps/data128.json"
    },
    "Уровень": "1. разделы"
}{
    "url": "https://its.1c.ru/db/translate/?db=staff1c&path=src%2F%EA%E0%F0%F2%E0%20%F1%EF%F0%E0%E2%EE%F7%ED%E8%EA%E0-prakt.htm",
    "Конечный url (для 302)": "https://its.1c.ru/db/staff1c/content/33782/hdoc/",
    "Title": "Кадровый учет и расчеты с персоналом в программах «1С»",
    "File": "data148",
    "Первая ссылка на этот раздел": {
        "linkFirstMention": "https://its.1c.ru/db/translate/?db=staff1c&path=src%2F%EA%E0%F0%F2%E0%20%F1%EF%F0%E0%E2%EE%F7%ED%E8%EA%E0-prakt.htm",
        "titleFirstMention": "Кадровый учет и расчеты с персоналом в программах «1С»",
        "data": "./dumps/data68.json"
    },
    "Уровень": "1. разделы"
}{
    "url": "https://its.1c.ru/db/stafft/content/35012/hdoc",
    "Конечный url (для 302)": "https://its.1c.ru/db/stafft/content/35012/hdoc",
    "Title": "Минимальный размер оплаты труда (МРОТ)",
    "File": "data154",
    "Первая ссылка на этот раздел": {
        "linkFirstMention": "https://its.1c.ru/db/translate/?db=stafft&path=src%2Fc.0.kadr..htm",
        "titleFirstMention": "Справочник кадровика",
        "data": "./dumps/data147.json"
    },
    "Уровень": "1. разделы"
}{
    "url": "https://its.1c.ru/db/translate/?db=stafft&path=src%2F060200_%F2_%F0%E5%E3%EC%F0%EE%F2.htm",
    "Конечный url (для 302)": "https://its.1c.ru/db/stafft/content/34880/hdoc/",
    "Title": "Размер минимальной заработной платы по регионам",
    "File": "data155",
    "Первая ссылка на этот раздел": {
        "linkFirstMention": "https://its.1c.ru/db/translate/?db=stafft&path=src%2Fc.0.kadr..htm",
        "titleFirstMention": "Справочник кадровика",
        "data": "./dumps/data147.json"
    },
    "Уровень": "1. разделы"
}{
    "url": "https://its.1c.ru/db/stafft/content/35013/hdoc",
    "Конечный url (для 302)": "https://its.1c.ru/db/stafft/content/35013/hdoc",
    "Title": "Величина прожиточного минимума в целом по РФ",
    "File": "data156",
    "Первая ссылка на этот раздел": {
        "linkFirstMention": "https://its.1c.ru/db/translate/?db=stafft&path=src%2Fc.0.kadr..htm",
        "titleFirstMention": "Справочник кадровика",
        "data": "./dumps/data147.json"
    },
    "Уровень": "1. разделы"
}{
    "url": "https://its.1c.ru/db/translate/?db=stafft&path=src%2F060300_1_%F2_%EF%F0%EE%E6%EC%E8%ED.htm",
    "Конечный url (для 302)": "https://its.1c.ru/db/stafft/content/35007/hdoc/",
    "Title": "Величина прожиточного минимума по регионам",
    "File": "data157",
    "Первая ссылка на этот раздел": {
        "linkFirstMention": "https://its.1c.ru/db/translate/?db=stafft&path=src%2Fc.0.kadr..htm",
        "titleFirstMention": "Справочник кадровика",
        "data": "./dumps/data147.json"
    },
    "Уровень": "1. разделы"
}{
    "url": "https://its.1c.ru/db/stafft/content/35016/hdoc",
    "Конечный url (для 302)": "https://its.1c.ru/db/stafft/content/35016/hdoc",
    "Title": "Типовые нормы выдачи СИЗ",
    "File": "data162",
    "Первая ссылка на этот раздел": {
        "linkFirstMention": "https://its.1c.ru/db/translate/?db=stafft&path=src%2Fc.0.kadr..htm",
        "titleFirstMention": "Справочник кадровика",
        "data": "./dumps/data147.json"
    },
    "Уровень": "1. разделы"
}{
    "url": "https://its.1c.ru/db/translate/?db=answers&path=src%2F%EA%E0%E4%F0%FB%2F%210%20%EE%F2%E2%E5%F2%FB%20%ED%E0%20%E2%EE%EF%F0%EE%F1%FB.htm",
    "Конечный url (для 302)": "https://its.1c.ru/db/answers/content/1/hdoc/",
    "Title": "Ответы на вопросы по кадрам и оплате труда",
    "File": "data166",
    "Первая ссылка на этот раздел": {
        "linkFirstMention": "https://its.1c.ru/db/translate/?db=answers&path=src%2F%F1%F5%EE%2F%210%20%F3%F7%E5%F2.htm",
        "titleFirstMention": "Ответы аудиторов на вопросы по бухгалтерскому и налоговому учету",
        "data": "./dumps/data59.json"
    },
    "Уровень": "1. разделы"
}{
    "url": "https://its.1c.ru/db/newscomm",
    "Конечный url (для 302)": "https://its.1c.ru/db/newscomm",
    "Title": "Комментарии законодательства",
    "File": "data168",
    "Первая ссылка на этот раздел": {
        "linkFirstMention": "https://its.1c.ru/db/newscomm/content/457369/1",
        "titleFirstMention": "Наиболее значимые для бухгалтера изменения законодательства",
        "data": "./dumps/data167.json"
    },
    "Уровень": "1. разделы"
}{
    "url": "https://its.1c.ru/db/translate/?db=contracts&path=src%2Fdogovor%2F%EE%E1%F0%E0%E7%F6%FB.htm",
    "Конечный url (для 302)": "https://its.1c.ru/db/contracts/content/371/hdoc/",
    "Title": "Образцы договоров",
    "File": "data172",
    "Первая ссылка на этот раздел": {
        "linkFirstMention": "https://its.1c.ru/db/translate/?db=contracts&path=src%2Fdogovor%2F%EE%E1%F9%E8%E5%20%EF%EE%EB%EE%E6%E5%ED%E8%FF.htm",
        "titleFirstMention": "Общие положения",
        "data": "./dumps/data171.json"
    },
    "Уровень": "1. разделы"
}{
    "url": "https://its.1c.ru/db/translate/?db=contracts&path=src%2Fdogovor%2F_08_%EE%F2%E4%E5%EB%FC%ED%FB%E5%20%E2%E8%E4%FB%20%E4%EE%E3%EE%E2%EE%F0%EE%E2%2F0801_%E4%EE%E3%EE%E2%EE%F0_%EF%EE%F1%F2%E0%E2%EA%E8%2F080100_%E4%EE%E3%EE%E2%EE%F0_%EF%EE%F1%F2%E0%E2%EA%E8.htm",
    "Конечный url (для 302)": "https://its.1c.ru/db/contracts/content/49/hdoc/",
    "Title": "Договор поставки",
    "File": "data173",
    "Первая ссылка на этот раздел": {
        "linkFirstMention": "https://its.1c.ru/db/translate/?db=contracts&path=src%2Fdogovor%2F%EE%E1%F9%E8%E5%20%EF%EE%EB%EE%E6%E5%ED%E8%FF.htm",
        "titleFirstMention": "Общие положения",
        "data": "./dumps/data171.json"
    },
    "Уровень": "1. разделы"
}{
    "url": "https://its.1c.ru/db/translate/?db=contracts&path=src%2Fdogovor%2F_08_%EE%F2%E4%E5%EB%FC%ED%FB%E5%20%E2%E8%E4%FB%20%E4%EE%E3%EE%E2%EE%F0%EE%E2%2F0802_%E4%EE%E3%EE%E2%EE%F0_%E0%F0%E5%ED%E4%FB%2F080200_%E4%EE%E3%EE%E2%EE%F0_%E0%F0%E5%ED%E4%FB.htm",
    "Конечный url (для 302)": "https://its.1c.ru/db/contracts/content/56/hdoc/",
    "Title": "Договор аренды",
    "File": "data174",
    "Первая ссылка на этот раздел": {
        "linkFirstMention": "https://its.1c.ru/db/translate/?db=contracts&path=src%2Fdogovor%2F%EE%E1%F9%E8%E5%20%EF%EE%EB%EE%E6%E5%ED%E8%FF.htm",
        "titleFirstMention": "Общие положения",
        "data": "./dumps/data171.json"
    },
    "Уровень": "1. разделы"
}{
    "url": "https://its.1c.ru/db/translate/?db=contracts&path=src%2Fdogovor%2F_08_%EE%F2%E4%E5%EB%FC%ED%FB%E5%20%E2%E8%E4%FB%20%E4%EE%E3%EE%E2%EE%F0%EE%E2%2F0802_%E4%EE%E3%EE%E2%EE%F0_%E0%F0%E5%ED%E4%FB_%F2%F1_%F1_%FD%EA%E8%EF%E0%E6%E5%EC%2F081200_%E4%EE%E3%EE%E2%EE%F0_%E0%F0%E5%ED%E4%FB_%F2%F1_%F1_%FD%EA%E8%EF%E0%E6%E5%EC.htm",
    "Конечный url (для 302)": "https://its.1c.ru/db/contracts/content/28851/hdoc/",
    "Title": "Договор аренды транспортного средства с экипажем",
    "File": "data175",
    "Первая ссылка на этот раздел": {
        "linkFirstMention": "https://its.1c.ru/db/translate/?db=contracts&path=src%2Fdogovor%2F%EE%E1%F9%E8%E5%20%EF%EE%EB%EE%E6%E5%ED%E8%FF.htm",
        "titleFirstMention": "Общие положения",
        "data": "./dumps/data171.json"
    },
    "Уровень": "1. разделы"
}{
    "url": "https://its.1c.ru/db/translate/?db=contracts&path=src%2Fdogovor%2F_08_%EE%F2%E4%E5%EB%FC%ED%FB%E5%20%E2%E8%E4%FB%20%E4%EE%E3%EE%E2%EE%F0%EE%E2%2F0802_%E4%EE%E3%EE%E2%EE%F0_%E0%F0%E5%ED%E4%FB_%F2%F1_%E1%E5%E7_%FD%EA%E8%EF%E0%E6%E0%2F082200_%E4%EE%E3%EE%E2%EE%F0_%E0%F0%E5%ED%E4%FB_%F2%F1_%E1%E5%E7_%FD%EA%E8%EF%E0%E6%E0.htm",
    "Конечный url (для 302)": "https://its.1c.ru/db/contracts/content/129/hdoc/",
    "Title": "Договор аренды транспортного средства без экипажа",
    "File": "data176",
    "Первая ссылка на этот раздел": {
        "linkFirstMention": "https://its.1c.ru/db/translate/?db=contracts&path=src%2Fdogovor%2F%EE%E1%F9%E8%E5%20%EF%EE%EB%EE%E6%E5%ED%E8%FF.htm",
        "titleFirstMention": "Общие положения",
        "data": "./dumps/data171.json"
    },
    "Уровень": "1. разделы"
}{
    "url": "https://its.1c.ru/db/translate/?db=contracts&path=src%2Fdogovor%2F_08_%EE%F2%E4%E5%EB%FC%ED%FB%E5%20%E2%E8%E4%FB%20%E4%EE%E3%EE%E2%EE%F0%EE%E2%2F0803_%E4%EE%E3%EE%E2%EE%F0_%EB%E8%E7%E8%ED%E3%E0%2F080300_%E4%EE%E3%EE%E2%EE%F0_%EB%E8%E7%E8%ED%E3%E0.htm",
    "Конечный url (для 302)": "https://its.1c.ru/db/contracts/content/63/hdoc/",
    "Title": "Договор лизинга",
    "File": "data177",
    "Первая ссылка на этот раздел": {
        "linkFirstMention": "https://its.1c.ru/db/translate/?db=contracts&path=src%2Fdogovor%2F%EE%E1%F9%E8%E5%20%EF%EE%EB%EE%E6%E5%ED%E8%FF.htm",
        "titleFirstMention": "Общие положения",
        "data": "./dumps/data171.json"
    },
    "Уровень": "1. разделы"
}{
    "url": "https://its.1c.ru/db/translate/?db=contracts&path=src%2Fdogovor%2F_08_%EE%F2%E4%E5%EB%FC%ED%FB%E5%20%E2%E8%E4%FB%20%E4%EE%E3%EE%E2%EE%F0%EE%E2%2F0804_%E4%EE%E3%EE%E2%EE%F0_%EF%EE%E4%F0%FF%E4%E0%2F080400_%E4%EE%E3%EE%E2%EE%F0_%EF%EE%E4%F0%FF%E4%E0.htm",
    "Конечный url (для 302)": "https://its.1c.ru/db/contracts/content/70/hdoc/",
    "Title": "Договор подряда",
    "File": "data178",
    "Первая ссылка на этот раздел": {
        "linkFirstMention": "https://its.1c.ru/db/translate/?db=contracts&path=src%2Fdogovor%2F%EE%E1%F9%E8%E5%20%EF%EE%EB%EE%E6%E5%ED%E8%FF.htm",
        "titleFirstMention": "Общие положения",
        "data": "./dumps/data171.json"
    },
    "Уровень": "1. разделы"
}{
    "url": "https://its.1c.ru/db/translate/?db=contracts&path=src%2Fdogovor%2F_08_%EE%F2%E4%E5%EB%FC%ED%FB%E5%20%E2%E8%E4%FB%20%E4%EE%E3%EE%E2%EE%F0%EE%E2%2F0805_%E4%EE%E3%EE%E2%EE%F0_%E2%EE%E7%EC%E5%E7%E4%ED%EE%E3%EE_%EE%EA%E0%E7%E0%ED%E8%FF_%F3%F1%EB%F3%E3%2F080500_%E4%EE%E3%EE%E2%EE%F0_%E2%EE%E7%EC%E5%E7%E4%ED%EE%E3%EE_%EE%EA%E0%E7%E0%ED%E8%FF_%F3%F1%EB%F3%E3.htm",
    "Конечный url (для 302)": "https://its.1c.ru/db/contracts/content/77/hdoc/",
    "Title": "Договор возмездного оказания услуг",
    "File": "data179",
    "Первая ссылка на этот раздел": {
        "linkFirstMention": "https://its.1c.ru/db/translate/?db=contracts&path=src%2Fdogovor%2F%EE%E1%F9%E8%E5%20%EF%EE%EB%EE%E6%E5%ED%E8%FF.htm",
        "titleFirstMention": "Общие положения",
        "data": "./dumps/data171.json"
    },
    "Уровень": "1. разделы"
}{
    "url": "https://its.1c.ru/db/translate/?db=contracts&path=src%2Fdogovor%2F_08_%EE%F2%E4%E5%EB%FC%ED%FB%E5%20%E2%E8%E4%FB%20%E4%EE%E3%EE%E2%EE%F0%EE%E2%2F0813_%FD%EA%E2%E0%E9%F0%E8%ED%E3%2F081300_%FD%EA%E2%E0%E9%F0%E8%ED%E3.htm",
    "Конечный url (для 302)": "https://its.1c.ru/db/contracts/content/28877/hdoc/",
    "Title": "Договор эквайринга",
    "File": "data180",
    "Первая ссылка на этот раздел": {
        "linkFirstMention": "https://its.1c.ru/db/translate/?db=contracts&path=src%2Fdogovor%2F%EE%E1%F9%E8%E5%20%EF%EE%EB%EE%E6%E5%ED%E8%FF.htm",
        "titleFirstMention": "Общие положения",
        "data": "./dumps/data171.json"
    },
    "Уровень": "1. разделы"
}{
    "url": "https://its.1c.ru/db/translate/?db=contracts&path=src%2Fdogovor%2F_08_%EE%F2%E4%E5%EB%FC%ED%FB%E5%20%E2%E8%E4%FB%20%E4%EE%E3%EE%E2%EE%F0%EE%E2%2F0806_%E4%EE%E3%EE%E2%EE%F0_%F2%F0%E0%ED%F1%EF%EE%F0%F2%ED%EE%E9_%FD%EA%F1%EF%E5%E4%E8%F6%E8%E8%2F080600_%E4%EE%E3%EE%E2%EE%F0_%F2%F0%E0%ED%F1%EF%EE%F0%F2%ED%EE%E9_%FD%EA%F1%EF%E5%E4%E8%F6%E8%E8.htm",
    "Конечный url (для 302)": "https://its.1c.ru/db/contracts/content/84/hdoc/",
    "Title": "Договор транспортной экспедиции",
    "File": "data181",
    "Первая ссылка на этот раздел": {
        "linkFirstMention": "https://its.1c.ru/db/translate/?db=contracts&path=src%2Fdogovor%2F%EE%E1%F9%E8%E5%20%EF%EE%EB%EE%E6%E5%ED%E8%FF.htm",
        "titleFirstMention": "Общие положения",
        "data": "./dumps/data171.json"
    },
    "Уровень": "1. разделы"
}{
    "url": "https://its.1c.ru/db/translate/?db=contracts&path=src%2Fdogovor%2F_08_%EE%F2%E4%E5%EB%FC%ED%FB%E5%20%E2%E8%E4%FB%20%E4%EE%E3%EE%E2%EE%F0%EE%E2%2F0807_%E4%EE%E3%EE%E2%EE%F0_%EF%E5%F0%E5%E2%EE%E7%EA%E8%2F080700_%E4%EE%E3%EE%E2%EE%F0_%EF%E5%F0%E5%E2%EE%E7%EA%E8.htm",
    "Конечный url (для 302)": "https://its.1c.ru/db/contracts/content/28838/hdoc/",
    "Title": "Договор перевозки",
    "File": "data182",
    "Первая ссылка на этот раздел": {
        "linkFirstMention": "https://its.1c.ru/db/translate/?db=contracts&path=src%2Fdogovor%2F%EE%E1%F9%E8%E5%20%EF%EE%EB%EE%E6%E5%ED%E8%FF.htm",
        "titleFirstMention": "Общие положения",
        "data": "./dumps/data171.json"
    },
    "Уровень": "1. разделы"
}{
    "url": "https://its.1c.ru/db/translate/?db=contracts&path=src%2Fdogovor%2F_08_%EE%F2%E4%E5%EB%FC%ED%FB%E5%20%E2%E8%E4%FB%20%E4%EE%E3%EE%E2%EE%F0%EE%E2%2F0808_%E4%EE%E3%EE%E2%EE%F0_%EF%EE%F0%F3%F7%E5%ED%E8%FF%2F080800_%E4%EE%E3%EE%E2%EE%F0_%EF%EE%F0%F3%F7%E5%ED%E8%FF.htm",
    "Конечный url (для 302)": "https://its.1c.ru/db/contracts/content/101/hdoc/",
    "Title": "Договор поручения",
    "File": "data183",
    "Первая ссылка на этот раздел": {
        "linkFirstMention": "https://its.1c.ru/db/translate/?db=contracts&path=src%2Fdogovor%2F%EE%E1%F9%E8%E5%20%EF%EE%EB%EE%E6%E5%ED%E8%FF.htm",
        "titleFirstMention": "Общие положения",
        "data": "./dumps/data171.json"
    },
    "Уровень": "1. разделы"
}{
    "url": "https://its.1c.ru/db/translate/?db=contracts&path=src%2Fdogovor%2F_08_%EE%F2%E4%E5%EB%FC%ED%FB%E5%20%E2%E8%E4%FB%20%E4%EE%E3%EE%E2%EE%F0%EE%E2%2F0809_%E4%EE%E3%EE%E2%EE%F0_%EA%EE%EC%E8%F1%F1%E8%E8%2F080900_%E4%EE%E3%EE%E2%EE%F0_%EA%EE%EC%E8%F1%F1%E8%E8.htm",
    "Конечный url (для 302)": "https://its.1c.ru/db/contracts/content/108/hdoc/",
    "Title": "Договор комиссии",
    "File": "data184",
    "Первая ссылка на этот раздел": {
        "linkFirstMention": "https://its.1c.ru/db/translate/?db=contracts&path=src%2Fdogovor%2F%EE%E1%F9%E8%E5%20%EF%EE%EB%EE%E6%E5%ED%E8%FF.htm",
        "titleFirstMention": "Общие положения",
        "data": "./dumps/data171.json"
    },
    "Уровень": "1. разделы"
}{
    "url": "https://its.1c.ru/db/translate/?db=contracts&path=src%2Fdogovor%2F_08_%EE%F2%E4%E5%EB%FC%ED%FB%E5%20%E2%E8%E4%FB%20%E4%EE%E3%EE%E2%EE%F0%EE%E2%2F0810_%E4%EE%E3%EE%E2%EE%F0_%E0%E3%E5%ED%F2%E8%F0%EE%E2%E0%ED%E8%FF%2F081000_%E0%E3%E5%ED%F2%F1%EA%E8%E9%20%E4%EE%E3%EE%E2%EE%F0.htm",
    "Конечный url (для 302)": "https://its.1c.ru/db/contracts/content/115/hdoc/",
    "Title": "Договор агентирования (агентский договор)",
    "File": "data185",
    "Первая ссылка на этот раздел": {
        "linkFirstMention": "https://its.1c.ru/db/translate/?db=contracts&path=src%2Fdogovor%2F%EE%E1%F9%E8%E5%20%EF%EE%EB%EE%E6%E5%ED%E8%FF.htm",
        "titleFirstMention": "Общие положения",
        "data": "./dumps/data171.json"
    },
    "Уровень": "1. разделы"
}{
    "url": "https://its.1c.ru/db/translate/?db=contracts&path=src%2Fdogovor%2F_08_%EE%F2%E4%E5%EB%FC%ED%FB%E5%20%E2%E8%E4%FB%20%E4%EE%E3%EE%E2%EE%F0%EE%E2%2F0811_%E4%EE%E3%EE%E2%EE%F0_%E7%E0%E9%EC%E0%2F081100_%E4%EE%E3%EE%E2%EE%F0_%E7%E0%E9%EC%E0.htm",
    "Конечный url (для 302)": "https://its.1c.ru/db/contracts/content/122/hdoc/",
    "Title": "Договор займа",
    "File": "data186",
    "Первая ссылка на этот раздел": {
        "linkFirstMention": "https://its.1c.ru/db/translate/?db=contracts&path=src%2Fdogovor%2F%EE%E1%F9%E8%E5%20%EF%EE%EB%EE%E6%E5%ED%E8%FF.htm",
        "titleFirstMention": "Общие положения",
        "data": "./dumps/data171.json"
    },
    "Уровень": "1. разделы"
}{
    "url": "https://its.1c.ru/db/translate/?db=contracts&path=src%2Fdogovor%2F_08_%EE%F2%E4%E5%EB%FC%ED%FB%E5%20%E2%E8%E4%FB%20%E4%EE%E3%EE%E2%EE%F0%EE%E2%2F0812_%E4%EE%E3%EE%E2%EE%F0_%F5%F0%E0%ED%E5%ED%E8%FF%2F081200_%E4%EE%E3%EE%E2%EE%F0_%F5%F0%E0%ED%E5%ED%E8%FF.htm",
    "Конечный url (для 302)": "https://its.1c.ru/db/contracts/content/136/hdoc/",
    "Title": "Договор хранения",
    "File": "data187",
    "Первая ссылка на этот раздел": {
        "linkFirstMention": "https://its.1c.ru/db/translate/?db=contracts&path=src%2Fdogovor%2F%EE%E1%F9%E8%E5%20%EF%EE%EB%EE%E6%E5%ED%E8%FF.htm",
        "titleFirstMention": "Общие положения",
        "data": "./dumps/data171.json"
    },
    "Уровень": "1. разделы"
}{
    "url": "https://its.1c.ru/db/egais",
    "Конечный url (для 302)": "https://its.1c.ru/db/egais",
    "Title": "ЕГАИС",
    "File": "data188",
    "Первая ссылка на этот раздел": {
        "linkFirstMention": "https://its.1c.ru/db/egais",
        "titleFirstMention": "ЕГАИС",
        "data": "./dumps/data4.json"
    },
    "Уровень": "1. разделы"
}{
    "url": "https://its.1c.ru/db/fgismercury",
    "Конечный url (для 302)": "https://its.1c.ru/db/fgismercury",
    "Title": "ФГИС Меркурий",
    "File": "data189",
    "Первая ссылка на этот раздел": {
        "linkFirstMention": "https://its.1c.ru/db/fgismercury",
        "titleFirstMention": "ФГИС Меркурий",
        "data": "./dumps/data5.json"
    },
    "Уровень": "1. разделы"
}{
    "url": "https://its.1c.ru/db/translate/?db=kkt&path=src%2F%EF%F0%E0%E2%EE%E2%EE%E5%20%F0%E5%E3%F3%EB%E8%F0%EE%E2%E0%ED%E8%E5%2F%EA%EA%F2%20%EA%E0%F0%F2%E0%20%F1%EF%F0%E0%E2%EE%F7%ED%E8%EA%E0.htm",
    "Конечный url (для 302)": "https://its.1c.ru/db/kkt/content/59/hdoc/",
    "Title": "Онлайн-кассы",
    "File": "data191",
    "Первая ссылка на этот раздел": {
        "linkFirstMention": "https://its.1c.ru/db/translate/?db=kkt&path=src%2F1%F1%20%EE%ED%EB%E0%E9%ED-%EA%EA%F2%2F0_%EE%ED%EB%E0%E9%ED-%EA%EA%F2.htm",
        "titleFirstMention": "Организация работы с применением онлайн-касс в 1С",
        "data": "./dumps/data6.json"
    },
    "Уровень": "1. разделы"
}{
    "url": "https://its.1c.ru/db/eldocs/content/13/1",
    "Конечный url (для 302)": "https://its.1c.ru/db/eldocs/content/13/hdoc",
    "Title": "Правовое регулирование обмена электронными документами",
    "File": "data194",
    "Первая ссылка на этот раздел": {
        "linkFirstMention": "https://its.1c.ru/db/eldocs",
        "titleFirstMention": "Электронный документооборот",
        "data": "./dumps/data52.json"
    },
    "Уровень": "1. разделы"
}{
    "url": "https://its.1c.ru/db/translate/?db=bizmanacc&path=src%2F0202_%EF_%EE%F2%F7%E5%F2.htm",
    "Конечный url (для 302)": "https://its.1c.ru/db/bizmanacc/content/4/hdoc/",
    "Title": "Отчет о движении денежных средств: структура отчета, денежный поток",
    "File": "data196",
    "Первая ссылка на этот раздел": {
        "linkFirstMention": "https://its.1c.ru/db/translate/?db=bizmanacc&path=src%2F0201_%EF_%EC%EE%ED%E8%F2%EE%F0_%F0%F3%EA.htm",
        "titleFirstMention": "Учет денежных средств: остатки, задолженность, ликвидность (Монитор руководителя)",
        "data": "./dumps/data195.json"
    },
    "Уровень": "1. разделы"
}{
    "url": "https://its.1c.ru/db/translate/?db=bizmanacc&path=src%2F0203_%EF_%EA%E0%F1%F1%EE%E2%FB%E9_%F0%E0%E7%F0%FB%E2.htm",
    "Конечный url (для 302)": "https://its.1c.ru/db/bizmanacc/content/7/hdoc/",
    "Title": "Кассовые разрывы: причины возникновения, управление, зависимость от величины финансового цикла",
    "File": "data197",
    "Первая ссылка на этот раздел": {
        "linkFirstMention": "https://its.1c.ru/db/translate/?db=bizmanacc&path=src%2F0201_%EF_%EC%EE%ED%E8%F2%EE%F0_%F0%F3%EA.htm",
        "titleFirstMention": "Учет денежных средств: остатки, задолженность, ликвидность (Монитор руководителя)",
        "data": "./dumps/data195.json"
    },
    "Уровень": "1. разделы"
}{
    "url": "https://its.1c.ru/db/utovio",
    "Конечный url (для 302)": "https://its.1c.ru/db/utovio",
    "Title": "Управление торговыми операциями в вопросах и ответах",
    "File": "data200",
    "Первая ссылка на этот раздел": {
        "linkFirstMention": "https://its.1c.ru/db/utovio",
        "titleFirstMention": "Управление торговыми операциями в вопросах и ответах",
        "data": "./dumps/data7.json"
    },
    "Уровень": "1. разделы"
}{
    "url": "https://its.1c.ru/db/taxusn",
    "Конечный url (для 302)": "https://its.1c.ru/db/taxusn",
    "Title": "Упрощенная система налогообложения",
    "File": "data202",
    "Первая ссылка на этот раздел": {
        "linkFirstMention": "https://its.1c.ru/db/taxusn",
        "titleFirstMention": "Упрощенная система налогообложения",
        "data": "./dumps/data101.json"
    },
    "Уровень": "1. разделы"
}{
    "url": "https://its.1c.ru/db/taxpsn",
    "Конечный url (для 302)": "https://its.1c.ru/db/taxpsn",
    "Title": "Патентная система налогообложения",
    "File": "data203",
    "Первая ссылка на этот раздел": {
        "linkFirstMention": "https://its.1c.ru/db/taxpsn",
        "titleFirstMention": "Патентная система налогообложения",
        "data": "./dumps/data102.json"
    },
    "Уровень": "1. разделы"
}{
    "url": "https://its.1c.ru/db/taxenvd",
    "Конечный url (для 302)": "https://its.1c.ru/db/taxenvd",
    "Title": "Единый налог на вмененный доход для отдельных видов деятельности",
    "File": "data204",
    "Первая ссылка на этот раздел": {
        "linkFirstMention": "https://its.1c.ru/db/taxenvd",
        "titleFirstMention": "Единый налог на вмененный доход",
        "data": "./dumps/data103.json"
    },
    "Уровень": "1. разделы"
}{
    "url": "https://its.1c.ru/db/translate/?db=stafft&path=src%2Fc.0.kadr..htm",
    "Конечный url (для 302)": "https://its.1c.ru/db/stafft/content/27825/hdoc/",
    "Title": "Справочник кадровика",
    "File": "data205",
    "Первая ссылка на этот раздел": {
        "linkFirstMention": "https://its.1c.ru/db/translate/?db=stafft&path=src%2Fc.0.kadr..htm",
        "titleFirstMention": "Справочник кадровика",
        "data": "./dumps/data147.json"
    },
    "Уровень": "1. разделы"
}{
    "url": "https://its.1c.ru/db/socsec",
    "Конечный url (для 302)": "https://its.1c.ru/db/socsec",
    "Title": "Страховые взносы на пенсионное, медицинское и социальное страхование (с 2017 года)",
    "File": "data206",
    "Первая ссылка на этот раздел": {
        "linkFirstMention": "https://its.1c.ru/db/socsec",
        "titleFirstMention": "Страховые взносы (с 2017 года)",
        "data": "./dumps/data99.json"
    },
    "Уровень": "1. разделы"
}{
    "url": "https://its.1c.ru/db/taxndfl",
    "Конечный url (для 302)": "https://its.1c.ru/db/taxndfl",
    "Title": "Налог на доходы физических лиц",
    "File": "data207",
    "Первая ссылка на этот раздел": {
        "linkFirstMention": "https://its.1c.ru/db/taxndfl",
        "titleFirstMention": "Налог на доходы физических лиц",
        "data": "./dumps/data98.json"
    },
    "Уровень": "1. разделы"
}{
    "url": "https://its.1c.ru/db/translate/?db=answers&path=src%2F%EA%E0%E4%F0%FB%2F%210%20%EE%F2%E2%E5%F2%FB%20%ED%E0%20%E2%EE%EF%F0%EE%F1%FB.htm",
    "Конечный url (для 302)": "https://its.1c.ru/db/answers/content/1/hdoc/",
    "Title": "Ответы на вопросы по кадрам и оплате труда",
    "File": "data208",
    "Первая ссылка на этот раздел": {
        "linkFirstMention": "https://its.1c.ru/db/translate/?db=answers&path=src%2F%F1%F5%EE%2F%210%20%F3%F7%E5%F2.htm",
        "titleFirstMention": "Ответы аудиторов на вопросы по бухгалтерскому и налоговому учету",
        "data": "./dumps/data59.json"
    },
    "Уровень": "1. разделы"
}{
    "url": "https://its.1c.ru/db/translate/?db=bizlegsup&path=src%2F000000_%F1%E1_%EA%E0%F0%F2%E0_%F1%EF%F0%E0%E2%EE%F7%ED%E8%EA%E0.htm",
    "Конечный url (для 302)": "https://its.1c.ru/db/bizlegsup/content/1/hdoc/",
    "Title": "Бизнес-справочник: правовые аспекты",
    "File": "data209",
    "Первая ссылка на этот раздел": {
        "linkFirstMention": "https://its.1c.ru/db/translate/?db=bizlegsup&path=src%2F000000_%F1%E1_%EA%E0%F0%F2%E0_%F1%EF%F0%E0%E2%EE%F7%ED%E8%EA%E0.htm",
        "titleFirstMention": "Бизнес-справочник: правовые аспекты",
        "data": "./dumps/data190.json"
    },
    "Уровень": "1. разделы"
}{
    "url": "https://its.1c.ru/db/contracts",
    "Конечный url (для 302)": "https://its.1c.ru/db/contracts",
    "Title": "Договоры: условия, формы, налоги",
    "File": "data210",
    "Первая ссылка на этот раздел": {
        "linkFirstMention": "https://its.1c.ru/db/translate/?db=contracts&path=src%2Fdogovor%2F%EE%E1%F9%E8%E5%20%EF%EE%EB%EE%E6%E5%ED%E8%FF.htm",
        "titleFirstMention": "Общие положения",
        "data": "./dumps/data171.json"
    },
    "Уровень": "1. разделы"
}{
    "url": "https://its.1c.ru/db/kkt",
    "Конечный url (для 302)": "https://its.1c.ru/db/kkt",
    "Title": "Онлайн-кассы",
    "File": "data211",
    "Первая ссылка на этот раздел": {
        "linkFirstMention": "https://its.1c.ru/db/translate/?db=kkt&path=src%2F1%F1%20%EE%ED%EB%E0%E9%ED-%EA%EA%F2%2F0_%EE%ED%EB%E0%E9%ED-%EA%EA%F2.htm",
        "titleFirstMention": "Организация работы с применением онлайн-касс в 1С",
        "data": "./dumps/data6.json"
    },
    "Уровень": "1. разделы"
}{
    "url": "https://its.1c.ru/db/translate/?db=admresp&path=src%2F%E0%E4%EC%EE%F2%E2%20%EA%E0%F0%F2%E0%20%F1%EF%F0%E0%E2%EE%F7%ED%E8%EA%E0.htm",
    "Конечный url (для 302)": "https://its.1c.ru/db/admresp/content/1/hdoc/",
    "Title": "Административная ответственность",
    "File": "data212",
    "Первая ссылка на этот раздел": {
        "linkFirstMention": "https://its.1c.ru/db/translate/?db=admresp&path=src%2F%E0%E4%EC%EE%F2%E2%20%EA%E0%F0%F2%E0%20%F1%EF%F0%E0%E2%EE%F7%ED%E8%EA%E0.htm",
        "titleFirstMention": "Административная ответственность",
        "data": "./dumps/data192.json"
    },
    "Уровень": "1. разделы"
}{
    "url": "https://its.1c.ru/db/comsecret",
    "Конечный url (для 302)": "https://its.1c.ru/db/comsecret",
    "Title": "Коммерческая тайна",
    "File": "data213",
    "Первая ссылка на этот раздел": {
        "linkFirstMention": "https://its.1c.ru/db/comsecret",
        "titleFirstMention": "Коммерческая тайна",
        "data": "./dumps/data193.json"
    },
    "Уровень": "1. разделы"
}{
    "url": "https://its.1c.ru/db/translate/?db=bizlegsup&path=src%2F1010101_%ED%E0%EB%EE%E3%EE%E2%FB%E5%20%EA%E0%ED%E8%EA%F3%EB%FB.htm",
    "Конечный url (для 302)": "https://its.1c.ru/db/bizlegsup/content/134/hdoc/",
    "Title": "Проверь, действуют ли налоговые каникулы в твоем регионе",
    "File": "data215",
    "Первая ссылка на этот раздел": {
        "linkFirstMention": "https://its.1c.ru/db/translate/?db=bizlegsup&path=src%2F000000_%F1%E1_%EA%E0%F0%F2%E0_%F1%EF%F0%E0%E2%EE%F7%ED%E8%EA%E0.htm",
        "titleFirstMention": "Бизнес-справочник: правовые аспекты",
        "data": "./dumps/data190.json"
    },
    "Уровень": "1. разделы"
}{
    "url": "https://its.1c.ru/db/translate/?db=answers1c&path=src%2Fnews.htm",
    "Конечный url (для 302)": "https://its.1c.ru/db/answers1c/content/24/hdoc/",
    "Title": "Новые ответы",
    "File": "data217",
    "Первая ссылка на этот раздел": {
        "linkFirstMention": "https://its.1c.ru/db/translate/?db=answers1c&path=src%2Fnews.htm",
        "titleFirstMention": "Новые ответы",
        "data": "./dumps/data41.json"
    },
    "Уровень": "1. разделы"
}{
    "url": "https://its.1c.ru/db/translate/?db=answers1c&path=src%2F%E1%EF30%2F%E1%EF30.htm",
    "Конечный url (для 302)": "https://its.1c.ru/db/answers1c/content/2/hdoc/",
    "Title": "Ответы на вопросы по 1С:Бухгалтерии 8 (ред. 3.0)",
    "File": "data218",
    "Первая ссылка на этот раздел": {
        "linkFirstMention": "https://its.1c.ru/db/translate/?db=answers1c&path=src%2Fnews.htm",
        "titleFirstMention": "Новые ответы",
        "data": "./dumps/data41.json"
    },
    "Уровень": "1. разделы"
}{
    "url": "https://its.1c.ru/db/translate/?db=answers1c&path=src%2F%E7%F3%EF30%2F%E7%F3%EF30.htm",
    "Конечный url (для 302)": "https://its.1c.ru/db/answers1c/content/17/hdoc/",
    "Title": "Ответы на вопросы по 1С:ЗУП 8 (ред. 3)",
    "File": "data219",
    "Первая ссылка на этот раздел": {
        "linkFirstMention": "https://its.1c.ru/db/translate/?db=answers1c&path=src%2Fnews.htm",
        "titleFirstMention": "Новые ответы",
        "data": "./dumps/data41.json"
    },
    "Уровень": "1. разделы"
}{
    "url": "https://its.1c.ru/db/translate/?db=answers1c&path=src%2F%EA%E020%2F%EA%E020.htm",
    "Конечный url (для 302)": "https://its.1c.ru/db/answers1c/content/272/hdoc/",
    "Title": "Ответы на вопросы по 1С:КА 2.2 и 1С:ERP 2.2",
    "File": "data220",
    "Первая ссылка на этот раздел": {
        "linkFirstMention": "https://its.1c.ru/db/translate/?db=answers1c&path=src%2Fnews.htm",
        "titleFirstMention": "Новые ответы",
        "data": "./dumps/data41.json"
    },
    "Уровень": "1. разделы"
}{
    "url": "https://its.1c.ru/db/translate/?db=answers&path=src%2Fnews.htm",
    "Конечный url (для 302)": "https://its.1c.ru/db/answers/content/1065/hdoc/",
    "Title": "Новые ответы",
    "File": "data221",
    "Первая ссылка на этот раздел": {
        "linkFirstMention": "https://its.1c.ru/db/translate/?db=answers&path=src%2F%F1%F5%EE%2F%210%20%F3%F7%E5%F2.htm",
        "titleFirstMention": "Ответы аудиторов на вопросы по бухгалтерскому и налоговому учету",
        "data": "./dumps/data59.json"
    },
    "Уровень": "1. разделы"
}{
    "url": "https://its.1c.ru/db/translate/?db=answers&path=src%2F%F1%F5%EE%2F%210%20%F3%F7%E5%F2.htm",
    "Конечный url (для 302)": "https://its.1c.ru/db/answers/content/1064/hdoc/",
    "Title": "Бухгалтерский учет",
    "File": "data222",
    "Первая ссылка на этот раздел": {
        "linkFirstMention": "https://its.1c.ru/db/translate/?db=answers&path=src%2F%F1%F5%EE%2F%210%20%F3%F7%E5%F2.htm",
        "titleFirstMention": "Ответы аудиторов на вопросы по бухгалтерскому и налоговому учету",
        "data": "./dumps/data59.json"
    },
    "Уровень": "1. разделы"
}{
    "url": "https://its.1c.ru/db/translate/?db=answers&path=src%2F%EA%E0%F1%F1%EE%E2%E0%FF%20%E4%E8%F1%F6%E8%EF%EB%E8%ED%E0%2F%210%20%EA%E0%F1%F1%EE%E2%E0%FF%20%E4%E8%F1%F6%E8%EF%EB%E8%ED%E0.htm",
    "Конечный url (для 302)": "https://its.1c.ru/db/answers/content/1481/hdoc/",
    "Title": "Кассовая дисциплина",
    "File": "data223",
    "Первая ссылка на этот раздел": {
        "linkFirstMention": "https://its.1c.ru/db/translate/?db=answers&path=src%2F%F1%F5%EE%2F%210%20%F3%F7%E5%F2.htm",
        "titleFirstMention": "Ответы аудиторов на вопросы по бухгалтерскому и налоговому учету",
        "data": "./dumps/data59.json"
    },
    "Уровень": "1. разделы"
}{
    "url": "https://its.1c.ru/db/translate/?db=answers&path=src%2F%EA%EA%F2%2F%210%20%EE%F2%E2%E5%F2%FB%20%ED%E0%20%E2%EE%EF%F0%EE%F1%FB.htm",
    "Конечный url (для 302)": "https://its.1c.ru/db/answers/content/1990/hdoc/",
    "Title": "Контрольно-кассовая техника",
    "File": "data224",
    "Первая ссылка на этот раздел": {
        "linkFirstMention": "https://its.1c.ru/db/translate/?db=answers&path=src%2F%F1%F5%EE%2F%210%20%F3%F7%E5%F2.htm",
        "titleFirstMention": "Ответы аудиторов на вопросы по бухгалтерскому и налоговому учету",
        "data": "./dumps/data59.json"
    },
    "Уровень": "1. разделы"
}{
    "url": "https://its.1c.ru/db/translate/?db=answers&path=src%2F%ED%E0%EB%EE%E3%E8%2F%210%20%ED%E0%EB%EE%E3%E8.htm",
    "Конечный url (для 302)": "https://its.1c.ru/db/answers/content/1058/hdoc/",
    "Title": "Налоги и взносы",
    "File": "data225",
    "Первая ссылка на этот раздел": {
        "linkFirstMention": "https://its.1c.ru/db/translate/?db=answers&path=src%2F%F1%F5%EE%2F%210%20%F3%F7%E5%F2.htm",
        "titleFirstMention": "Ответы аудиторов на вопросы по бухгалтерскому и налоговому учету",
        "data": "./dumps/data59.json"
    },
    "Уровень": "1. разделы"
}{
    "url": "https://its.1c.ru/db/translate/?db=answers&path=src%2F%EA%E0%E4%F0%FB%2F%210%20%EE%F2%E2%E5%F2%FB%20%ED%E0%20%E2%EE%EF%F0%EE%F1%FB.htm",
    "Конечный url (для 302)": "https://its.1c.ru/db/answers/content/1/hdoc/",
    "Title": "Кадры и оплата труда",
    "File": "data226",
    "Первая ссылка на этот раздел": {
        "linkFirstMention": "https://its.1c.ru/db/translate/?db=answers&path=src%2F%F1%F5%EE%2F%210%20%F3%F7%E5%F2.htm",
        "titleFirstMention": "Ответы аудиторов на вопросы по бухгалтерскому и налоговому учету",
        "data": "./dumps/data59.json"
    },
    "Уровень": "1. разделы"
}{
    "url": "https://its.1c.ru/db/translate/?db=budquest&path=src%2F%ED%EE%E2%EE%F1%F2%E8.htm",
    "Конечный url (для 302)": "https://its.1c.ru/db/budquest/content/2/hdoc/",
    "Title": "Новые ответы",
    "File": "data227",
    "Первая ссылка на этот раздел": {
        "linkFirstMention": "https://its.1c.ru/db/budquest",
        "titleFirstMention": "Ответы по учету в учреждениях госсектора",
        "data": "./dumps/data69.json"
    },
    "Уровень": "1. разделы"
}{
    "url": "https://its.1c.ru/db/translate/?db=budquest&path=src%2F%F3%F7%E5%F2%ED%E0%FF%20%EF%EE%EB%E8%F2%E8%EA%E0.htm",
    "Конечный url (для 302)": "https://its.1c.ru/db/budquest/content/362/hdoc/",
    "Title": "Учетная политика",
    "File": "data228",
    "Первая ссылка на этот раздел": {
        "linkFirstMention": "https://its.1c.ru/db/budquest",
        "titleFirstMention": "Ответы по учету в учреждениях госсектора",
        "data": "./dumps/data69.json"
    },
    "Уровень": "1. разделы"
}{
    "url": "https://its.1c.ru/db/translate/?db=budquest&path=src%2F%E1%F3%F5%E3%E0%EB%F2%E5%F0%F1%EA%E8%E9%20%F3%F7%E5%F2.htm",
    "Конечный url (для 302)": "https://its.1c.ru/db/budquest/content/365/hdoc/",
    "Title": "Бухгалтерский учет",
    "File": "data229",
    "Первая ссылка на этот раздел": {
        "linkFirstMention": "https://its.1c.ru/db/budquest",
        "titleFirstMention": "Ответы по учету в учреждениях госсектора",
        "data": "./dumps/data69.json"
    },
    "Уровень": "1. разделы"
}{
    "url": "https://its.1c.ru/db/translate/?db=budquest&path=src%2F%EA%EE%F1%E3%F3.htm",
    "Конечный url (для 302)": "https://its.1c.ru/db/budquest/content/457/hdoc/",
    "Title": "Бюджетная классификация",
    "File": "data230",
    "Первая ссылка на этот раздел": {
        "linkFirstMention": "https://its.1c.ru/db/budquest",
        "titleFirstMention": "Ответы по учету в учреждениях госсектора",
        "data": "./dumps/data69.json"
    },
    "Уровень": "1. разделы"
}{
    "url": "https://its.1c.ru/db/translate/?db=budquest&path=src%2F%E8%F1%EF%EE%EB%ED%E5%ED%E8%E5%20%E1%FE%E4%E6%E5%F2%EE%E2.htm",
    "Конечный url (для 302)": "https://its.1c.ru/db/budquest/content/464/hdoc/",
    "Title": "Исполнение бюджетов",
    "File": "data231",
    "Первая ссылка на этот раздел": {
        "linkFirstMention": "https://its.1c.ru/db/budquest",
        "titleFirstMention": "Ответы по учету в учреждениях госсектора",
        "data": "./dumps/data69.json"
    },
    "Уровень": "1. разделы"
}{
    "url": "https://its.1c.ru/db/translate/?db=budquest&path=src%2F%ED%E0%EB%EE%E3%E8%20%E8%20%E2%E7%ED%EE%F1%FB.htm",
    "Конечный url (для 302)": "https://its.1c.ru/db/budquest/content/466/hdoc/",
    "Title": "Налоги и взносы",
    "File": "data232",
    "Первая ссылка на этот раздел": {
        "linkFirstMention": "https://its.1c.ru/db/budquest",
        "titleFirstMention": "Ответы по учету в учреждениях госсектора",
        "data": "./dumps/data69.json"
    },
    "Уровень": "1. разделы"
}{
    "url": "https://its.1c.ru/db/translate/?db=budquest&path=src%2F%E1%F3%F5%E3%E0%EB%F2%E5%F0%F1%EA%E0%FF%20%E8%20%ED%E0%EB%EE%E3%EE%E2%E0%FF%20%EE%F2%F7%E5%F2%ED%EE%F1%F2%FC.htm",
    "Конечный url (для 302)": "https://its.1c.ru/db/budquest/content/478/hdoc/",
    "Title": "Бухгалтерская и налоговая отчетность",
    "File": "data233",
    "Первая ссылка на этот раздел": {
        "linkFirstMention": "https://its.1c.ru/db/budquest",
        "titleFirstMention": "Ответы по учету в учреждениях госсектора",
        "data": "./dumps/data69.json"
    },
    "Уровень": "1. разделы"
}{
    "url": "https://its.1c.ru/db/translate/?db=budquest&path=src%2F%EA%E0%F1%F1%EE%E2%FB%E5%20%EE%EF%E5%F0%E0%F6%E8%E8.htm",
    "Конечный url (для 302)": "https://its.1c.ru/db/budquest/content/480/hdoc/",
    "Title": "Кассовые операции",
    "File": "data234",
    "Первая ссылка на этот раздел": {
        "linkFirstMention": "https://its.1c.ru/db/budquest",
        "titleFirstMention": "Ответы по учету в учреждениях госсектора",
        "data": "./dumps/data69.json"
    },
    "Уровень": "1. разделы"
}{
    "url": "https://its.1c.ru/db/translate/?db=budquest&path=src%2F%EF%F0%EE%E2%E5%F0%EA%E8.htm",
    "Конечный url (для 302)": "https://its.1c.ru/db/budquest/content/482/hdoc/",
    "Title": "Контроль",
    "File": "data235",
    "Первая ссылка на этот раздел": {
        "linkFirstMention": "https://its.1c.ru/db/budquest",
        "titleFirstMention": "Ответы по учету в учреждениях госсектора",
        "data": "./dumps/data69.json"
    },
    "Уровень": "1. разделы"
}{
    "url": "https://its.1c.ru/db/garant/content/10064072/1",
    "Конечный url (для 302)": "https://its.1c.ru/db/garant/content/10064072/hdoc",
    "Title": "Гражданский кодекс Российской Федерации",
    "File": "data240",
    "Первая ссылка на этот раздел": {
        "linkFirstMention": "https://its.1c.ru/db/translate/?db=garant&path=src%2Fd03575%2Fi0715089.htm&anchor=100000",
        "titleFirstMention": "Приказ Минфина России от 01.07.2013 № 65н. Указания о порядке применения бюджетной классификации",
        "data": "./dumps/data75.json"
    },
    "Уровень": "1. разделы"
}{
    "url": "https://its.1c.ru/db/garant/content/12025268/1",
    "Конечный url (для 302)": "https://its.1c.ru/db/garant/content/12025268/hdoc",
    "Title": "Трудовой кодекс Российской Федерации",
    "File": "data241",
    "Первая ссылка на этот раздел": {
        "linkFirstMention": "https://its.1c.ru/db/translate/?db=garant&path=src%2Fd03575%2Fi0715089.htm&anchor=100000",
        "titleFirstMention": "Приказ Минфина России от 01.07.2013 № 65н. Указания о порядке применения бюджетной классификации",
        "data": "./dumps/data75.json"
    },
    "Уровень": "1. разделы"
}{
    "url": "https://its.1c.ru/db/translate/?db=stafft&path=src%2F060200_%F2_%F0%E5%E3%EC%F0%EE%F2.htm",
    "Конечный url (для 302)": "https://its.1c.ru/db/stafft/content/34880/hdoc/",
    "Title": "Размер минимальной заработной платы по регионам",
    "File": "data249",
    "Первая ссылка на этот раздел": {
        "linkFirstMention": "https://its.1c.ru/db/translate/?db=stafft&path=src%2Fc.0.kadr..htm",
        "titleFirstMention": "Справочник кадровика",
        "data": "./dumps/data147.json"
    },
    "Уровень": "1. разделы"
}{
    "url": "https://its.1c.ru/db/stafft/content/35013/hdoc",
    "Конечный url (для 302)": "https://its.1c.ru/db/stafft/content/35013/hdoc",
    "Title": "Величина прожиточного минимума в целом по РФ",
    "File": "data250",
    "Первая ссылка на этот раздел": {
        "linkFirstMention": "https://its.1c.ru/db/translate/?db=stafft&path=src%2Fc.0.kadr..htm",
        "titleFirstMention": "Справочник кадровика",
        "data": "./dumps/data147.json"
    },
    "Уровень": "1. разделы"
}{
    "url": "https://its.1c.ru/db/translate/?db=stafft&path=src%2F060300_1_%F2_%EF%F0%EE%E6%EC%E8%ED.htm",
    "Конечный url (для 302)": "https://its.1c.ru/db/stafft/content/35007/hdoc/",
    "Title": "Величина прожиточного минимума по регионам",
    "File": "data251",
    "Первая ссылка на этот раздел": {
        "linkFirstMention": "https://its.1c.ru/db/translate/?db=stafft&path=src%2Fc.0.kadr..htm",
        "titleFirstMention": "Справочник кадровика",
        "data": "./dumps/data147.json"
    },
    "Уровень": "1. разделы"
}{
    "url": "https://its.1c.ru/db/sovbuh/browse/13/-1/6",
    "Конечный url (для 302)": "https://its.1c.ru/db/sovbuh/browse/13/-1/6",
    "Title": "Автономные учреждения: бухгалтерский учет и налогообложение",
    "File": "data263",
    "Первая ссылка на этот раздел": {
        "linkFirstMention": "https://its.1c.ru/db/sovbuh/browse/13/-1/6",
        "titleFirstMention": "Автономные учреждения: бухгалтерский учет и налогообложение",
        "data": "./dumps/data88.json"
    },
    "Уровень": "1. разделы"
}{
    "url": "https://its.1c.ru/db/sovbuh/browse/13/-1/10",
    "Конечный url (для 302)": "https://its.1c.ru/db/sovbuh/browse/13/-1/10",
    "Title": "Бюджетные организации: бухгалтерский учет и налогообложение",
    "File": "data264",
    "Первая ссылка на этот раздел": {
        "linkFirstMention": "https://its.1c.ru/db/sovbuh/browse/13/-1/10",
        "titleFirstMention": "Бюджетные организации: бухгалтерский учет и налогообложение",
        "data": "./dumps/data89.json"
    },
    "Уровень": "1. разделы"
}{
    "url": "https://its.1c.ru/db/sovbuh/browse/13/-1/9",
    "Конечный url (для 302)": "https://its.1c.ru/db/sovbuh/browse/13/-1/9",
    "Title": "Казенные учреждения: бухгалтерский учет и налогообложение",
    "File": "data265",
    "Первая ссылка на этот раздел": {
        "linkFirstMention": "https://its.1c.ru/db/sovbuh/browse/13/-1/9",
        "titleFirstMention": "Казенные учреждения: бухгалтерский учет и налогообложение",
        "data": "./dumps/data90.json"
    },
    "Уровень": "1. разделы"
}{
    "url": "https://its.1c.ru/db/sovbuh/browse/13/-1/11",
    "Конечный url (для 302)": "https://its.1c.ru/db/sovbuh/browse/13/-1/11",
    "Title": "Ревизии и проверки финансово-хозяйственной деятельности",
    "File": "data266",
    "Первая ссылка на этот раздел": {
        "linkFirstMention": "https://its.1c.ru/db/sovbuh/browse/13/-1/11",
        "titleFirstMention": "Ревизии и проверки финансово-хозяйственной деятельности",
        "data": "./dumps/data91.json"
    },
    "Уровень": "1. разделы"
}{
    "url": "https://its.1c.ru/db/sovbuh/browse/13/-1/7",
    "Конечный url (для 302)": "https://its.1c.ru/db/sovbuh/browse/13/-1/7",
    "Title": "БУХ.1С - Бюджетный учет",
    "File": "data267",
    "Первая ссылка на этот раздел": {
        "linkFirstMention": "https://its.1c.ru/db/sovbuh/browse/13/-1/7",
        "titleFirstMention": "БУХ.1С - Бюджетный учет",
        "data": "./dumps/data92.json"
    },
    "Уровень": "1. разделы"
}{
    "url": "https://its.1c.ru/db/translate/?db=sprinfo&path=src%2F%EE%E1%F3%F7%E5%ED%E8%E5%FD%EA%E7%E0%EC%E5%ED%FB.htm&anchor=issogl13",
    "Конечный url (для 302)": "https://its.1c.ru/db/sprinfo/content/7/hdoc/issogl13",
    "Title": "Каталог печатных изданий и учебных пособий по продуктам \"1С:Предприятие\" издательства \"1С-Паблишинг\"",
    "File": "data268",
    "Первая ссылка на этот раздел": {
        "linkFirstMention": "https://its.1c.ru/db/sprinfo",
        "titleFirstMention": "Обучение, экзамены, справочная информация",
        "data": "./dumps/data35.json"
    },
    "Уровень": "1. разделы"
}{
    "url": "https://its.1c.ru/db/utovio",
    "Конечный url (для 302)": "https://its.1c.ru/db/utovio",
    "Title": "Управление торговыми операциями в вопросах и ответах",
    "File": "data292",
    "Первая ссылка на этот раздел": {
        "linkFirstMention": "https://its.1c.ru/db/utovio",
        "titleFirstMention": "Управление торговыми операциями в вопросах и ответах",
        "data": "./dumps/data7.json"
    },
    "Уровень": "1. разделы"
}{
    "url": "https://its.1c.ru/db/pubchaos2order",
    "Конечный url (для 302)": "https://its.1c.ru/db/pubchaos2order",
    "Title": "От хаоса к порядку. С 1С:УНФ. Реально",
    "File": "data297",
    "Первая ссылка на этот раздел": {
        "linkFirstMention": "https://its.1c.ru/db/pubchaos2order",
        "titleFirstMention": "От хаоса к порядку. С 1С:УНФ. Реально",
        "data": "./dumps/data198.json"
    },
    "Уровень": "1. разделы"
}{
    "url": "https://its.1c.ru/db/pubunfreal",
    "Конечный url (для 302)": "https://its.1c.ru/db/pubunfreal",
    "Title": "Реальная автоматизация малого бизнеса. 1С:Управление небольшой фирмой",
    "File": "data298",
    "Первая ссылка на этот раздел": {
        "linkFirstMention": "https://its.1c.ru/db/pubunfreal",
        "titleFirstMention": "Реальная автоматизация малого бизнеса. 1С:Управление небольшой фирмой",
        "data": "./dumps/data199.json"
    },
    "Уровень": "1. разделы"
}{
    "url": "https://its.1c.ru/db/medmethod/browse/13/-1/22",
    "Конечный url (для 302)": "https://its.1c.ru/db/medmethod/browse/13/-1/22",
    "Title": "Ведение учета в программе «1С:Медицина. Больница»",
    "File": "data330",
    "Первая ссылка на этот раздел": {
        "linkFirstMention": "https://its.1c.ru/db/medmethod/browse/13/-1/21",
        "titleFirstMention": "Ведение учета в программе «1С:Медицина. Поликлиника»",
        "data": "./dumps/data329.json"
    },
    "Уровень": "1. разделы"
}{
    "url": "https://its.1c.ru/db/translate/?db=partnerits&path=src%2F%EC%E0%F2%E5%F0%E8%E0%EB%FB%20%EF%EE%20%EF%F0%EE%E4%E0%E6%E0%EC%20%F1%E5%F0%E2%E8%F1%EE%E2.htm",
    "Конечный url (для 302)": "https://its.1c.ru/db/partnerits/content/2212/hdoc/",
    "Title": "Материалы по продажам сервисов",
    "File": "data437",
    "Первая ссылка на этот раздел": {
        "linkFirstMention": "https://its.1c.ru/db/partnerits",
        "titleFirstMention": "Справочник партнера по ИТС",
        "data": "./dumps/data436.json"
    },
    "Уровень": "1. разделы"
}{
    "url": "https://its.1c.ru/db/translate/?db=partnerits&path=src%2F1%F1-%EE%F4%E4.htm",
    "Конечный url (для 302)": "https://its.1c.ru/db/partnerits/content/1720/hdoc/",
    "Title": "1С-ОФД",
    "File": "data438",
    "Первая ссылка на этот раздел": {
        "linkFirstMention": "https://its.1c.ru/db/partnerits",
        "titleFirstMention": "Справочник партнера по ИТС",
        "data": "./dumps/data436.json"
    },
    "Уровень": "1. разделы"
}{
    "url": "https://its.1c.ru/db/translate/?db=partnerits&path=src%2F1%F1-%EA%E0%F1%F1%E0.htm",
    "Конечный url (для 302)": "https://its.1c.ru/db/partnerits/content/1969/hdoc/",
    "Title": "1С:Касса",
    "File": "data439",
    "Первая ссылка на этот раздел": {
        "linkFirstMention": "https://its.1c.ru/db/partnerits",
        "titleFirstMention": "Справочник партнера по ИТС",
        "data": "./dumps/data436.json"
    },
    "Уровень": "1. разделы"
}{
    "url": "https://its.1c.ru/db/translate/?db=partnerits&path=src%2F1%F1-%F2%EE%E2%E0%F0%FB.htm",
    "Конечный url (для 302)": "https://its.1c.ru/db/partnerits/content/1850/hdoc/",
    "Title": "1С-Товары",
    "File": "data440",
    "Первая ссылка на этот раздел": {
        "linkFirstMention": "https://its.1c.ru/db/partnerits",
        "titleFirstMention": "Справочник партнера по ИТС",
        "data": "./dumps/data436.json"
    },
    "Уровень": "1. разделы"
}{
    "url": "https://its.1c.ru/db/translate/?db=partnerits&path=src%2F1%F1-%EE%F2%F7%E5%F2%ED%EE%F1%F2%FC.htm",
    "Конечный url (для 302)": "https://its.1c.ru/db/partnerits/content/509/hdoc/",
    "Title": "1С-Отчетность",
    "File": "data441",
    "Первая ссылка на этот раздел": {
        "linkFirstMention": "https://its.1c.ru/db/partnerits",
        "titleFirstMention": "Справочник партнера по ИТС",
        "data": "./dumps/data436.json"
    },
    "Уровень": "1. разделы"
}{
    "url": "https://its.1c.ru/db/translate/?db=partnerits&path=src%2F1c%F2%E0%EA%F1%EA%EE%EC.htm",
    "Конечный url (для 302)": "https://its.1c.ru/db/partnerits/content/547/hdoc/",
    "Title": "1С-ЭДО (1С-Такском)",
    "File": "data442",
    "Первая ссылка на этот раздел": {
        "linkFirstMention": "https://its.1c.ru/db/partnerits",
        "titleFirstMention": "Справочник партнера по ИТС",
        "data": "./dumps/data436.json"
    },
    "Уровень": "1. разделы"
}{
    "url": "https://its.1c.ru/db/translate/?db=partnerits&path=src%2F%E1%F3%F5%F4%EE%ED.htm",
    "Конечный url (для 302)": "https://its.1c.ru/db/partnerits/content/670/hdoc/",
    "Title": "1С-Коннект (ранее 1С-Бухфон)",
    "File": "data443",
    "Первая ссылка на этот раздел": {
        "linkFirstMention": "https://its.1c.ru/db/partnerits",
        "titleFirstMention": "Справочник партнера по ИТС",
        "data": "./dumps/data436.json"
    },
    "Уровень": "1. разделы"
}{
    "url": "https://its.1c.ru/db/translate/?db=partnerits&path=src%2F1%F1-%EB%E8%ED%EA.htm",
    "Конечный url (для 302)": "https://its.1c.ru/db/partnerits/content/899/hdoc/",
    "Title": "1С:Линк",
    "File": "data444",
    "Первая ссылка на этот раздел": {
        "linkFirstMention": "https://its.1c.ru/db/partnerits",
        "titleFirstMention": "Справочник партнера по ИТС",
        "data": "./dumps/data436.json"
    },
    "Уровень": "1. разделы"
}{
    "url": "https://its.1c.ru/db/translate/?db=partnerits&path=src%2F1%F1-%EE%E1%EB%E0%F7%ED%FB%E9%20%E0%F0%F5%E8%E2.htm",
    "Конечный url (для 302)": "https://its.1c.ru/db/partnerits/content/969/hdoc/",
    "Title": "1С:Облачный архив",
    "File": "data445",
    "Первая ссылка на этот раздел": {
        "linkFirstMention": "https://its.1c.ru/db/partnerits",
        "titleFirstMention": "Справочник партнера по ИТС",
        "data": "./dumps/data436.json"
    },
    "Уровень": "1. разделы"
}{
    "url": "https://its.1c.ru/db/translate/?db=partnerits&path=src%2F1c%20%F7%E5%F0%E5%E7%20%E8%ED%F2%E5%F0%ED%E5%F2.htm",
    "Конечный url (для 302)": "https://its.1c.ru/db/partnerits/content/1014/hdoc/",
    "Title": "1С:Предприятие 8 через Интернет",
    "File": "data446",
    "Первая ссылка на этот раздел": {
        "linkFirstMention": "https://its.1c.ru/db/partnerits",
        "titleFirstMention": "Справочник партнера по ИТС",
        "data": "./dumps/data436.json"
    },
    "Уровень": "1. разделы"
}{
    "url": "https://its.1c.ru/db/translate/?db=partnerits&path=src%2F1%F1-%EF%EE%E4%EF%E8%F1%FC.htm",
    "Конечный url (для 302)": "https://its.1c.ru/db/partnerits/content/933/hdoc/",
    "Title": "1С:Подпись",
    "File": "data447",
    "Первая ссылка на этот раздел": {
        "linkFirstMention": "https://its.1c.ru/db/partnerits",
        "titleFirstMention": "Справочник партнера по ИТС",
        "data": "./dumps/data436.json"
    },
    "Уровень": "1. разделы"
}{
    "url": "https://its.1c.ru/db/translate/?db=partnerits&path=src%2F1%F1-%E8%F2%F1.htm",
    "Конечный url (для 302)": "https://its.1c.ru/db/partnerits/content/1227/hdoc/",
    "Title": "Информационная система 1С:ИТС",
    "File": "data448",
    "Первая ссылка на этот раздел": {
        "linkFirstMention": "https://its.1c.ru/db/partnerits",
        "titleFirstMention": "Справочник партнера по ИТС",
        "data": "./dumps/data436.json"
    },
    "Уровень": "1. разделы"
}{
    "url": "https://its.1c.ru/db/partnerits/content/1592/hdoc",
    "Конечный url (для 302)": "https://its.1c.ru/db/partnerits/content/1592/hdoc",
    "Title": "1СПАРК Риски",
    "File": "data449",
    "Первая ссылка на этот раздел": {
        "linkFirstMention": "https://its.1c.ru/db/partnerits",
        "titleFirstMention": "Справочник партнера по ИТС",
        "data": "./dumps/data436.json"
    },
    "Уровень": "1. разделы"
}{
    "url": "https://its.1c.ru/db/translate/?db=partnerits&path=src%2F%E0%F3%E4%E8%F2%EE%F0%200000000.htm",
    "Конечный url (для 302)": "https://its.1c.ru/db/partnerits/content/1434/hdoc/",
    "Title": "Отвечает аудитор (Россия)",
    "File": "data450",
    "Первая ссылка на этот раздел": {
        "linkFirstMention": "https://its.1c.ru/db/partnerits",
        "titleFirstMention": "Справочник партнера по ИТС",
        "data": "./dumps/data436.json"
    },
    "Уровень": "1. разделы"
}{
    "url": "https://its.1c.ru/db/translate/?db=partnerits&path=src%2F%EA%EE%ED%F1%F3%EB%FC%F2%E0%F6%E8%E8_%E0%F3%E4%E8%F2%EE%F0%E0_%F3%EA%F0.htm",
    "Конечный url (для 302)": "https://its.1c.ru/db/partnerits/content/1658/hdoc/",
    "Title": "Консультации аудитора (Украина)",
    "File": "data451",
    "Первая ссылка на этот раздел": {
        "linkFirstMention": "https://its.1c.ru/db/partnerits",
        "titleFirstMention": "Справочник партнера по ИТС",
        "data": "./dumps/data436.json"
    },
    "Уровень": "1. разделы"
}{
    "url": "https://its.1c.ru/db/translate/?db=partnerits&path=src%2F%EB%E5%EA%F2%200000000.htm",
    "Конечный url (для 302)": "https://its.1c.ru/db/partnerits/content/1310/hdoc/",
    "Title": "1С:Лекторий",
    "File": "data452",
    "Первая ссылка на этот раздел": {
        "linkFirstMention": "https://its.1c.ru/db/partnerits",
        "titleFirstMention": "Справочник партнера по ИТС",
        "data": "./dumps/data436.json"
    },
    "Уровень": "1. разделы"
}{
    "url": "https://its.1c.ru/db/translate/?db=partnerits&path=src%2F1%F1-%E8%F2%F1%20%EE%F2%F0%E0%F1%EB%E5%E2%EE%E9.htm",
    "Конечный url (для 302)": "https://its.1c.ru/db/partnerits/content/1290/hdoc/",
    "Title": "1С:ИТС Отраслевой",
    "File": "data453",
    "Первая ссылка на этот раздел": {
        "linkFirstMention": "https://its.1c.ru/db/partnerits",
        "titleFirstMention": "Справочник партнера по ИТС",
        "data": "./dumps/data436.json"
    },
    "Уровень": "1. разделы"
}{
    "url": "https://its.1c.ru/db/translate/?db=partnerits&path=src%2F1c-%EA%EE%ED%F2%F0%E0%E3%E5%ED%F2.htm",
    "Конечный url (для 302)": "https://its.1c.ru/db/partnerits/content/1322/hdoc/",
    "Title": "1С:Контрагент",
    "File": "data454",
    "Первая ссылка на этот раздел": {
        "linkFirstMention": "https://its.1c.ru/db/partnerits",
        "titleFirstMention": "Справочник партнера по ИТС",
        "data": "./dumps/data436.json"
    },
    "Уровень": "1. разделы"
}{
    "url": "https://its.1c.ru/db/translate/?db=partnerits&path=src%2F1c-%E1%E8%E7%ED%E5%F1_%F1%E5%F2%FC.htm",
    "Конечный url (для 302)": "https://its.1c.ru/db/partnerits/content/1553/hdoc/",
    "Title": "ЭДО без электронной подписи для участников 1С:Бизнес-сеть",
    "File": "data455",
    "Первая ссылка на этот раздел": {
        "linkFirstMention": "https://its.1c.ru/db/partnerits",
        "titleFirstMention": "Справочник партнера по ИТС",
        "data": "./dumps/data436.json"
    },
    "Уровень": "1. разделы"
}{
    "url": "https://its.1c.ru/db/translate/?db=partnerits&path=src%2F1c-%F1%E2%E5%F0%EA%E0.htm",
    "Конечный url (для 302)": "https://its.1c.ru/db/partnerits/content/1325/hdoc/",
    "Title": "1С:Сверка",
    "File": "data456",
    "Первая ссылка на этот раздел": {
        "linkFirstMention": "https://its.1c.ru/db/partnerits",
        "titleFirstMention": "Справочник партнера по ИТС",
        "data": "./dumps/data436.json"
    },
    "Уровень": "1. разделы"
}{
    "url": "https://its.1c.ru/db/partnerits/content/1489/hdoc",
    "Конечный url (для 302)": "https://its.1c.ru/db/partnerits/content/1489/hdoc",
    "Title": "1С-Финконтроль 8",
    "File": "data457",
    "Первая ссылка на этот раздел": {
        "linkFirstMention": "https://its.1c.ru/db/partnerits",
        "titleFirstMention": "Справочник партнера по ИТС",
        "data": "./dumps/data436.json"
    },
    "Уровень": "1. разделы"
}{
    "url": "https://its.1c.ru/db/partnerits/content/1482/hdoc ",
    "Конечный url (для 302)": "https://its.1c.ru/db/partnerits/content/1482/hdoc ",
    "Title": "1С:ДиректБанк",
    "File": "data458",
    "Первая ссылка на этот раздел": {
        "linkFirstMention": "https://its.1c.ru/db/partnerits",
        "titleFirstMention": "Справочник партнера по ИТС",
        "data": "./dumps/data436.json"
    },
    "Уровень": "1. разделы"
}{
    "url": "https://its.1c.ru/db/partnerits/content/1530/hdoc",
    "Конечный url (для 302)": "https://its.1c.ru/db/partnerits/content/1530/hdoc",
    "Title": "1С-UMI",
    "File": "data459",
    "Первая ссылка на этот раздел": {
        "linkFirstMention": "https://its.1c.ru/db/partnerits",
        "titleFirstMention": "Справочник партнера по ИТС",
        "data": "./dumps/data436.json"
    },
    "Уровень": "1. разделы"
}{
    "url": "https://its.1c.ru/db/translate/?db=partnerits&path=src%2F1%F1-%FD%F2%EF.htm",
    "Конечный url (для 302)": "https://its.1c.ru/db/partnerits/content/1426/hdoc/",
    "Title": "1С-ЭТП",
    "File": "data460",
    "Первая ссылка на этот раздел": {
        "linkFirstMention": "https://its.1c.ru/db/partnerits",
        "titleFirstMention": "Справочник партнера по ИТС",
        "data": "./dumps/data436.json"
    },
    "Уровень": "1. разделы"
}{
    "url": "https://its.1c.ru/db/translate/?db=partnerits&path=src%2F%EF%EE%F0%F2%E0%EB%201%F1-%E8%F2%F1.htm",
    "Конечный url (для 302)": "https://its.1c.ru/db/partnerits/content/1373/hdoc/",
    "Title": "Портал 1С:ИТС",
    "File": "data461",
    "Первая ссылка на этот раздел": {
        "linkFirstMention": "https://its.1c.ru/db/partnerits",
        "titleFirstMention": "Справочник партнера по ИТС",
        "data": "./dumps/data436.json"
    },
    "Уровень": "1. разделы"
}{
    "url": "https://its.1c.ru/db/partnerits/content/1468/1",
    "Конечный url (для 302)": "https://its.1c.ru/db/partnerits/content/1468/hdoc",
    "Title": "1С:Звіт",
    "File": "data462",
    "Первая ссылка на этот раздел": {
        "linkFirstMention": "https://its.1c.ru/db/partnerits",
        "titleFirstMention": "Справочник партнера по ИТС",
        "data": "./dumps/data436.json"
    },
    "Уровень": "1. разделы"
}{
    "url": "https://its.1c.ru/db/partnerits/content/1660/1",
    "Конечный url (для 302)": "https://its.1c.ru/db/partnerits/content/1660/hdoc",
    "Title": "1С-ABBYY Comparator",
    "File": "data463",
    "Первая ссылка на этот раздел": {
        "linkFirstMention": "https://its.1c.ru/db/partnerits",
        "titleFirstMention": "Справочник партнера по ИТС",
        "data": "./dumps/data436.json"
    },
    "Уровень": "1. разделы"
}{
    "url": "https://its.1c.ru/db/partnerits/content/1851/hdoc",
    "Конечный url (для 302)": "https://its.1c.ru/db/partnerits/content/1851/hdoc",
    "Title": "1С:Торговые предложения для участников 1С:Бизнес-сеть",
    "File": "data464",
    "Первая ссылка на этот раздел": {
        "linkFirstMention": "https://its.1c.ru/db/partnerits",
        "titleFirstMention": "Справочник партнера по ИТС",
        "data": "./dumps/data436.json"
    },
    "Уровень": "1. разделы"
}